[0.013s] Invoking command in '/home/jesuschrist/projects/beepboop3000/build/bb3': CMAKE_PREFIX_PATH=/opt/ros/foxy /usr/bin/cmake --build /home/jesuschrist/projects/beepboop3000/build/bb3 -- -j8 -l8
[0.041s] -- Found ament_cmake: 0.9.8 (/opt/ros/foxy/share/ament_cmake/cmake)
[0.061s] -- Using PYTHON_EXECUTABLE: /usr/bin/python3
[0.251s] -- Found rclcpp: 2.3.1 (/opt/ros/foxy/share/rclcpp/cmake)
[0.281s] -- Using all available rosidl_typesupport_c: rosidl_typesupport_fastrtps_c;rosidl_typesupport_introspection_c
[0.285s] -- Found rosidl_adapter: 1.2.1 (/opt/ros/foxy/share/rosidl_adapter/cmake)
[0.391s] -- Using all available rosidl_typesupport_cpp: rosidl_typesupport_fastrtps_cpp;rosidl_typesupport_introspection_cpp
[0.436s] -- Found rmw_implementation_cmake: 1.0.3 (/opt/ros/foxy/share/rmw_implementation_cmake/cmake)
[0.438s] -- Using RMW implementation 'rmw_fastrtps_cpp' as default
[0.568s] -- Found geometry_msgs: 2.0.4 (/opt/ros/foxy/share/geometry_msgs/cmake)
[0.607s] CMake Error at CMakeLists.txt:18 (find_package):
[0.607s]   By not providing "Findpigpio.cmake" in CMAKE_MODULE_PATH this project has
[0.608s]   asked CMake to find a package configuration file provided by "pigpio", but
[0.608s]   CMake did not find one.
[0.608s] 
[0.608s]   Could not find a package configuration file provided by "pigpio" with any
[0.608s]   of the following names:
[0.608s] 
[0.608s]     pigpioConfig.cmake
[0.608s]     pigpio-config.cmake
[0.609s] 
[0.609s]   Add the installation prefix of "pigpio" to CMAKE_PREFIX_PATH or set
[0.609s]   "pigpio_DIR" to a directory containing one of the above files.  If "pigpio"
[0.609s]   provides a separate development package or SDK, be sure it has been
[0.609s]   installed.
[0.609s] 
[0.609s] 
[0.609s] -- Configuring incomplete, errors occurred!
[0.610s] See also "/home/jesuschrist/projects/beepboop3000/build/bb3/CMakeFiles/CMakeOutput.log".
[0.610s] See also "/home/jesuschrist/projects/beepboop3000/build/bb3/CMakeFiles/CMakeError.log".
[0.617s] make: *** [Makefile:266: cmake_check_build_system] Error 1
[0.619s] Invoked command in '/home/jesuschrist/projects/beepboop3000/build/bb3' returned '2': CMAKE_PREFIX_PATH=/opt/ros/foxy /usr/bin/cmake --build /home/jesuschrist/projects/beepboop3000/build/bb3 -- -j8 -l8
