[35m[1mScanning dependencies of target bb3[0m
[ 50%] [32mBuilding CXX object CMakeFiles/bb3.dir/src/main.cpp.o[0m
[100%] [32m[1mLinking CXX executable bb3[0m
[100%] Built target bb3
-- Install configuration: ""
-- Installing: /home/jesuschrist/projects/beepboop3000/ros2_ws/install/bb3/lib/bb3/bb3
-- Set runtime path of "/home/jesuschrist/projects/beepboop3000/ros2_ws/install/bb3/lib/bb3/bb3" to ""
-- Up-to-date: /home/jesuschrist/projects/beepboop3000/ros2_ws/install/bb3/share/ament_index/resource_index/package_run_dependencies/bb3
-- Installing: /home/jesuschrist/projects/beepboop3000/ros2_ws/install/bb3/share/ament_index/resource_index/parent_prefix_path/bb3
-- Up-to-date: /home/jesuschrist/projects/beepboop3000/ros2_ws/install/bb3/share/bb3/environment/ament_prefix_path.sh
-- Installing: /home/jesuschrist/projects/beepboop3000/ros2_ws/install/bb3/share/bb3/environment/ament_prefix_path.dsv
-- Up-to-date: /home/jesuschrist/projects/beepboop3000/ros2_ws/install/bb3/share/bb3/environment/path.sh
-- Installing: /home/jesuschrist/projects/beepboop3000/ros2_ws/install/bb3/share/bb3/environment/path.dsv
-- Up-to-date: /home/jesuschrist/projects/beepboop3000/ros2_ws/install/bb3/share/bb3/local_setup.bash
-- Up-to-date: /home/jesuschrist/projects/beepboop3000/ros2_ws/install/bb3/share/bb3/local_setup.sh
-- Up-to-date: /home/jesuschrist/projects/beepboop3000/ros2_ws/install/bb3/share/bb3/local_setup.zsh
-- Installing: /home/jesuschrist/projects/beepboop3000/ros2_ws/install/bb3/share/bb3/local_setup.dsv
-- Installing: /home/jesuschrist/projects/beepboop3000/ros2_ws/install/bb3/share/bb3/package.dsv
-- Up-to-date: /home/jesuschrist/projects/beepboop3000/ros2_ws/install/bb3/share/ament_index/resource_index/packages/bb3
-- Up-to-date: /home/jesuschrist/projects/beepboop3000/ros2_ws/install/bb3/share/bb3/cmake/bb3Config.cmake
-- Up-to-date: /home/jesuschrist/projects/beepboop3000/ros2_ws/install/bb3/share/bb3/cmake/bb3Config-version.cmake
-- Up-to-date: /home/jesuschrist/projects/beepboop3000/ros2_ws/install/bb3/share/bb3/package.xml
