[0.015s] Invoking command in '/home/jesuschrist/projects/beepboop3000/ros2_ws/build/bb3': CMAKE_PREFIX_PATH=${CMAKE_PREFIX_PATH}:/opt/ros/foxy /usr/bin/cmake --build /home/jesuschrist/projects/beepboop3000/ros2_ws/build/bb3 -- -j8 -l8
[0.055s] [35m[1mScanning dependencies of target bb3[0m
[0.082s] [ 50%] [32mBuilding CXX object CMakeFiles/bb3.dir/src/main.cpp.o[0m
[4.426s] [100%] [32m[1mLinking CXX executable bb3[0m
[4.686s] [100%] Built target bb3
[4.699s] Invoked command in '/home/jesuschrist/projects/beepboop3000/ros2_ws/build/bb3' returned '0': CMAKE_PREFIX_PATH=${CMAKE_PREFIX_PATH}:/opt/ros/foxy /usr/bin/cmake --build /home/jesuschrist/projects/beepboop3000/ros2_ws/build/bb3 -- -j8 -l8
[4.730s] Invoking command in '/home/jesuschrist/projects/beepboop3000/ros2_ws/build/bb3': CMAKE_PREFIX_PATH=${CMAKE_PREFIX_PATH}:/opt/ros/foxy /usr/bin/cmake --install /home/jesuschrist/projects/beepboop3000/ros2_ws/build/bb3
[4.739s] -- Install configuration: ""
[4.740s] -- Installing: /home/jesuschrist/projects/beepboop3000/ros2_ws/install/bb3/lib/bb3/bb3
[4.742s] -- Set runtime path of "/home/jesuschrist/projects/beepboop3000/ros2_ws/install/bb3/lib/bb3/bb3" to ""
[4.742s] -- Up-to-date: /home/jesuschrist/projects/beepboop3000/ros2_ws/install/bb3/share/ament_index/resource_index/package_run_dependencies/bb3
[4.742s] -- Installing: /home/jesuschrist/projects/beepboop3000/ros2_ws/install/bb3/share/ament_index/resource_index/parent_prefix_path/bb3
[4.742s] -- Up-to-date: /home/jesuschrist/projects/beepboop3000/ros2_ws/install/bb3/share/bb3/environment/ament_prefix_path.sh
[4.742s] -- Installing: /home/jesuschrist/projects/beepboop3000/ros2_ws/install/bb3/share/bb3/environment/ament_prefix_path.dsv
[4.742s] -- Up-to-date: /home/jesuschrist/projects/beepboop3000/ros2_ws/install/bb3/share/bb3/environment/path.sh
[4.742s] -- Installing: /home/jesuschrist/projects/beepboop3000/ros2_ws/install/bb3/share/bb3/environment/path.dsv
[4.742s] -- Up-to-date: /home/jesuschrist/projects/beepboop3000/ros2_ws/install/bb3/share/bb3/local_setup.bash
[4.742s] -- Up-to-date: /home/jesuschrist/projects/beepboop3000/ros2_ws/install/bb3/share/bb3/local_setup.sh
[4.742s] -- Up-to-date: /home/jesuschrist/projects/beepboop3000/ros2_ws/install/bb3/share/bb3/local_setup.zsh
[4.743s] -- Installing: /home/jesuschrist/projects/beepboop3000/ros2_ws/install/bb3/share/bb3/local_setup.dsv
[4.743s] -- Installing: /home/jesuschrist/projects/beepboop3000/ros2_ws/install/bb3/share/bb3/package.dsv
[4.743s] -- Up-to-date: /home/jesuschrist/projects/beepboop3000/ros2_ws/install/bb3/share/ament_index/resource_index/packages/bb3
[4.743s] -- Up-to-date: /home/jesuschrist/projects/beepboop3000/ros2_ws/install/bb3/share/bb3/cmake/bb3Config.cmake
[4.743s] -- Up-to-date: /home/jesuschrist/projects/beepboop3000/ros2_ws/install/bb3/share/bb3/cmake/bb3Config-version.cmake
[4.743s] -- Up-to-date: /home/jesuschrist/projects/beepboop3000/ros2_ws/install/bb3/share/bb3/package.xml
[4.745s] Invoked command in '/home/jesuschrist/projects/beepboop3000/ros2_ws/build/bb3' returned '0': CMAKE_PREFIX_PATH=${CMAKE_PREFIX_PATH}:/opt/ros/foxy /usr/bin/cmake --install /home/jesuschrist/projects/beepboop3000/ros2_ws/build/bb3
