[0.017s] Invoking command in '/home/jesuschrist/projects/beepboop3000/build/bb3': CMAKE_PREFIX_PATH=${CMAKE_PREFIX_PATH}:/opt/ros/foxy /usr/bin/cmake --build /home/jesuschrist/projects/beepboop3000/build/bb3 -- -j8 -l8
[0.040s] -- Found ament_cmake: 0.9.8 (/opt/ros/foxy/share/ament_cmake/cmake)
[0.061s] -- Using PYTHON_EXECUTABLE: /usr/bin/python3
[0.223s] -- Found rclcpp: 2.3.1 (/opt/ros/foxy/share/rclcpp/cmake)
[0.254s] -- Using all available rosidl_typesupport_c: rosidl_typesupport_fastrtps_c;rosidl_typesupport_introspection_c
[0.258s] -- Found rosidl_adapter: 1.2.1 (/opt/ros/foxy/share/rosidl_adapter/cmake)
[0.363s] -- Using all available rosidl_typesupport_cpp: rosidl_typesupport_fastrtps_cpp;rosidl_typesupport_introspection_cpp
[0.410s] -- Found rmw_implementation_cmake: 1.0.3 (/opt/ros/foxy/share/rmw_implementation_cmake/cmake)
[0.411s] -- Using RMW implementation 'rmw_fastrtps_cpp' as default
[0.544s] -- Found geometry_msgs: 2.0.4 (/opt/ros/foxy/share/geometry_msgs/cmake)
[0.635s] -- Configuring done
[0.643s] -- Generating done
[0.644s] -- Build files have been written to: /home/jesuschrist/projects/beepboop3000/build/bb3
[0.691s] [ 50%] [32m[1mLinking CXX executable bb3[0m
[0.924s] /usr/bin/ld: CMakeFiles/bb3.dir/src/main.cpp.o: in function `main':
[0.925s] main.cpp:(.text+0x1bc): undefined reference to `gpioInitialise'
[0.925s] /usr/bin/ld: CMakeFiles/bb3.dir/src/main.cpp.o: in function `Motor::Motor(int, int, int)':
[0.925s] main.cpp:(.text._ZN5MotorC2Eiii[_ZN5MotorC5Eiii]+0x41): undefined reference to `gpioSetMode'
[0.925s] /usr/bin/ld: main.cpp:(.text._ZN5MotorC2Eiii[_ZN5MotorC5Eiii]+0x50): undefined reference to `gpioSetMode'
[0.925s] /usr/bin/ld: main.cpp:(.text._ZN5MotorC2Eiii[_ZN5MotorC5Eiii]+0x5f): undefined reference to `gpioSetMode'
[0.925s] /usr/bin/ld: CMakeFiles/bb3.dir/src/main.cpp.o: in function `Motor::set_off()':
[0.925s] main.cpp:(.text._ZN5Motor7set_offEv[_ZN5Motor7set_offEv]+0x1f): undefined reference to `gpioWrite'
[0.925s] /usr/bin/ld: main.cpp:(.text._ZN5Motor7set_offEv[_ZN5Motor7set_offEv]+0x31): undefined reference to `gpioWrite'
[0.925s] /usr/bin/ld: main.cpp:(.text._ZN5Motor7set_offEv[_ZN5Motor7set_offEv]+0x44): undefined reference to `gpioPWM'
[0.925s] /usr/bin/ld: CMakeFiles/bb3.dir/src/main.cpp.o: in function `Motor::set_high(int)':
[0.925s] main.cpp:(.text._ZN5Motor8set_highEi[_ZN5Motor8set_highEi]+0x22): undefined reference to `gpioWrite'
[0.925s] /usr/bin/ld: main.cpp:(.text._ZN5Motor8set_highEi[_ZN5Motor8set_highEi]+0x34): undefined reference to `gpioWrite'
[0.925s] /usr/bin/ld: main.cpp:(.text._ZN5Motor8set_highEi[_ZN5Motor8set_highEi]+0x47): undefined reference to `gpioPWM'
[0.925s] /usr/bin/ld: CMakeFiles/bb3.dir/src/main.cpp.o: in function `Motor::set_low(int)':
[0.925s] main.cpp:(.text._ZN5Motor7set_lowEi[_ZN5Motor7set_lowEi]+0x22): undefined reference to `gpioWrite'
[0.926s] /usr/bin/ld: main.cpp:(.text._ZN5Motor7set_lowEi[_ZN5Motor7set_lowEi]+0x34): undefined reference to `gpioWrite'
[0.926s] /usr/bin/ld: main.cpp:(.text._ZN5Motor7set_lowEi[_ZN5Motor7set_lowEi]+0x47): undefined reference to `gpioPWM'
[0.926s] collect2: error: ld returned 1 exit status
[0.927s] make[2]: *** [CMakeFiles/bb3.dir/build.make:136: bb3] Error 1
[0.927s] make[1]: *** [CMakeFiles/Makefile2:78: CMakeFiles/bb3.dir/all] Error 2
[0.927s] make: *** [Makefile:141: all] Error 2
[0.929s] Invoked command in '/home/jesuschrist/projects/beepboop3000/build/bb3' returned '2': CMAKE_PREFIX_PATH=${CMAKE_PREFIX_PATH}:/opt/ros/foxy /usr/bin/cmake --build /home/jesuschrist/projects/beepboop3000/build/bb3 -- -j8 -l8
