[0.012s] Invoking command in '/home/jesuschrist/project/beepboop3000/ros2_ws/build/cpp_pubsub': CMAKE_PREFIX_PATH=/opt/ros/foxy /usr/bin/cmake /home/jesuschrist/project/beepboop3000/ros2_ws/cpp_pubsub -DCMAKE_INSTALL_PREFIX=/home/jesuschrist/project/beepboop3000/ros2_ws/install/cpp_pubsub
[0.119s] -- The C compiler identification is GNU 9.3.0
[0.181s] -- The CXX compiler identification is GNU 9.3.0
[0.186s] -- Check for working C compiler: /usr/bin/cc
[0.250s] -- Check for working C compiler: /usr/bin/cc -- works
[0.251s] -- Detecting C compiler ABI info
[0.314s] -- Detecting C compiler ABI info - done
[0.325s] -- Detecting C compile features
[0.325s] -- Detecting C compile features - done
[0.327s] -- Check for working CXX compiler: /usr/bin/c++
[0.400s] -- Check for working CXX compiler: /usr/bin/c++ -- works
[0.401s] -- Detecting CXX compiler ABI info
[0.471s] -- Detecting CXX compiler ABI info - done
[0.483s] -- Detecting CXX compile features
[0.484s] -- Detecting CXX compile features - done
[0.486s] -- Found ament_cmake: 0.9.8 (/opt/ros/foxy/share/ament_cmake/cmake)
[0.507s] -- Found PythonInterp: /usr/bin/python3 (found suitable version "3.8.5", minimum required is "3") 
[0.507s] -- Using PYTHON_EXECUTABLE: /usr/bin/python3
[0.689s] -- Found ament_lint_auto: 0.9.6 (/opt/ros/foxy/share/ament_lint_auto/cmake)
[0.753s] -- Added test 'copyright' to check source files copyright and LICENSE
[0.754s] -- Added test 'cppcheck' to perform static code analysis on C / C++ code
[0.754s] -- Configured cppcheck include dirs: 
[0.754s] -- Configured cppcheck exclude dirs and/or files: 
[0.755s] -- Added test 'cpplint' to check C / C++ code against the Google style
[0.756s] -- Configured cpplint exclude dirs and/or files: 
[0.756s] -- Added test 'lint_cmake' to check CMake code style
[0.757s] -- Added test 'uncrustify' to check C / C++ code style
[0.757s] -- Configured uncrustify additional arguments: 
[0.758s] -- Added test 'xmllint' to check XML markup files
[0.760s] -- Configuring done
[0.762s] -- Generating done
[0.763s] -- Build files have been written to: /home/jesuschrist/project/beepboop3000/ros2_ws/build/cpp_pubsub
[0.770s] Invoked command in '/home/jesuschrist/project/beepboop3000/ros2_ws/build/cpp_pubsub' returned '0': CMAKE_PREFIX_PATH=/opt/ros/foxy /usr/bin/cmake /home/jesuschrist/project/beepboop3000/ros2_ws/cpp_pubsub -DCMAKE_INSTALL_PREFIX=/home/jesuschrist/project/beepboop3000/ros2_ws/install/cpp_pubsub
[0.771s] Invoking command in '/home/jesuschrist/project/beepboop3000/ros2_ws/build/cpp_pubsub': CMAKE_PREFIX_PATH=/opt/ros/foxy /usr/bin/cmake --build /home/jesuschrist/project/beepboop3000/ros2_ws/build/cpp_pubsub -- -j8 -l8
[0.806s] Invoked command in '/home/jesuschrist/project/beepboop3000/ros2_ws/build/cpp_pubsub' returned '0': CMAKE_PREFIX_PATH=/opt/ros/foxy /usr/bin/cmake --build /home/jesuschrist/project/beepboop3000/ros2_ws/build/cpp_pubsub -- -j8 -l8
[0.835s] Invoking command in '/home/jesuschrist/project/beepboop3000/ros2_ws/build/cpp_pubsub': CMAKE_PREFIX_PATH=/opt/ros/foxy /usr/bin/cmake --install /home/jesuschrist/project/beepboop3000/ros2_ws/build/cpp_pubsub
[0.842s] -- Install configuration: ""
[0.842s] -- Installing: /home/jesuschrist/project/beepboop3000/ros2_ws/install/cpp_pubsub/share/ament_index/resource_index/package_run_dependencies/cpp_pubsub
[0.842s] -- Installing: /home/jesuschrist/project/beepboop3000/ros2_ws/install/cpp_pubsub/share/ament_index/resource_index/parent_prefix_path/cpp_pubsub
[0.843s] -- Installing: /home/jesuschrist/project/beepboop3000/ros2_ws/install/cpp_pubsub/share/cpp_pubsub/environment/ament_prefix_path.sh
[0.843s] -- Installing: /home/jesuschrist/project/beepboop3000/ros2_ws/install/cpp_pubsub/share/cpp_pubsub/environment/ament_prefix_path.dsv
[0.843s] -- Installing: /home/jesuschrist/project/beepboop3000/ros2_ws/install/cpp_pubsub/share/cpp_pubsub/environment/path.sh
[0.843s] -- Installing: /home/jesuschrist/project/beepboop3000/ros2_ws/install/cpp_pubsub/share/cpp_pubsub/environment/path.dsv
[0.843s] -- Installing: /home/jesuschrist/project/beepboop3000/ros2_ws/install/cpp_pubsub/share/cpp_pubsub/local_setup.bash
[0.843s] -- Installing: /home/jesuschrist/project/beepboop3000/ros2_ws/install/cpp_pubsub/share/cpp_pubsub/local_setup.sh
[0.843s] -- Installing: /home/jesuschrist/project/beepboop3000/ros2_ws/install/cpp_pubsub/share/cpp_pubsub/local_setup.zsh
[0.843s] -- Installing: /home/jesuschrist/project/beepboop3000/ros2_ws/install/cpp_pubsub/share/cpp_pubsub/local_setup.dsv
[0.843s] -- Installing: /home/jesuschrist/project/beepboop3000/ros2_ws/install/cpp_pubsub/share/cpp_pubsub/package.dsv
[0.844s] -- Installing: /home/jesuschrist/project/beepboop3000/ros2_ws/install/cpp_pubsub/share/ament_index/resource_index/packages/cpp_pubsub
[0.844s] -- Installing: /home/jesuschrist/project/beepboop3000/ros2_ws/install/cpp_pubsub/share/cpp_pubsub/cmake/cpp_pubsubConfig.cmake
[0.844s] -- Installing: /home/jesuschrist/project/beepboop3000/ros2_ws/install/cpp_pubsub/share/cpp_pubsub/cmake/cpp_pubsubConfig-version.cmake
[0.844s] -- Installing: /home/jesuschrist/project/beepboop3000/ros2_ws/install/cpp_pubsub/share/cpp_pubsub/package.xml
[0.846s] Invoked command in '/home/jesuschrist/project/beepboop3000/ros2_ws/build/cpp_pubsub' returned '0': CMAKE_PREFIX_PATH=/opt/ros/foxy /usr/bin/cmake --install /home/jesuschrist/project/beepboop3000/ros2_ws/build/cpp_pubsub
