In file included from [01m[K/home/jesuschrist/projects/beepboop3000/ros2_ws/src/bb3/src/main.cpp:1[m[K:
[01m[K/home/jesuschrist/projects/beepboop3000/ros2_ws/src/bb3/src/Vehicle.h:[m[K In constructor ‘[01m[KVehicle::Vehicle(int, std::string, Motor, Motor, Motor, Motor)[m[K’:
[01m[K/home/jesuschrist/projects/beepboop3000/ros2_ws/src/bb3/src/Vehicle.h:17:6:[m[K [01;35m[Kwarning: [m[K‘[01m[KVehicle::pi[m[K’ will be initialized after [[01;35m[K-Wreorder[m[K]
   17 |  int [01;35m[Kpi[m[K;
      |      [01;35m[K^~[m[K
[01m[K/home/jesuschrist/projects/beepboop3000/ros2_ws/src/bb3/src/Vehicle.h:62:50:[m[K [01;35m[Kwarning: [m[K  base ‘[01m[Krclcpp::Node[m[K’ [[01;35m[K-Wreorder[m[K]
   62 |   right_top(right_top), right_bottom(right_bottom[01;35m[K)[m[K
      |                                                  [01;35m[K^[m[K
[01m[K/home/jesuschrist/projects/beepboop3000/ros2_ws/src/bb3/src/Vehicle.h:59:2:[m[K [01;35m[Kwarning: [m[K  when initialized here [[01;35m[K-Wreorder[m[K]
   59 |  [01;35m[KVehicle[m[K(int pi, std::string name, Motor left_top, Motor left_bottom, Motor right_top, Motor right_bottom)
      |  [01;35m[K^~~~~~~[m[K
/usr/bin/ld: CMakeFiles/bb3.dir/src/main.cpp.o: in function `Motor::set_off()':
main.cpp:(.text._ZN5Motor7set_offEv[_ZN5Motor7set_offEv]+0x1f): undefined reference to `gpioWrite'
/usr/bin/ld: main.cpp:(.text._ZN5Motor7set_offEv[_ZN5Motor7set_offEv]+0x32): undefined reference to `gpioWrite'
/usr/bin/ld: main.cpp:(.text._ZN5Motor7set_offEv[_ZN5Motor7set_offEv]+0x45): undefined reference to `gpioPWM'
/usr/bin/ld: CMakeFiles/bb3.dir/src/main.cpp.o: in function `Motor::set_high(int)':
main.cpp:(.text._ZN5Motor8set_highEi[_ZN5Motor8set_highEi]+0x22): undefined reference to `gpioWrite'
/usr/bin/ld: main.cpp:(.text._ZN5Motor8set_highEi[_ZN5Motor8set_highEi]+0x35): undefined reference to `gpioWrite'
/usr/bin/ld: main.cpp:(.text._ZN5Motor8set_highEi[_ZN5Motor8set_highEi]+0x48): undefined reference to `gpioPWM'
/usr/bin/ld: CMakeFiles/bb3.dir/src/main.cpp.o: in function `Motor::set_low(int)':
main.cpp:(.text._ZN5Motor7set_lowEi[_ZN5Motor7set_lowEi]+0x22): undefined reference to `gpioWrite'
/usr/bin/ld: main.cpp:(.text._ZN5Motor7set_lowEi[_ZN5Motor7set_lowEi]+0x35): undefined reference to `gpioWrite'
/usr/bin/ld: main.cpp:(.text._ZN5Motor7set_lowEi[_ZN5Motor7set_lowEi]+0x48): undefined reference to `gpioPWM'
collect2: error: ld returned 1 exit status
make[2]: *** [CMakeFiles/bb3.dir/build.make:136: bb3] Error 1
make[1]: *** [CMakeFiles/Makefile2:78: CMakeFiles/bb3.dir/all] Error 2
make: *** [Makefile:141: all] Error 2
