[0.015s] Invoking command in '/home/jesuschrist/projects/beepboop3000/ros2_ws/build/bb3': CMAKE_PREFIX_PATH=${CMAKE_PREFIX_PATH}:/opt/ros/foxy /usr/bin/cmake --build /home/jesuschrist/projects/beepboop3000/ros2_ws/build/bb3 -- -j8 -l8
[0.054s] [35m[1mScanning dependencies of target bb3[0m
[0.079s] [ 50%] [32mBuilding CXX object CMakeFiles/bb3.dir/src/main.cpp.o[0m
[4.431s] [100%] [32m[1mLinking CXX executable bb3[0m
[4.686s] /usr/bin/ld: CMakeFiles/bb3.dir/src/main.cpp.o: in function `main':
[4.687s] main.cpp:(.text+0x1b7): undefined reference to `pigpio_start'
[4.687s] /usr/bin/ld: CMakeFiles/bb3.dir/src/main.cpp.o: in function `Motor::Motor(int, int, int, int)':
[4.687s] main.cpp:(.text._ZN5MotorC2Eiiii[_ZN5MotorC5Eiiii]+0x54): undefined reference to `set_mode'
[4.687s] /usr/bin/ld: main.cpp:(.text._ZN5MotorC2Eiiii[_ZN5MotorC5Eiiii]+0x68): undefined reference to `set_mode'
[4.687s] /usr/bin/ld: main.cpp:(.text._ZN5MotorC2Eiiii[_ZN5MotorC5Eiiii]+0x7c): undefined reference to `set_mode'
[4.687s] /usr/bin/ld: CMakeFiles/bb3.dir/src/main.cpp.o: in function `Motor::set_off()':
[4.687s] main.cpp:(.text._ZN5Motor7set_offEv[_ZN5Motor7set_offEv]+0x29): undefined reference to `gpio_write'
[4.687s] /usr/bin/ld: main.cpp:(.text._ZN5Motor7set_offEv[_ZN5Motor7set_offEv]+0x46): undefined reference to `gpio_write'
[4.687s] /usr/bin/ld: main.cpp:(.text._ZN5Motor7set_offEv[_ZN5Motor7set_offEv]+0x63): undefined reference to `set_PWM_dutycycle'
[4.687s] /usr/bin/ld: CMakeFiles/bb3.dir/src/main.cpp.o: in function `Motor::set_high(int)':
[4.687s] main.cpp:(.text._ZN5Motor8set_highEi[_ZN5Motor8set_highEi]+0x2c): undefined reference to `gpio_write'
[4.687s] /usr/bin/ld: main.cpp:(.text._ZN5Motor8set_highEi[_ZN5Motor8set_highEi]+0x49): undefined reference to `gpio_write'
[4.687s] /usr/bin/ld: main.cpp:(.text._ZN5Motor8set_highEi[_ZN5Motor8set_highEi]+0x64): undefined reference to `set_PWM_dutycycle'
[4.687s] /usr/bin/ld: CMakeFiles/bb3.dir/src/main.cpp.o: in function `Motor::set_low(int)':
[4.688s] main.cpp:(.text._ZN5Motor7set_lowEi[_ZN5Motor7set_lowEi]+0x2c): undefined reference to `gpio_write'
[4.688s] /usr/bin/ld: main.cpp:(.text._ZN5Motor7set_lowEi[_ZN5Motor7set_lowEi]+0x49): undefined reference to `gpio_write'
[4.688s] /usr/bin/ld: main.cpp:(.text._ZN5Motor7set_lowEi[_ZN5Motor7set_lowEi]+0x64): undefined reference to `set_PWM_dutycycle'
[4.688s] collect2: error: ld returned 1 exit status
[4.689s] make[2]: *** [CMakeFiles/bb3.dir/build.make:136: bb3] Error 1
[4.689s] make[1]: *** [CMakeFiles/Makefile2:78: CMakeFiles/bb3.dir/all] Error 2
[4.689s] make: *** [Makefile:141: all] Error 2
[4.692s] Invoked command in '/home/jesuschrist/projects/beepboop3000/ros2_ws/build/bb3' returned '2': CMAKE_PREFIX_PATH=${CMAKE_PREFIX_PATH}:/opt/ros/foxy /usr/bin/cmake --build /home/jesuschrist/projects/beepboop3000/ros2_ws/build/bb3 -- -j8 -l8
