[0.014s] Invoking command in '/home/jesuschrist/projects/beepboop3000/ros2_ws/build/bb3': CMAKE_PREFIX_PATH=${CMAKE_PREFIX_PATH}:/opt/ros/foxy /usr/bin/cmake --build /home/jesuschrist/projects/beepboop3000/ros2_ws/build/bb3 -- -j8 -l8
[0.041s] -- Found ament_cmake: 0.9.8 (/opt/ros/foxy/share/ament_cmake/cmake)
[0.061s] -- Using PYTHON_EXECUTABLE: /usr/bin/python3
[0.225s] -- Found rclcpp: 2.3.1 (/opt/ros/foxy/share/rclcpp/cmake)
[0.255s] -- Using all available rosidl_typesupport_c: rosidl_typesupport_fastrtps_c;rosidl_typesupport_introspection_c
[0.259s] -- Found rosidl_adapter: 1.2.1 (/opt/ros/foxy/share/rosidl_adapter/cmake)
[0.364s] -- Using all available rosidl_typesupport_cpp: rosidl_typesupport_fastrtps_cpp;rosidl_typesupport_introspection_cpp
[0.410s] -- Found rmw_implementation_cmake: 1.0.3 (/opt/ros/foxy/share/rmw_implementation_cmake/cmake)
[0.411s] -- Using RMW implementation 'rmw_fastrtps_cpp' as default
[0.540s] -- Found geometry_msgs: 2.0.4 (/opt/ros/foxy/share/geometry_msgs/cmake)
[0.579s] CMake Error at CMakeLists.txt:19 (find_package):
[0.579s]   By not providing "Findpigpiod.cmake" in CMAKE_MODULE_PATH this project has
[0.579s]   asked CMake to find a package configuration file provided by "pigpiod", but
[0.579s]   CMake did not find one.
[0.579s] 
[0.579s]   Could not find a package configuration file provided by "pigpiod" with any
[0.579s]   of the following names:
[0.579s] 
[0.581s]     pigpiodConfig.cmake
[0.582s]     pigpiod-config.cmake
[0.582s] 
[0.582s]   Add the installation prefix of "pigpiod" to CMAKE_PREFIX_PATH or set
[0.582s]   "pigpiod_DIR" to a directory containing one of the above files.  If
[0.582s]   "pigpiod" provides a separate development package or SDK, be sure it has
[0.582s]   been installed.
[0.582s] 
[0.582s] 
[0.582s] -- Configuring incomplete, errors occurred!
[0.582s] See also "/home/jesuschrist/projects/beepboop3000/ros2_ws/build/bb3/CMakeFiles/CMakeOutput.log".
[0.582s] See also "/home/jesuschrist/projects/beepboop3000/ros2_ws/build/bb3/CMakeFiles/CMakeError.log".
[0.587s] make: *** [Makefile:266: cmake_check_build_system] Error 1
[0.589s] Invoked command in '/home/jesuschrist/projects/beepboop3000/ros2_ws/build/bb3' returned '2': CMAKE_PREFIX_PATH=${CMAKE_PREFIX_PATH}:/opt/ros/foxy /usr/bin/cmake --build /home/jesuschrist/projects/beepboop3000/ros2_ws/build/bb3 -- -j8 -l8
