-- Found ament_cmake: 0.9.8 (/opt/ros/foxy/share/ament_cmake/cmake)
-- Using PYTHON_EXECUTABLE: /usr/bin/python3
-- Found rclcpp: 2.3.1 (/opt/ros/foxy/share/rclcpp/cmake)
-- Using all available rosidl_typesupport_c: rosidl_typesupport_fastrtps_c;rosidl_typesupport_introspection_c
-- Found rosidl_adapter: 1.2.1 (/opt/ros/foxy/share/rosidl_adapter/cmake)
-- Using all available rosidl_typesupport_cpp: rosidl_typesupport_fastrtps_cpp;rosidl_typesupport_introspection_cpp
-- Found rmw_implementation_cmake: 1.0.3 (/opt/ros/foxy/share/rmw_implementation_cmake/cmake)
-- Using RMW implementation 'rmw_fastrtps_cpp' as default
-- Found geometry_msgs: 2.0.4 (/opt/ros/foxy/share/geometry_msgs/cmake)
-- Found pigpio: /usr/local/include  
-- Found ament_lint_auto: 0.9.6 (/opt/ros/foxy/share/ament_lint_auto/cmake)
-- Added test 'copyright' to check source files copyright and LICENSE
-- Added test 'cppcheck' to perform static code analysis on C / C++ code
-- Configured cppcheck include dirs: 
-- Configured cppcheck exclude dirs and/or files: 
-- Added test 'cpplint' to check C / C++ code against the Google style
-- Configured cpplint exclude dirs and/or files: 
-- Added test 'lint_cmake' to check CMake code style
-- Added test 'uncrustify' to check C / C++ code style
-- Configured uncrustify additional arguments: 
-- Added test 'xmllint' to check XML markup files
-- Configuring done
-- Generating done
-- Build files have been written to: /home/jesuschrist/projects/beepboop3000/build/bb3
[35m[1mScanning dependencies of target bb3[0m
[ 50%] [32mBuilding CXX object CMakeFiles/bb3.dir/src/main.cpp.o[0m
In file included from [01m[K/home/jesuschrist/projects/beepboop3000/ros2_ws/src/bb3/src/Motor.h:2[m[K,
                 from [01m[K/home/jesuschrist/projects/beepboop3000/ros2_ws/src/bb3/src/Vehicle.h:1[m[K,
                 from [01m[K/home/jesuschrist/projects/beepboop3000/ros2_ws/src/bb3/src/main.cpp:1[m[K:
[01m[K/home/jesuschrist/projects/beepboop3000/ros2_ws/src/bb3/src/pigpio.h:4528:6:[m[K [01;35m[Kwarning: [m[K"/*" within comment [[01;35m[K-Wcomment[m[K]
 4528 | /home/* n
      |       
[01m[K/home/jesuschrist/projects/beepboop3000/ros2_ws/src/bb3/src/pigpio.h:4529:22:[m[K [01;35m[Kwarning: [m[K"/*" within comment [[01;35m[K-Wcomment[m[K]
 4529 | /home/pi/shared/dir_1/* w
      |                       
[01m[K/home/jesuschrist/projects/beepboop3000/ros2_ws/src/bb3/src/pigpio.h:4530:22:[m[K [01;35m[Kwarning: [m[K"/*" within comment [[01;35m[K-Wcomment[m[K]
 4530 | /home/pi/shared/dir_2/* r
      |                       
[01m[K/home/jesuschrist/projects/beepboop3000/ros2_ws/src/bb3/src/pigpio.h:4531:22:[m[K [01;35m[Kwarning: [m[K"/*" within comment [[01;35m[K-Wcomment[m[K]
 4531 | /home/pi/shared/dir_3/* u
      |                       
[01m[K/home/jesuschrist/projects/beepboop3000/ros2_ws/src/bb3/src/pigpio.h:4584:11:[m[K [01;35m[Kwarning: [m[K"/*" within comment [[01;35m[K-Wcomment[m[K]
 4584 |    // /ram/*.c r
      |            
[01m[K/home/jesuschrist/projects/beepboop3000/ros2_ws/src/bb3/src/pigpio.h:4740:11:[m[K [01;35m[Kwarning: [m[K"/*" within comment [[01;35m[K-Wcomment[m[K]
 4740 |    // /ram/*.c r
      |            
[100%] [32m[1mLinking CXX executable bb3[0m
/usr/bin/ld: CMakeFiles/bb3.dir/src/main.cpp.o: in function `main':
main.cpp:(.text+0xd4): undefined reference to `gpioInitialise'
/usr/bin/ld: CMakeFiles/bb3.dir/src/main.cpp.o: in function `Motor::Motor(int, int, int)':
main.cpp:(.text._ZN5MotorC2Eiii[_ZN5MotorC5Eiii]+0x41): undefined reference to `gpioSetMode'
/usr/bin/ld: main.cpp:(.text._ZN5MotorC2Eiii[_ZN5MotorC5Eiii]+0x50): undefined reference to `gpioSetMode'
/usr/bin/ld: main.cpp:(.text._ZN5MotorC2Eiii[_ZN5MotorC5Eiii]+0x5f): undefined reference to `gpioSetMode'
/usr/bin/ld: main.cpp:(.text._ZN5MotorC2Eiii[_ZN5MotorC5Eiii]+0x6b): undefined reference to `Motor::set_off()'
/usr/bin/ld: CMakeFiles/bb3.dir/src/main.cpp.o: in function `void __gnu_cxx::new_allocator<Vehicle>::construct<Vehicle, char const (&) [13], Motor, Motor, Motor, Motor>(Vehicle*, char const (&) [13], Motor&&, Motor&&, Motor&&, Motor&&)':
main.cpp:(.text._ZN9__gnu_cxx13new_allocatorI7VehicleE9constructIS1_JRA13_Kc5MotorS7_S7_S7_EEEvPT_DpOT0_[_ZN9__gnu_cxx13new_allocatorI7VehicleE9constructIS1_JRA13_Kc5MotorS7_S7_S7_EEEvPT_DpOT0_]+0x16b): undefined reference to `Vehicle::Vehicle(std::__cxx11::basic_string<char, std::char_traits<char>, std::allocator<char> >, Motor, Motor, Motor, Motor)'
collect2: error: ld returned 1 exit status
make[2]: *** [CMakeFiles/bb3.dir/build.make:136: bb3] Error 1
make[1]: *** [CMakeFiles/Makefile2:78: CMakeFiles/bb3.dir/all] Error 2
make: *** [Makefile:141: all] Error 2
