[0.013s] Invoking command in '/home/jesuschrist/projects/beepboop3000/build/bb3': CMAKE_PREFIX_PATH=/opt/ros/foxy /usr/bin/cmake --build /home/jesuschrist/projects/beepboop3000/build/bb3 -- -j8 -l8
[0.054s] [35m[1mScanning dependencies of target bb3[0m
[0.086s] [ 50%] [32mBuilding CXX object CMakeFiles/bb3.dir/src/main.cpp.o[0m
[1.274s] In file included from [01m[K/home/jesuschrist/projects/beepboop3000/ros2_ws/src/bb3/src/main.cpp:1[m[K:
[1.274s] [01m[K/home/jesuschrist/projects/beepboop3000/ros2_ws/src/bb3/src/Vehicle.h:[m[K In member function ‘[01m[Kvoid Vehicle::telemetry_callback(geometry_msgs::msg::Twist)[m[K’:
[1.274s] [01m[K/home/jesuschrist/projects/beepboop3000/ros2_ws/src/bb3/src/Vehicle.h:30:9:[m[K [01;31m[Kerror: [m[Kexpected unqualified-id before ‘[01m[K=[m[K’ token
[1.274s]    30 |   float [01;31m[K=[m[K telemetry.angular.z;
[1.274s]       |         [01;31m[K^[m[K
[1.275s] [01m[K/home/jesuschrist/projects/beepboop3000/ros2_ws/src/bb3/src/Vehicle.h:33:50:[m[K [01;31m[Kerror: [m[Kno matching function for call to ‘[01m[Kmin(double, float&)[m[K’
[1.275s]    33 |   velocity = std::max(0.0, std::min(1.0, velocity[01;31m[K)[m[K);
[1.275s]       |                                                  [01;31m[K^[m[K
[1.275s] In file included from [01m[K/usr/include/c++/9/vector:60[m[K,
[1.275s]                  from [01m[K/home/jesuschrist/projects/beepboop3000/ros2_ws/src/bb3/src/Motor.h:1[m[K,
[1.275s]                  from [01m[K/home/jesuschrist/projects/beepboop3000/ros2_ws/src/bb3/src/Vehicle.h:1[m[K,
[1.275s]                  from [01m[K/home/jesuschrist/projects/beepboop3000/ros2_ws/src/bb3/src/main.cpp:1[m[K:
[1.275s] [01m[K/usr/include/c++/9/bits/stl_algobase.h:198:5:[m[K [01;36m[Knote: [m[Kcandidate: ‘[01m[Ktemplate<class _Tp> constexpr const _Tp& std::min(const _Tp&, const _Tp&)[m[K’
[1.275s]   198 |     [01;36m[Kmin[m[K(const _Tp& __a, const _Tp& __b)
[1.275s]       |     [01;36m[K^~~[m[K
[1.275s] [01m[K/usr/include/c++/9/bits/stl_algobase.h:198:5:[m[K [01;36m[Knote: [m[K  template argument deduction/substitution failed:
[1.275s] In file included from [01m[K/home/jesuschrist/projects/beepboop3000/ros2_ws/src/bb3/src/main.cpp:1[m[K:
[1.275s] [01m[K/home/jesuschrist/projects/beepboop3000/ros2_ws/src/bb3/src/Vehicle.h:33:50:[m[K [01;36m[Knote: [m[K  deduced conflicting types for parameter ‘[01m[Kconst _Tp[m[K’ (‘[01m[Kdouble[m[K’ and ‘[01m[Kfloat[m[K’)
[1.276s]    33 |   velocity = std::max(0.0, std::min(1.0, velocity[01;36m[K)[m[K);
[1.276s]       |                                                  [01;36m[K^[m[K
[1.276s] In file included from [01m[K/usr/include/c++/9/vector:60[m[K,
[1.276s]                  from [01m[K/home/jesuschrist/projects/beepboop3000/ros2_ws/src/bb3/src/Motor.h:1[m[K,
[1.276s]                  from [01m[K/home/jesuschrist/projects/beepboop3000/ros2_ws/src/bb3/src/Vehicle.h:1[m[K,
[1.276s]                  from [01m[K/home/jesuschrist/projects/beepboop3000/ros2_ws/src/bb3/src/main.cpp:1[m[K:
[1.276s] [01m[K/usr/include/c++/9/bits/stl_algobase.h:246:5:[m[K [01;36m[Knote: [m[Kcandidate: ‘[01m[Ktemplate<class _Tp, class _Compare> constexpr const _Tp& std::min(const _Tp&, const _Tp&, _Compare)[m[K’
[1.276s]   246 |     [01;36m[Kmin[m[K(const _Tp& __a, const _Tp& __b, _Compare __comp)
[1.276s]       |     [01;36m[K^~~[m[K
[1.276s] [01m[K/usr/include/c++/9/bits/stl_algobase.h:246:5:[m[K [01;36m[Knote: [m[K  template argument deduction/substitution failed:
[1.277s] In file included from [01m[K/home/jesuschrist/projects/beepboop3000/ros2_ws/src/bb3/src/main.cpp:1[m[K:
[1.277s] [01m[K/home/jesuschrist/projects/beepboop3000/ros2_ws/src/bb3/src/Vehicle.h:33:50:[m[K [01;36m[Knote: [m[K  deduced conflicting types for parameter ‘[01m[Kconst _Tp[m[K’ (‘[01m[Kdouble[m[K’ and ‘[01m[Kfloat[m[K’)
[1.277s]    33 |   velocity = std::max(0.0, std::min(1.0, velocity[01;36m[K)[m[K);
[1.277s]       |                                                  [01;36m[K^[m[K
[1.277s] In file included from [01m[K/usr/include/c++/9/algorithm:62[m[K,
[1.277s]                  from [01m[K/opt/ros/foxy/include/rosidl_runtime_cpp/bounded_vector.hpp:18[m[K,
[1.277s]                  from [01m[K/opt/ros/foxy/include/geometry_msgs/msg/detail/twist__struct.hpp:8[m[K,
[1.277s]                  from [01m[K/opt/ros/foxy/include/geometry_msgs/msg/twist.hpp:7[m[K,
[1.277s]                  from [01m[K/home/jesuschrist/projects/beepboop3000/ros2_ws/src/bb3/src/Motor.h:4[m[K,
[1.278s]                  from [01m[K/home/jesuschrist/projects/beepboop3000/ros2_ws/src/bb3/src/Vehicle.h:1[m[K,
[1.278s]                  from [01m[K/home/jesuschrist/projects/beepboop3000/ros2_ws/src/bb3/src/main.cpp:1[m[K:
[1.278s] [01m[K/usr/include/c++/9/bits/stl_algo.h:3444:5:[m[K [01;36m[Knote: [m[Kcandidate: ‘[01m[Ktemplate<class _Tp> constexpr _Tp std::min(std::initializer_list<_Tp>)[m[K’
[1.278s]  3444 |     [01;36m[Kmin[m[K(initializer_list<_Tp> __l)
[1.278s]       |     [01;36m[K^~~[m[K
[1.278s] [01m[K/usr/include/c++/9/bits/stl_algo.h:3444:5:[m[K [01;36m[Knote: [m[K  template argument deduction/substitution failed:
[1.278s] In file included from [01m[K/home/jesuschrist/projects/beepboop3000/ros2_ws/src/bb3/src/main.cpp:1[m[K:
[1.278s] [01m[K/home/jesuschrist/projects/beepboop3000/ros2_ws/src/bb3/src/Vehicle.h:33:50:[m[K [01;36m[Knote: [m[K  mismatched types ‘[01m[Kstd::initializer_list<_Tp>[m[K’ and ‘[01m[Kdouble[m[K’
[1.278s]    33 |   velocity = std::max(0.0, std::min(1.0, velocity[01;36m[K)[m[K);
[1.278s]       |                                                  [01;36m[K^[m[K
[1.278s] In file included from [01m[K/usr/include/c++/9/algorithm:62[m[K,
[1.278s]                  from [01m[K/opt/ros/foxy/include/rosidl_runtime_cpp/bounded_vector.hpp:18[m[K,
[1.279s]                  from [01m[K/opt/ros/foxy/include/geometry_msgs/msg/detail/twist__struct.hpp:8[m[K,
[1.279s]                  from [01m[K/opt/ros/foxy/include/geometry_msgs/msg/twist.hpp:7[m[K,
[1.279s]                  from [01m[K/home/jesuschrist/projects/beepboop3000/ros2_ws/src/bb3/src/Motor.h:4[m[K,
[1.279s]                  from [01m[K/home/jesuschrist/projects/beepboop3000/ros2_ws/src/bb3/src/Vehicle.h:1[m[K,
[1.279s]                  from [01m[K/home/jesuschrist/projects/beepboop3000/ros2_ws/src/bb3/src/main.cpp:1[m[K:
[1.279s] [01m[K/usr/include/c++/9/bits/stl_algo.h:3450:5:[m[K [01;36m[Knote: [m[Kcandidate: ‘[01m[Ktemplate<class _Tp, class _Compare> constexpr _Tp std::min(std::initializer_list<_Tp>, _Compare)[m[K’
[1.279s]  3450 |     [01;36m[Kmin[m[K(initializer_list<_Tp> __l, _Compare __comp)
[1.279s]       |     [01;36m[K^~~[m[K
[1.279s] [01m[K/usr/include/c++/9/bits/stl_algo.h:3450:5:[m[K [01;36m[Knote: [m[K  template argument deduction/substitution failed:
[1.280s] In file included from [01m[K/home/jesuschrist/projects/beepboop3000/ros2_ws/src/bb3/src/main.cpp:1[m[K:
[1.280s] [01m[K/home/jesuschrist/projects/beepboop3000/ros2_ws/src/bb3/src/Vehicle.h:33:50:[m[K [01;36m[Knote: [m[K  mismatched types ‘[01m[Kstd::initializer_list<_Tp>[m[K’ and ‘[01m[Kdouble[m[K’
[1.280s]    33 |   velocity = std::max(0.0, std::min(1.0, velocity[01;36m[K)[m[K);
[1.280s]       |                                                  [01;36m[K^[m[K
[1.280s] [01m[K/home/jesuschrist/projects/beepboop3000/ros2_ws/src/bb3/src/Vehicle.h:34:3:[m[K [01;31m[Kerror: [m[K‘[01m[Krotation[m[K’ was not declared in this scope
[1.280s]    34 |   [01;31m[Krotation[m[K = std::max(-1.0, std::min(1.0, rotation));
[1.280s]       |   [01;31m[K^~~~~~~~[m[K
[1.280s] [01m[K/home/jesuschrist/projects/beepboop3000/ros2_ws/src/bb3/src/Vehicle.h:[m[K In constructor ‘[01m[KVehicle::Vehicle()[m[K’:
[1.280s] [01m[K/home/jesuschrist/projects/beepboop3000/ros2_ws/src/bb3/src/Vehicle.h:58:12:[m[K [01;31m[Kerror: [m[Kno matching function for call to ‘[01m[Krclcpp::Node::Node()[m[K’
[1.280s]    58 |  Vehicle() [01;31m[K{[m[K}
[1.280s]       |            [01;31m[K^[m[K
[1.280s] In file included from [01m[K/opt/ros/foxy/include/rclcpp/executors/single_threaded_executor.hpp:28[m[K,
[1.280s]                  from [01m[K/opt/ros/foxy/include/rclcpp/executors.hpp:22[m[K,
[1.280s]                  from [01m[K/opt/ros/foxy/include/rclcpp/rclcpp.hpp:146[m[K,
[1.281s]                  from [01m[K/home/jesuschrist/projects/beepboop3000/ros2_ws/src/bb3/src/Vehicle.h:9[m[K,
[1.281s]                  from [01m[K/home/jesuschrist/projects/beepboop3000/ros2_ws/src/bb3/src/main.cpp:1[m[K:
[1.281s] [01m[K/opt/ros/foxy/include/rclcpp/node.hpp:1190:3:[m[K [01;36m[Knote: [m[Kcandidate: ‘[01m[Krclcpp::Node::Node(const rclcpp::Node&, const string&)[m[K’
[1.281s]  1190 |   [01;36m[KNode[m[K(
[1.281s]       |   [01;36m[K^~~~[m[K
[1.281s] [01m[K/opt/ros/foxy/include/rclcpp/node.hpp:1190:3:[m[K [01;36m[Knote: [m[K  candidate expects 2 arguments, 0 provided
[1.281s] [01m[K/opt/ros/foxy/include/rclcpp/node.hpp:98:12:[m[K [01;36m[Knote: [m[Kcandidate: ‘[01m[Krclcpp::Node::Node(const string&, const string&, const rclcpp::NodeOptions&)[m[K’
[1.281s]    98 |   explicit [01;36m[KNode[m[K(
[1.281s]       |            [01;36m[K^~~~[m[K
[1.281s] [01m[K/opt/ros/foxy/include/rclcpp/node.hpp:98:12:[m[K [01;36m[Knote: [m[K  candidate expects 3 arguments, 0 provided
[1.281s] [01m[K/opt/ros/foxy/include/rclcpp/node.hpp:86:12:[m[K [01;36m[Knote: [m[Kcandidate: ‘[01m[Krclcpp::Node::Node(const string&, const rclcpp::NodeOptions&)[m[K’
[1.281s]    86 |   explicit [01;36m[KNode[m[K(
[1.281s]       |            [01;36m[K^~~~[m[K
[1.282s] [01m[K/opt/ros/foxy/include/rclcpp/node.hpp:86:12:[m[K [01;36m[Knote: [m[K  candidate expects 2 arguments, 0 provided
[1.282s] In file included from [01m[K/home/jesuschrist/projects/beepboop3000/ros2_ws/src/bb3/src/main.cpp:1[m[K:
[1.282s] [01m[K/home/jesuschrist/projects/beepboop3000/ros2_ws/src/bb3/src/Vehicle.h:[m[K In constructor ‘[01m[KVehicle::Vehicle(std::string, Motor, Motor, Motor, Motor)[m[K’:
[1.282s] [01m[K/home/jesuschrist/projects/beepboop3000/ros2_ws/src/bb3/src/Vehicle.h:65:19:[m[K [01;31m[Kerror: [m[K‘[01m[KTwist[m[K’ is not a member of ‘[01m[Kgeometry_msgs[m[K’; did you mean ‘[01m[Kgeometry_msgs::msg::Twist[m[K’?
[1.282s]    65 |   <geometry_msgs::[01;31m[KTwist[m[K>(                     // message class
[1.282s]       |                   [01;31m[K^~~~~[m[K
[1.282s] In file included from [01m[K/opt/ros/foxy/include/geometry_msgs/msg/twist.hpp:7[m[K,
[1.282s]                  from [01m[K/home/jesuschrist/projects/beepboop3000/ros2_ws/src/bb3/src/Motor.h:4[m[K,
[1.282s]                  from [01m[K/home/jesuschrist/projects/beepboop3000/ros2_ws/src/bb3/src/Vehicle.h:1[m[K,
[1.282s]                  from [01m[K/home/jesuschrist/projects/beepboop3000/ros2_ws/src/bb3/src/main.cpp:1[m[K:
[1.282s] [01m[K/opt/ros/foxy/include/geometry_msgs/msg/detail/twist__struct.hpp:133:7:[m[K [01;36m[Knote: [m[K‘[01m[Kgeometry_msgs::msg::Twist[m[K’ declared here
[1.283s]   133 | using [01;36m[KTwist[m[K =
[1.283s]       |       [01;36m[K^~~~~[m[K
[1.283s] In file included from [01m[K/home/jesuschrist/projects/beepboop3000/ros2_ws/src/bb3/src/main.cpp:1[m[K:
[1.283s] [01m[K/home/jesuschrist/projects/beepboop3000/ros2_ws/src/bb3/src/Vehicle.h:65:19:[m[K [01;31m[Kerror: [m[K‘[01m[KTwist[m[K’ is not a member of ‘[01m[Kgeometry_msgs[m[K’; did you mean ‘[01m[Kgeometry_msgs::msg::Twist[m[K’?
[1.283s]    65 |   <geometry_msgs::[01;31m[KTwist[m[K>(                     // message class
[1.283s]       |                   [01;31m[K^~~~~[m[K
[1.283s] In file included from [01m[K/opt/ros/foxy/include/geometry_msgs/msg/twist.hpp:7[m[K,
[1.283s]                  from [01m[K/home/jesuschrist/projects/beepboop3000/ros2_ws/src/bb3/src/Motor.h:4[m[K,
[1.283s]                  from [01m[K/home/jesuschrist/projects/beepboop3000/ros2_ws/src/bb3/src/Vehicle.h:1[m[K,
[1.283s]                  from [01m[K/home/jesuschrist/projects/beepboop3000/ros2_ws/src/bb3/src/main.cpp:1[m[K:
[1.283s] [01m[K/opt/ros/foxy/include/geometry_msgs/msg/detail/twist__struct.hpp:133:7:[m[K [01;36m[Knote: [m[K‘[01m[Kgeometry_msgs::msg::Twist[m[K’ declared here
[1.283s]   133 | using [01;36m[KTwist[m[K =
[1.283s]       |       [01;36m[K^~~~~[m[K
[1.287s] In file included from [01m[K/home/jesuschrist/projects/beepboop3000/ros2_ws/src/bb3/src/main.cpp:1[m[K:
[1.287s] [01m[K/home/jesuschrist/projects/beepboop3000/ros2_ws/src/bb3/src/Vehicle.h:70:26:[m[K [01;31m[Kerror: [m[Kno matching function for call to ‘[01m[KVehicle::create_subscription<<expression error> >(std::__cxx11::basic_string<char>, int, std::_Bind_helper<false, void (Vehicle::*)(geometry_msgs::msg::Twist_<std::allocator<void> >), Vehicle*, const std::_Placeholder<1>&>::type)[m[K’
[1.287s]    70 |    std::placeholders::_1)[01;31m[K)[m[K;                // ??
[1.287s]       |                          [01;31m[K^[m[K
[1.287s] In file included from [01m[K/opt/ros/foxy/include/rclcpp/executors/single_threaded_executor.hpp:28[m[K,
[1.288s]                  from [01m[K/opt/ros/foxy/include/rclcpp/executors.hpp:22[m[K,
[1.288s]                  from [01m[K/opt/ros/foxy/include/rclcpp/rclcpp.hpp:146[m[K,
[1.288s]                  from [01m[K/home/jesuschrist/projects/beepboop3000/ros2_ws/src/bb3/src/Vehicle.h:9[m[K,
[1.288s]                  from [01m[K/home/jesuschrist/projects/beepboop3000/ros2_ws/src/bb3/src/main.cpp:1[m[K:
[1.288s] [01m[K/opt/ros/foxy/include/rclcpp/node.hpp:213:3:[m[K [01;36m[Knote: [m[Kcandidate: ‘[01m[Ktemplate<class MessageT, class CallbackT, class AllocatorT, class CallbackMessageT, class SubscriptionT, class MessageMemoryStrategyT> std::shared_ptr<SubscriptionT> rclcpp::Node::create_subscription(const string&, const rclcpp::QoS&, CallbackT&&, const rclcpp::SubscriptionOptionsWithAllocator<AllocatorT>&, typename MessageMemoryStrategyT::SharedPtr)[m[K’
[1.288s]   213 |   [01;36m[Kcreate_subscription[m[K(
[1.288s]       |   [01;36m[K^~~~~~~~~~~~~~~~~~~[m[K
[1.288s] [01m[K/opt/ros/foxy/include/rclcpp/node.hpp:213:3:[m[K [01;36m[Knote: [m[K  template argument deduction/substitution failed:
[1.288s] In file included from [01m[K/home/jesuschrist/projects/beepboop3000/ros2_ws/src/bb3/src/main.cpp:1[m[K:
[1.288s] [01m[K/home/jesuschrist/projects/beepboop3000/ros2_ws/src/bb3/src/Vehicle.h:70:26:[m[K [01;31m[Kerror: [m[Ktemplate argument 1 is invalid
[1.288s]    70 |    std::placeholders::_1)[01;31m[K)[m[K;                // ??
[1.288s]       |                          [01;31m[K^[m[K
[1.288s] [01m[K/home/jesuschrist/projects/beepboop3000/ros2_ws/src/bb3/src/Vehicle.h:71:3:[m[K [01;31m[Kerror: [m[Kexpected primary-expression before ‘[01m[K)[m[K’ token
[1.289s]    71 |   [01;31m[K)[m[K
[1.289s]       |   [01;31m[K^[m[K
[1.624s] make[2]: *** [CMakeFiles/bb3.dir/build.make:63: CMakeFiles/bb3.dir/src/main.cpp.o] Error 1
[1.625s] make[1]: *** [CMakeFiles/Makefile2:78: CMakeFiles/bb3.dir/all] Error 2
[1.625s] make: *** [Makefile:141: all] Error 2
[1.628s] Invoked command in '/home/jesuschrist/projects/beepboop3000/build/bb3' returned '2': CMAKE_PREFIX_PATH=/opt/ros/foxy /usr/bin/cmake --build /home/jesuschrist/projects/beepboop3000/build/bb3 -- -j8 -l8
