-- Found ament_cmake: 0.9.8 (/opt/ros/foxy/share/ament_cmake/cmake)
-- Using PYTHON_EXECUTABLE: /usr/bin/python3
-- Found rclcpp: 2.3.1 (/opt/ros/foxy/share/rclcpp/cmake)
-- Using all available rosidl_typesupport_c: rosidl_typesupport_fastrtps_c;rosidl_typesupport_introspection_c
-- Found rosidl_adapter: 1.2.1 (/opt/ros/foxy/share/rosidl_adapter/cmake)
-- Using all available rosidl_typesupport_cpp: rosidl_typesupport_fastrtps_cpp;rosidl_typesupport_introspection_cpp
-- Found rmw_implementation_cmake: 1.0.3 (/opt/ros/foxy/share/rmw_implementation_cmake/cmake)
-- Using RMW implementation 'rmw_fastrtps_cpp' as default
-- Found geometry_msgs: 2.0.4 (/opt/ros/foxy/share/geometry_msgs/cmake)
-- Found pigpio: /usr/local/lib/libpigpiod_if2.so  
-- Configuring done
-- Generating done
-- Build files have been written to: /home/jesuschrist/projects/beepboop3000/ros2_ws/build/bb3
[ 50%] [32m[1mLinking CXX executable bb3[0m
/usr/bin/ld: CMakeFiles/bb3.dir/src/main.cpp.o: in function `main':
main.cpp:(.text+0x1b7): undefined reference to `pigpio_start'
/usr/bin/ld: CMakeFiles/bb3.dir/src/main.cpp.o: in function `Motor::Motor(int, int, int, int)':
main.cpp:(.text._ZN5MotorC2Eiiii[_ZN5MotorC5Eiiii]+0x54): undefined reference to `set_mode'
/usr/bin/ld: main.cpp:(.text._ZN5MotorC2Eiiii[_ZN5MotorC5Eiiii]+0x68): undefined reference to `set_mode'
/usr/bin/ld: main.cpp:(.text._ZN5MotorC2Eiiii[_ZN5MotorC5Eiiii]+0x7c): undefined reference to `set_mode'
/usr/bin/ld: CMakeFiles/bb3.dir/src/main.cpp.o: in function `Motor::set_off()':
main.cpp:(.text._ZN5Motor7set_offEv[_ZN5Motor7set_offEv]+0x29): undefined reference to `gpio_write'
/usr/bin/ld: main.cpp:(.text._ZN5Motor7set_offEv[_ZN5Motor7set_offEv]+0x46): undefined reference to `gpio_write'
/usr/bin/ld: main.cpp:(.text._ZN5Motor7set_offEv[_ZN5Motor7set_offEv]+0x63): undefined reference to `set_PWM_dutycycle'
/usr/bin/ld: CMakeFiles/bb3.dir/src/main.cpp.o: in function `Motor::set_high(int)':
main.cpp:(.text._ZN5Motor8set_highEi[_ZN5Motor8set_highEi]+0x2c): undefined reference to `gpio_write'
/usr/bin/ld: main.cpp:(.text._ZN5Motor8set_highEi[_ZN5Motor8set_highEi]+0x49): undefined reference to `gpio_write'
/usr/bin/ld: main.cpp:(.text._ZN5Motor8set_highEi[_ZN5Motor8set_highEi]+0x64): undefined reference to `set_PWM_dutycycle'
/usr/bin/ld: CMakeFiles/bb3.dir/src/main.cpp.o: in function `Motor::set_low(int)':
main.cpp:(.text._ZN5Motor7set_lowEi[_ZN5Motor7set_lowEi]+0x2c): undefined reference to `gpio_write'
/usr/bin/ld: main.cpp:(.text._ZN5Motor7set_lowEi[_ZN5Motor7set_lowEi]+0x49): undefined reference to `gpio_write'
/usr/bin/ld: main.cpp:(.text._ZN5Motor7set_lowEi[_ZN5Motor7set_lowEi]+0x64): undefined reference to `set_PWM_dutycycle'
collect2: error: ld returned 1 exit status
make[2]: *** [CMakeFiles/bb3.dir/build.make:136: bb3] Error 1
make[1]: *** [CMakeFiles/Makefile2:78: CMakeFiles/bb3.dir/all] Error 2
make: *** [Makefile:141: all] Error 2
