[0.013s] Invoking command in '/home/jesuschrist/projects/beepboop3000/build/bb3': CMAKE_PREFIX_PATH=/opt/ros/foxy /usr/bin/cmake --build /home/jesuschrist/projects/beepboop3000/build/bb3 -- -j8 -l8
[0.068s] [ 50%] [32mBuilding CXX object CMakeFiles/bb3.dir/src/main.cpp.o[0m
[1.239s] In file included from [01m[K/home/jesuschrist/projects/beepboop3000/ros2_ws/src/bb3/src/main.cpp:1[m[K:
[1.239s] [01m[K/home/jesuschrist/projects/beepboop3000/ros2_ws/src/bb3/src/Vehicle.h:[m[K In member function ‘[01m[Kvoid Vehicle::telemetry_callback()[m[K’:
[1.239s] [01m[K/home/jesuschrist/projects/beepboop3000/ros2_ws/src/bb3/src/Vehicle.h:28:13:[m[K [01;31m[Kerror: [m[K‘[01m[KFloat64[m[K’ is not a member of ‘[01m[Kstd_msgs[m[K’
[1.239s]    28 |   std_msgs::[01;31m[KFloat64[m[K velocity = telemetry.linear.x;
[1.239s]       |             [01;31m[K^~~~~~~[m[K
[1.239s] [01m[K/home/jesuschrist/projects/beepboop3000/ros2_ws/src/bb3/src/Vehicle.h:29:13:[m[K [01;31m[Kerror: [m[K‘[01m[KFloat64[m[K’ is not a member of ‘[01m[Kstd_msgs[m[K’
[1.240s]    29 |   std_msgs::[01;31m[KFloat64[m[K = telemetry.angular.z;
[1.240s]       |             [01;31m[K^~~~~~~[m[K
[1.242s] [01m[K/home/jesuschrist/projects/beepboop3000/ros2_ws/src/bb3/src/Vehicle.h:29:23:[m[K [01;31m[Kerror: [m[K‘[01m[Ktelemetry[m[K’ was not declared in this scope
[1.242s]    29 |   std_msgs::Float64 = [01;31m[Ktelemetry[m[K.angular.z;
[1.242s]       |                       [01;31m[K^~~~~~~~~[m[K
[1.244s] [01m[K/home/jesuschrist/projects/beepboop3000/ros2_ws/src/bb3/src/Vehicle.h:32:3:[m[K [01;31m[Kerror: [m[K‘[01m[Kvelocity[m[K’ was not declared in this scope
[1.244s]    32 |   [01;31m[Kvelocity[m[K = std::max(0.0, std::min(1.0, velocity));
[1.245s]       |   [01;31m[K^~~~~~~~[m[K
[1.247s] [01m[K/home/jesuschrist/projects/beepboop3000/ros2_ws/src/bb3/src/Vehicle.h:33:3:[m[K [01;31m[Kerror: [m[K‘[01m[Krotation[m[K’ was not declared in this scope
[1.247s]    33 |   [01;31m[Krotation[m[K = std::max(-1.0, std::min(1.0, rotation));
[1.247s]       |   [01;31m[K^~~~~~~~[m[K
[1.247s] [01m[K/home/jesuschrist/projects/beepboop3000/ros2_ws/src/bb3/src/Vehicle.h:[m[K In constructor ‘[01m[KVehicle::Vehicle()[m[K’:
[1.247s] [01m[K/home/jesuschrist/projects/beepboop3000/ros2_ws/src/bb3/src/Vehicle.h:57:12:[m[K [01;31m[Kerror: [m[Kno matching function for call to ‘[01m[Krclcpp::Node::Node()[m[K’
[1.247s]    57 |  Vehicle() [01;31m[K{[m[K}
[1.247s]       |            [01;31m[K^[m[K
[1.248s] In file included from [01m[K/opt/ros/foxy/include/rclcpp/executors/single_threaded_executor.hpp:28[m[K,
[1.248s]                  from [01m[K/opt/ros/foxy/include/rclcpp/executors.hpp:22[m[K,
[1.248s]                  from [01m[K/opt/ros/foxy/include/rclcpp/rclcpp.hpp:146[m[K,
[1.248s]                  from [01m[K/home/jesuschrist/projects/beepboop3000/ros2_ws/src/bb3/src/Vehicle.h:8[m[K,
[1.248s]                  from [01m[K/home/jesuschrist/projects/beepboop3000/ros2_ws/src/bb3/src/main.cpp:1[m[K:
[1.248s] [01m[K/opt/ros/foxy/include/rclcpp/node.hpp:1190:3:[m[K [01;36m[Knote: [m[Kcandidate: ‘[01m[Krclcpp::Node::Node(const rclcpp::Node&, const string&)[m[K’
[1.248s]  1190 |   [01;36m[KNode[m[K(
[1.248s]       |   [01;36m[K^~~~[m[K
[1.248s] [01m[K/opt/ros/foxy/include/rclcpp/node.hpp:1190:3:[m[K [01;36m[Knote: [m[K  candidate expects 2 arguments, 0 provided
[1.248s] [01m[K/opt/ros/foxy/include/rclcpp/node.hpp:98:12:[m[K [01;36m[Knote: [m[Kcandidate: ‘[01m[Krclcpp::Node::Node(const string&, const string&, const rclcpp::NodeOptions&)[m[K’
[1.248s]    98 |   explicit [01;36m[KNode[m[K(
[1.248s]       |            [01;36m[K^~~~[m[K
[1.249s] [01m[K/opt/ros/foxy/include/rclcpp/node.hpp:98:12:[m[K [01;36m[Knote: [m[K  candidate expects 3 arguments, 0 provided
[1.249s] [01m[K/opt/ros/foxy/include/rclcpp/node.hpp:86:12:[m[K [01;36m[Knote: [m[Kcandidate: ‘[01m[Krclcpp::Node::Node(const string&, const rclcpp::NodeOptions&)[m[K’
[1.249s]    86 |   explicit [01;36m[KNode[m[K(
[1.249s]       |            [01;36m[K^~~~[m[K
[1.249s] [01m[K/opt/ros/foxy/include/rclcpp/node.hpp:86:12:[m[K [01;36m[Knote: [m[K  candidate expects 2 arguments, 0 provided
[1.249s] In file included from [01m[K/home/jesuschrist/projects/beepboop3000/ros2_ws/src/bb3/src/main.cpp:1[m[K:
[1.249s] [01m[K/home/jesuschrist/projects/beepboop3000/ros2_ws/src/bb3/src/Vehicle.h:[m[K In constructor ‘[01m[KVehicle::Vehicle(std::string, Motor, Motor, Motor, Motor)[m[K’:
[1.249s] [01m[K/home/jesuschrist/projects/beepboop3000/ros2_ws/src/bb3/src/Vehicle.h:64:19:[m[K [01;31m[Kerror: [m[K‘[01m[KTwist[m[K’ is not a member of ‘[01m[Kgeometry_msgs[m[K’; did you mean ‘[01m[Kgeometry_msgs::msg::Twist[m[K’?
[1.249s]    64 |   <geometry_msgs::[01;31m[KTwist[m[K>(                     // message class
[1.249s]       |                   [01;31m[K^~~~~[m[K
[1.250s] In file included from [01m[K/opt/ros/foxy/include/geometry_msgs/msg/twist.hpp:7[m[K,
[1.250s]                  from [01m[K/home/jesuschrist/projects/beepboop3000/ros2_ws/src/bb3/src/Motor.h:4[m[K,
[1.250s]                  from [01m[K/home/jesuschrist/projects/beepboop3000/ros2_ws/src/bb3/src/Vehicle.h:1[m[K,
[1.250s]                  from [01m[K/home/jesuschrist/projects/beepboop3000/ros2_ws/src/bb3/src/main.cpp:1[m[K:
[1.250s] [01m[K/opt/ros/foxy/include/geometry_msgs/msg/detail/twist__struct.hpp:133:7:[m[K [01;36m[Knote: [m[K‘[01m[Kgeometry_msgs::msg::Twist[m[K’ declared here
[1.250s]   133 | using [01;36m[KTwist[m[K =
[1.250s]       |       [01;36m[K^~~~~[m[K
[1.250s] In file included from [01m[K/home/jesuschrist/projects/beepboop3000/ros2_ws/src/bb3/src/main.cpp:1[m[K:
[1.250s] [01m[K/home/jesuschrist/projects/beepboop3000/ros2_ws/src/bb3/src/Vehicle.h:64:19:[m[K [01;31m[Kerror: [m[K‘[01m[KTwist[m[K’ is not a member of ‘[01m[Kgeometry_msgs[m[K’; did you mean ‘[01m[Kgeometry_msgs::msg::Twist[m[K’?
[1.250s]    64 |   <geometry_msgs::[01;31m[KTwist[m[K>(                     // message class
[1.250s]       |                   [01;31m[K^~~~~[m[K
[1.250s] In file included from [01m[K/opt/ros/foxy/include/geometry_msgs/msg/twist.hpp:7[m[K,
[1.250s]                  from [01m[K/home/jesuschrist/projects/beepboop3000/ros2_ws/src/bb3/src/Motor.h:4[m[K,
[1.251s]                  from [01m[K/home/jesuschrist/projects/beepboop3000/ros2_ws/src/bb3/src/Vehicle.h:1[m[K,
[1.251s]                  from [01m[K/home/jesuschrist/projects/beepboop3000/ros2_ws/src/bb3/src/main.cpp:1[m[K:
[1.251s] [01m[K/opt/ros/foxy/include/geometry_msgs/msg/detail/twist__struct.hpp:133:7:[m[K [01;36m[Knote: [m[K‘[01m[Kgeometry_msgs::msg::Twist[m[K’ declared here
[1.251s]   133 | using [01;36m[KTwist[m[K =
[1.251s]       |       [01;36m[K^~~~~[m[K
[1.251s] In file included from [01m[K/home/jesuschrist/projects/beepboop3000/ros2_ws/src/bb3/src/Vehicle.h:4[m[K,
[1.251s]                  from [01m[K/home/jesuschrist/projects/beepboop3000/ros2_ws/src/bb3/src/main.cpp:1[m[K:
[1.251s] /usr/include/c++/9/functional: In instantiation of ‘[01m[Kstruct std::_Bind_check_arity<void (Vehicle::*)(), Vehicle*, const std::_Placeholder<1>&>[m[K’:
[1.251s] [01m[K/usr/include/c++/9/functional:787:12:[m[K   required from ‘[01m[Kstruct std::_Bind_helper<false, void (Vehicle::*)(), Vehicle*, const std::_Placeholder<1>&>[m[K’
[1.251s] [01m[K/usr/include/c++/9/functional:808:5:[m[K   required by substitution of ‘[01m[Ktemplate<class _Func, class ... _BoundArgs> typename std::_Bind_helper<std::__is_socketlike<_Func>::value, _Func, _BoundArgs ...>::type std::bind(_Func&&, _BoundArgs&& ...) [with _Func = void (Vehicle::*)(); _BoundArgs = {Vehicle*, const std::_Placeholder<1>&}][m[K’
[1.251s] [01m[K/home/jesuschrist/projects/beepboop3000/ros2_ws/src/bb3/src/Vehicle.h:69:25:[m[K   required from here
[1.251s] [01m[K/usr/include/c++/9/functional:775:7:[m[K [01;31m[Kerror: [m[Kstatic assertion failed: Wrong number of arguments for pointer-to-member
[1.251s]   774 |       static_assert(_Varargs::[01;31m[Kvalue[m[K
[1.251s]       |                               [01;31m[K~~~~~[m[K
[1.251s]   775 | [01;31m[K      ? sizeof...(_BoundArgs) >= _Arity::value + 1[m[K
[1.251s]       |       [01;31m[K^~~~~~~~~~~~~~~~~~~~~~~~~~~~~~~~~~~~~~~~~~~~[m[K
[1.251s]   776 | [01;31m[K      : sizeof...(_BoundArgs) == _Arity::value + 1[m[K,
[1.252s]       |       [01;31m[K~~~~~~~~~~~~~~~~~~~~~~~~~~~~~~~~~~~~~~~~~~~~[m[K
[1.256s] In file included from [01m[K/home/jesuschrist/projects/beepboop3000/ros2_ws/src/bb3/src/main.cpp:1[m[K:
[1.256s] [01m[K/home/jesuschrist/projects/beepboop3000/ros2_ws/src/bb3/src/Vehicle.h:69:26:[m[K [01;31m[Kerror: [m[Kno matching function for call to ‘[01m[KVehicle::create_subscription<<expression error> >(std::__cxx11::basic_string<char>, int, std::_Bind_helper<false, void (Vehicle::*)(), Vehicle*, const std::_Placeholder<1>&>::type)[m[K’
[1.257s]    69 |    std::placeholders::_1)[01;31m[K)[m[K;                // ??
[1.257s]       |                          [01;31m[K^[m[K
[1.257s] In file included from [01m[K/opt/ros/foxy/include/rclcpp/executors/single_threaded_executor.hpp:28[m[K,
[1.257s]                  from [01m[K/opt/ros/foxy/include/rclcpp/executors.hpp:22[m[K,
[1.257s]                  from [01m[K/opt/ros/foxy/include/rclcpp/rclcpp.hpp:146[m[K,
[1.257s]                  from [01m[K/home/jesuschrist/projects/beepboop3000/ros2_ws/src/bb3/src/Vehicle.h:8[m[K,
[1.257s]                  from [01m[K/home/jesuschrist/projects/beepboop3000/ros2_ws/src/bb3/src/main.cpp:1[m[K:
[1.257s] [01m[K/opt/ros/foxy/include/rclcpp/node.hpp:213:3:[m[K [01;36m[Knote: [m[Kcandidate: ‘[01m[Ktemplate<class MessageT, class CallbackT, class AllocatorT, class CallbackMessageT, class SubscriptionT, class MessageMemoryStrategyT> std::shared_ptr<SubscriptionT> rclcpp::Node::create_subscription(const string&, const rclcpp::QoS&, CallbackT&&, const rclcpp::SubscriptionOptionsWithAllocator<AllocatorT>&, typename MessageMemoryStrategyT::SharedPtr)[m[K’
[1.257s]   213 |   [01;36m[Kcreate_subscription[m[K(
[1.257s]       |   [01;36m[K^~~~~~~~~~~~~~~~~~~[m[K
[1.257s] [01m[K/opt/ros/foxy/include/rclcpp/node.hpp:213:3:[m[K [01;36m[Knote: [m[K  template argument deduction/substitution failed:
[1.257s] In file included from [01m[K/home/jesuschrist/projects/beepboop3000/ros2_ws/src/bb3/src/main.cpp:1[m[K:
[1.257s] [01m[K/home/jesuschrist/projects/beepboop3000/ros2_ws/src/bb3/src/Vehicle.h:69:26:[m[K [01;31m[Kerror: [m[Ktemplate argument 1 is invalid
[1.257s]    69 |    std::placeholders::_1)[01;31m[K)[m[K;                // ??
[1.258s]       |                          [01;31m[K^[m[K
[1.258s] [01m[K/home/jesuschrist/projects/beepboop3000/ros2_ws/src/bb3/src/Vehicle.h:70:3:[m[K [01;31m[Kerror: [m[Kexpected primary-expression before ‘[01m[K)[m[K’ token
[1.258s]    70 |   [01;31m[K)[m[K
[1.258s]       |   [01;31m[K^[m[K
[1.604s] make[2]: *** [CMakeFiles/bb3.dir/build.make:63: CMakeFiles/bb3.dir/src/main.cpp.o] Error 1
[1.604s] make[1]: *** [CMakeFiles/Makefile2:78: CMakeFiles/bb3.dir/all] Error 2
[1.604s] make: *** [Makefile:141: all] Error 2
[1.607s] Invoked command in '/home/jesuschrist/projects/beepboop3000/build/bb3' returned '2': CMAKE_PREFIX_PATH=/opt/ros/foxy /usr/bin/cmake --build /home/jesuschrist/projects/beepboop3000/build/bb3 -- -j8 -l8
