[0.015s] Invoking command in '/home/jesuschrist/projects/beepboop3000/build/bb3': CMAKE_PREFIX_PATH=/opt/ros/foxy /usr/bin/cmake --build /home/jesuschrist/projects/beepboop3000/build/bb3 -- -j8 -l8
[0.042s] CMake Error at CMakeLists.txt:4 (message):
[0.042s]   message called with incorrect number of arguments
[0.042s] 
[0.042s] 
[0.042s] -- Found ament_cmake: 0.9.8 (/opt/ros/foxy/share/ament_cmake/cmake)
[0.062s] -- Using PYTHON_EXECUTABLE: /usr/bin/python3
[0.244s] -- Found rclcpp: 2.3.1 (/opt/ros/foxy/share/rclcpp/cmake)
[0.274s] -- Using all available rosidl_typesupport_c: rosidl_typesupport_fastrtps_c;rosidl_typesupport_introspection_c
[0.277s] -- Found rosidl_adapter: 1.2.1 (/opt/ros/foxy/share/rosidl_adapter/cmake)
[0.384s] -- Using all available rosidl_typesupport_cpp: rosidl_typesupport_fastrtps_cpp;rosidl_typesupport_introspection_cpp
[0.430s] -- Found rmw_implementation_cmake: 1.0.3 (/opt/ros/foxy/share/rmw_implementation_cmake/cmake)
[0.431s] -- Using RMW implementation 'rmw_fastrtps_cpp' as default
[0.563s] -- Found geometry_msgs: 2.0.4 (/opt/ros/foxy/share/geometry_msgs/cmake)
[0.602s] CMake Error at CMakeLists.txt:20 (find_package):
[0.603s]   By not providing "Findpigpio.cmake" in CMAKE_MODULE_PATH this project has
[0.603s]   asked CMake to find a package configuration file provided by "pigpio", but
[0.603s]   CMake did not find one.
[0.603s] 
[0.603s]   Could not find a package configuration file provided by "pigpio" with any
[0.603s]   of the following names:
[0.603s] 
[0.604s]     pigpioConfig.cmake
[0.604s]     pigpio-config.cmake
[0.604s] 
[0.604s]   Add the installation prefix of "pigpio" to CMAKE_PREFIX_PATH or set
[0.604s]   "pigpio_DIR" to a directory containing one of the above files.  If "pigpio"
[0.604s]   provides a separate development package or SDK, be sure it has been
[0.604s]   installed.
[0.604s] 
[0.604s] 
[0.605s] -- Configuring incomplete, errors occurred!
[0.605s] See also "/home/jesuschrist/projects/beepboop3000/build/bb3/CMakeFiles/CMakeOutput.log".
[0.605s] See also "/home/jesuschrist/projects/beepboop3000/build/bb3/CMakeFiles/CMakeError.log".
[0.610s] make: *** [Makefile:266: cmake_check_build_system] Error 1
[0.613s] Invoked command in '/home/jesuschrist/projects/beepboop3000/build/bb3' returned '2': CMAKE_PREFIX_PATH=/opt/ros/foxy /usr/bin/cmake --build /home/jesuschrist/projects/beepboop3000/build/bb3 -- -j8 -l8
