[0.013s] Invoking command in '/home/jesuschrist/projects/beepboop3000/build/bb3': CMAKE_PREFIX_PATH=/opt/ros/foxy /usr/bin/cmake --build /home/jesuschrist/projects/beepboop3000/build/bb3 -- -j8 -l8
[0.038s] -- foo include dir: 
[0.042s] -- Found ament_cmake: 0.9.8 (/opt/ros/foxy/share/ament_cmake/cmake)
[0.062s] -- Using PYTHON_EXECUTABLE: /usr/bin/python3
[0.226s] -- Found rclcpp: 2.3.1 (/opt/ros/foxy/share/rclcpp/cmake)
[0.256s] -- Using all available rosidl_typesupport_c: rosidl_typesupport_fastrtps_c;rosidl_typesupport_introspection_c
[0.260s] -- Found rosidl_adapter: 1.2.1 (/opt/ros/foxy/share/rosidl_adapter/cmake)
[0.365s] -- Using all available rosidl_typesupport_cpp: rosidl_typesupport_fastrtps_cpp;rosidl_typesupport_introspection_cpp
[0.410s] -- Found rmw_implementation_cmake: 1.0.3 (/opt/ros/foxy/share/rmw_implementation_cmake/cmake)
[0.412s] -- Using RMW implementation 'rmw_fastrtps_cpp' as default
[0.542s] -- Found geometry_msgs: 2.0.4 (/opt/ros/foxy/share/geometry_msgs/cmake)
[0.580s] CMake Error at CMakeLists.txt:20 (find_package):
[0.581s]   By not providing "Findpigpio.cmake" in CMAKE_MODULE_PATH this project has
[0.581s]   asked CMake to find a package configuration file provided by "pigpio", but
[0.581s]   CMake did not find one.
[0.581s] 
[0.581s]   Could not find a package configuration file provided by "pigpio" with any
[0.581s]   of the following names:
[0.581s] 
[0.581s]     pigpioConfig.cmake
[0.581s]     pigpio-config.cmake
[0.581s] 
[0.581s]   Add the installation prefix of "pigpio" to CMAKE_PREFIX_PATH or set
[0.582s]   "pigpio_DIR" to a directory containing one of the above files.  If "pigpio"
[0.582s]   provides a separate development package or SDK, be sure it has been
[0.582s]   installed.
[0.582s] 
[0.582s] 
[0.582s] -- Configuring incomplete, errors occurred!
[0.582s] See also "/home/jesuschrist/projects/beepboop3000/build/bb3/CMakeFiles/CMakeOutput.log".
[0.582s] See also "/home/jesuschrist/projects/beepboop3000/build/bb3/CMakeFiles/CMakeError.log".
[0.588s] make: *** [Makefile:266: cmake_check_build_system] Error 1
[0.590s] Invoked command in '/home/jesuschrist/projects/beepboop3000/build/bb3' returned '2': CMAKE_PREFIX_PATH=/opt/ros/foxy /usr/bin/cmake --build /home/jesuschrist/projects/beepboop3000/build/bb3 -- -j8 -l8
