[0.013s] Invoking command in '/home/jesuschrist/projects/beepboop3000/ros2_ws/build/bb3': CMAKE_PREFIX_PATH=/opt/ros/foxy /usr/bin/cmake --build /home/jesuschrist/projects/beepboop3000/ros2_ws/build/bb3 -- -j8 -l8
[0.073s] [ 50%] [32m[1mLinking CXX executable bb3[0m
[0.185s] /usr/bin/ld: CMakeFiles/bb3.dir/src/main.cpp.o: in function `main':
[0.185s] main.cpp:(.text+0xd4): undefined reference to `gpioInitialise'
[0.185s] /usr/bin/ld: main.cpp:(.text+0x151): undefined reference to `Motor::Motor(int, int, int)'
[0.185s] /usr/bin/ld: main.cpp:(.text+0x16f): undefined reference to `Motor::Motor(int, int, int)'
[0.186s] /usr/bin/ld: main.cpp:(.text+0x18d): undefined reference to `Motor::Motor(int, int, int)'
[0.186s] /usr/bin/ld: main.cpp:(.text+0x1ab): undefined reference to `Motor::Motor(int, int, int)'
[0.186s] /usr/bin/ld: main.cpp:(.text+0x238): undefined reference to `Motor::~Motor()'
[0.186s] /usr/bin/ld: main.cpp:(.text+0x247): undefined reference to `Motor::~Motor()'
[0.186s] /usr/bin/ld: main.cpp:(.text+0x256): undefined reference to `Motor::~Motor()'
[0.186s] /usr/bin/ld: main.cpp:(.text+0x265): undefined reference to `Motor::~Motor()'
[0.186s] /usr/bin/ld: main.cpp:(.text+0x35d): undefined reference to `Motor::~Motor()'
[0.186s] /usr/bin/ld: CMakeFiles/bb3.dir/src/main.cpp.o:main.cpp:(.text+0x375): more undefined references to `Motor::~Motor()' follow
[0.186s] /usr/bin/ld: CMakeFiles/bb3.dir/src/main.cpp.o: in function `void __gnu_cxx::new_allocator<Vehicle>::construct<Vehicle, char const (&) [13], Motor, Motor, Motor, Motor>(Vehicle*, char const (&) [13], Motor&&, Motor&&, Motor&&, Motor&&)':
[0.186s] main.cpp:(.text._ZN9__gnu_cxx13new_allocatorI7VehicleE9constructIS1_JRA13_Kc5MotorS7_S7_S7_EEEvPT_DpOT0_[_ZN9__gnu_cxx13new_allocatorI7VehicleE9constructIS1_JRA13_Kc5MotorS7_S7_S7_EEEvPT_DpOT0_]+0x166): undefined reference to `Vehicle::Vehicle(std::__cxx11::basic_string<char, std::char_traits<char>, std::allocator<char> >, Motor, Motor, Motor, Motor)'
[0.186s] /usr/bin/ld: main.cpp:(.text._ZN9__gnu_cxx13new_allocatorI7VehicleE9constructIS1_JRA13_Kc5MotorS7_S7_S7_EEEvPT_DpOT0_[_ZN9__gnu_cxx13new_allocatorI7VehicleE9constructIS1_JRA13_Kc5MotorS7_S7_S7_EEEvPT_DpOT0_]+0x172): undefined reference to `Motor::~Motor()'
[0.187s] /usr/bin/ld: main.cpp:(.text._ZN9__gnu_cxx13new_allocatorI7VehicleE9constructIS1_JRA13_Kc5MotorS7_S7_S7_EEEvPT_DpOT0_[_ZN9__gnu_cxx13new_allocatorI7VehicleE9constructIS1_JRA13_Kc5MotorS7_S7_S7_EEEvPT_DpOT0_]+0x17e): undefined reference to `Motor::~Motor()'
[0.187s] /usr/bin/ld: main.cpp:(.text._ZN9__gnu_cxx13new_allocatorI7VehicleE9constructIS1_JRA13_Kc5MotorS7_S7_S7_EEEvPT_DpOT0_[_ZN9__gnu_cxx13new_allocatorI7VehicleE9constructIS1_JRA13_Kc5MotorS7_S7_S7_EEEvPT_DpOT0_]+0x18d): undefined reference to `Motor::~Motor()'
[0.187s] /usr/bin/ld: main.cpp:(.text._ZN9__gnu_cxx13new_allocatorI7VehicleE9constructIS1_JRA13_Kc5MotorS7_S7_S7_EEEvPT_DpOT0_[_ZN9__gnu_cxx13new_allocatorI7VehicleE9constructIS1_JRA13_Kc5MotorS7_S7_S7_EEEvPT_DpOT0_]+0x19c): undefined reference to `Motor::~Motor()'
[0.187s] /usr/bin/ld: main.cpp:(.text._ZN9__gnu_cxx13new_allocatorI7VehicleE9constructIS1_JRA13_Kc5MotorS7_S7_S7_EEEvPT_DpOT0_[_ZN9__gnu_cxx13new_allocatorI7VehicleE9constructIS1_JRA13_Kc5MotorS7_S7_S7_EEEvPT_DpOT0_]+0x1ee): undefined reference to `Motor::~Motor()'
[0.187s] /usr/bin/ld: CMakeFiles/bb3.dir/src/main.cpp.o:main.cpp:(.text._ZN9__gnu_cxx13new_allocatorI7VehicleE9constructIS1_JRA13_Kc5MotorS7_S7_S7_EEEvPT_DpOT0_[_ZN9__gnu_cxx13new_allocatorI7VehicleE9constructIS1_JRA13_Kc5MotorS7_S7_S7_EEEvPT_DpOT0_]+0x1fa): more undefined references to `Motor::~Motor()' follow
[0.187s] collect2: error: ld returned 1 exit status
[0.187s] make[2]: *** [CMakeFiles/bb3.dir/build.make:136: bb3] Error 1
[0.187s] make[1]: *** [CMakeFiles/Makefile2:78: CMakeFiles/bb3.dir/all] Error 2
[0.188s] make: *** [Makefile:141: all] Error 2
[0.189s] Invoked command in '/home/jesuschrist/projects/beepboop3000/ros2_ws/build/bb3' returned '2': CMAKE_PREFIX_PATH=/opt/ros/foxy /usr/bin/cmake --build /home/jesuschrist/projects/beepboop3000/ros2_ws/build/bb3 -- -j8 -l8
