[0.015s] Invoking command in '/home/jesuschrist/projects/beepboop3000/ros2_ws/build/bb3': CMAKE_PREFIX_PATH=/opt/ros/foxy /usr/bin/cmake --build /home/jesuschrist/projects/beepboop3000/ros2_ws/build/bb3 -- -j8 -l8
[0.057s] [35m[1mScanning dependencies of target bb3[0m
[0.083s] [ 50%] [32mBuilding CXX object CMakeFiles/bb3.dir/src/main.cpp.o[0m
[0.103s] In file included from [01m[K/home/jesuschrist/projects/beepboop3000/ros2_ws/src/bb3/src/Motor.h:2[m[K,
[0.103s]                  from [01m[K/home/jesuschrist/projects/beepboop3000/ros2_ws/src/bb3/src/Vehicle.h:1[m[K,
[0.103s]                  from [01m[K/home/jesuschrist/projects/beepboop3000/ros2_ws/src/bb3/src/main.cpp:1[m[K:
[0.104s] [01m[K/home/jesuschrist/projects/beepboop3000/ros2_ws/src/bb3/src/lib/pigpio.h:4528:6:[m[K [01;35m[Kwarning: [m[K"/*" within comment [[01;35m[K-Wcomment[m[K]
[0.104s]  4528 | /home/* n
[0.104s]       |       
[0.104s] [01m[K/home/jesuschrist/projects/beepboop3000/ros2_ws/src/bb3/src/lib/pigpio.h:4529:22:[m[K [01;35m[Kwarning: [m[K"/*" within comment [[01;35m[K-Wcomment[m[K]
[0.104s]  4529 | /home/pi/shared/dir_1/* w
[0.104s]       |                       
[0.104s] [01m[K/home/jesuschrist/projects/beepboop3000/ros2_ws/src/bb3/src/lib/pigpio.h:4530:22:[m[K [01;35m[Kwarning: [m[K"/*" within comment [[01;35m[K-Wcomment[m[K]
[0.104s]  4530 | /home/pi/shared/dir_2/* r
[0.104s]       |                       
[0.104s] [01m[K/home/jesuschrist/projects/beepboop3000/ros2_ws/src/bb3/src/lib/pigpio.h:4531:22:[m[K [01;35m[Kwarning: [m[K"/*" within comment [[01;35m[K-Wcomment[m[K]
[0.105s]  4531 | /home/pi/shared/dir_3/* u
[0.105s]       |                       
[0.105s] [01m[K/home/jesuschrist/projects/beepboop3000/ros2_ws/src/bb3/src/lib/pigpio.h:4584:11:[m[K [01;35m[Kwarning: [m[K"/*" within comment [[01;35m[K-Wcomment[m[K]
[0.105s]  4584 |    // /ram/*.c r
[0.105s]       |            
[0.105s] [01m[K/home/jesuschrist/projects/beepboop3000/ros2_ws/src/bb3/src/lib/pigpio.h:4740:11:[m[K [01;35m[Kwarning: [m[K"/*" within comment [[01;35m[K-Wcomment[m[K]
[0.105s]  4740 |    // /ram/*.c r
[0.105s]       |            
[1.231s] In file included from [01m[K/home/jesuschrist/projects/beepboop3000/ros2_ws/src/bb3/src/Vehicle.h:1[m[K,
[1.232s]                  from [01m[K/home/jesuschrist/projects/beepboop3000/ros2_ws/src/bb3/src/main.cpp:1[m[K:
[1.232s] [01m[K/home/jesuschrist/projects/beepboop3000/ros2_ws/src/bb3/src/Motor.h:16:21:[m[K [01;31m[Kerror: [m[K‘[01m[Kstd_msgs::float64[m[K’ has not been declared
[1.232s]    16 |  void set(std_msgs::[01;31m[Kfloat64[m[K signal);
[1.232s]       |                     [01;31m[K^~~~~~~[m[K
[1.236s] In file included from [01m[K/home/jesuschrist/projects/beepboop3000/ros2_ws/src/bb3/src/main.cpp:1[m[K:
[1.236s] [01m[K/home/jesuschrist/projects/beepboop3000/ros2_ws/src/bb3/src/Vehicle.h:17:23:[m[K [01;31m[Kerror: [m[K‘[01m[Kgeometry_msgs[m[K’ was not declared in this scope
[1.236s]    17 |  rclcpp::Subscription<[01;31m[Kgeometry_msgs[m[K::Twist>::SharedPtr subscription;
[1.236s]       |                       [01;31m[K^~~~~~~~~~~~~[m[K
[1.237s] [01m[K/home/jesuschrist/projects/beepboop3000/ros2_ws/src/bb3/src/Vehicle.h:17:43:[m[K [01;31m[Kerror: [m[Ktemplate argument 1 is invalid
[1.237s]    17 |  rclcpp::Subscription<geometry_msgs::Twist[01;31m[K>[m[K::SharedPtr subscription;
[1.237s]       |                                           [01;31m[K^[m[K
[1.237s] [01m[K/home/jesuschrist/projects/beepboop3000/ros2_ws/src/bb3/src/Vehicle.h:17:43:[m[K [01;31m[Kerror: [m[Ktemplate argument 3 is invalid
[1.237s] [01m[K/home/jesuschrist/projects/beepboop3000/ros2_ws/src/bb3/src/Vehicle.h:17:46:[m[K [01;31m[Kerror: [m[Kexpected ‘[01m[K;[m[K’ at end of member declaration
[1.237s]    17 |  rclcpp::Subscription<geometry_msgs::Twist>::[01;31m[KSharedPtr[m[K subscription;
[1.237s]       |                                              [01;31m[K^~~~~~~~~[m[K
[1.237s]       |                                                       [32m[K;[m[K
[1.239s] [01m[K/home/jesuschrist/projects/beepboop3000/ros2_ws/src/bb3/src/Vehicle.h:17:56:[m[K [01;31m[Kerror: [m[K‘[01m[Ksubscription[m[K’ does not name a type; did you mean ‘[01m[Krcl_subscription_t[m[K’?
[1.239s]    17 |  rclcpp::Subscription<geometry_msgs::Twist>::SharedPtr [01;31m[Ksubscription[m[K;
[1.239s]       |                                                        [01;31m[K^~~~~~~~~~~~[m[K
[1.240s]       |                                                        [32m[Krcl_subscription_t[m[K
[1.567s] make[2]: *** [CMakeFiles/bb3.dir/build.make:63: CMakeFiles/bb3.dir/src/main.cpp.o] Error 1
[1.568s] make[1]: *** [CMakeFiles/Makefile2:78: CMakeFiles/bb3.dir/all] Error 2
[1.568s] make: *** [Makefile:141: all] Error 2
[1.570s] Invoked command in '/home/jesuschrist/projects/beepboop3000/ros2_ws/build/bb3' returned '2': CMAKE_PREFIX_PATH=/opt/ros/foxy /usr/bin/cmake --build /home/jesuschrist/projects/beepboop3000/ros2_ws/build/bb3 -- -j8 -l8
