[0.015s] Invoking command in '/home/jesuschrist/projects/beepboop3000/build/bb3': CMAKE_PREFIX_PATH=${CMAKE_PREFIX_PATH}:/opt/ros/foxy /usr/bin/cmake --build /home/jesuschrist/projects/beepboop3000/build/bb3 -- -j8 -l8
[0.054s] [35m[1mScanning dependencies of target bb3[0m
[0.086s] [ 50%] [32mBuilding CXX object CMakeFiles/bb3.dir/src/main.cpp.o[0m
[4.785s] [100%] [32m[1mLinking CXX executable bb3[0m
[5.037s] [100%] Built target bb3
[5.049s] Invoked command in '/home/jesuschrist/projects/beepboop3000/build/bb3' returned '0': CMAKE_PREFIX_PATH=${CMAKE_PREFIX_PATH}:/opt/ros/foxy /usr/bin/cmake --build /home/jesuschrist/projects/beepboop3000/build/bb3 -- -j8 -l8
[5.082s] Invoking command in '/home/jesuschrist/projects/beepboop3000/build/bb3': CMAKE_PREFIX_PATH=${CMAKE_PREFIX_PATH}:/opt/ros/foxy /usr/bin/cmake --install /home/jesuschrist/projects/beepboop3000/build/bb3
[5.090s] -- Install configuration: ""
[5.090s] -- Installing: /home/jesuschrist/projects/beepboop3000/install/bb3/lib/bb3/bb3
[5.092s] -- Set runtime path of "/home/jesuschrist/projects/beepboop3000/install/bb3/lib/bb3/bb3" to ""
[5.092s] -- Up-to-date: /home/jesuschrist/projects/beepboop3000/install/bb3/share/ament_index/resource_index/package_run_dependencies/bb3
[5.092s] -- Up-to-date: /home/jesuschrist/projects/beepboop3000/install/bb3/share/ament_index/resource_index/parent_prefix_path/bb3
[5.092s] -- Up-to-date: /home/jesuschrist/projects/beepboop3000/install/bb3/share/bb3/environment/ament_prefix_path.sh
[5.092s] -- Up-to-date: /home/jesuschrist/projects/beepboop3000/install/bb3/share/bb3/environment/ament_prefix_path.dsv
[5.092s] -- Up-to-date: /home/jesuschrist/projects/beepboop3000/install/bb3/share/bb3/environment/path.sh
[5.093s] -- Up-to-date: /home/jesuschrist/projects/beepboop3000/install/bb3/share/bb3/environment/path.dsv
[5.093s] -- Up-to-date: /home/jesuschrist/projects/beepboop3000/install/bb3/share/bb3/local_setup.bash
[5.093s] -- Up-to-date: /home/jesuschrist/projects/beepboop3000/install/bb3/share/bb3/local_setup.sh
[5.093s] -- Up-to-date: /home/jesuschrist/projects/beepboop3000/install/bb3/share/bb3/local_setup.zsh
[5.093s] -- Up-to-date: /home/jesuschrist/projects/beepboop3000/install/bb3/share/bb3/local_setup.dsv
[5.093s] -- Installing: /home/jesuschrist/projects/beepboop3000/install/bb3/share/bb3/package.dsv
[5.093s] -- Up-to-date: /home/jesuschrist/projects/beepboop3000/install/bb3/share/ament_index/resource_index/packages/bb3
[5.093s] -- Up-to-date: /home/jesuschrist/projects/beepboop3000/install/bb3/share/bb3/cmake/bb3Config.cmake
[5.093s] -- Up-to-date: /home/jesuschrist/projects/beepboop3000/install/bb3/share/bb3/cmake/bb3Config-version.cmake
[5.093s] -- Up-to-date: /home/jesuschrist/projects/beepboop3000/install/bb3/share/bb3/package.xml
[5.095s] Invoked command in '/home/jesuschrist/projects/beepboop3000/build/bb3' returned '0': CMAKE_PREFIX_PATH=${CMAKE_PREFIX_PATH}:/opt/ros/foxy /usr/bin/cmake --install /home/jesuschrist/projects/beepboop3000/build/bb3
