[0.014s] Invoking command in '/home/jesuschrist/projects/beepboop3000/ros2_ws/build/bb3': CMAKE_PREFIX_PATH=/opt/ros/foxy /usr/bin/cmake /home/jesuschrist/projects/beepboop3000/ros2_ws/src/bb3 -DCMAKE_INSTALL_PREFIX=/home/jesuschrist/projects/beepboop3000/ros2_ws/install/bb3
[0.099s] -- The C compiler identification is GNU 9.3.0
[0.165s] -- The CXX compiler identification is GNU 9.3.0
[0.170s] -- Check for working C compiler: /usr/bin/cc
[0.231s] -- Check for working C compiler: /usr/bin/cc -- works
[0.232s] -- Detecting C compiler ABI info
[0.296s] -- Detecting C compiler ABI info - done
[0.309s] -- Detecting C compile features
[0.309s] -- Detecting C compile features - done
[0.312s] -- Check for working CXX compiler: /usr/bin/c++
[0.386s] -- Check for working CXX compiler: /usr/bin/c++ -- works
[0.387s] -- Detecting CXX compiler ABI info
[0.462s] -- Detecting CXX compiler ABI info - done
[0.473s] -- Detecting CXX compile features
[0.474s] -- Detecting CXX compile features - done
[0.476s] -- Found ament_cmake: 0.9.8 (/opt/ros/foxy/share/ament_cmake/cmake)
[0.497s] -- Found PythonInterp: /usr/bin/python3 (found suitable version "3.8.5", minimum required is "3") 
[0.497s] -- Using PYTHON_EXECUTABLE: /usr/bin/python3
[0.683s] -- Found rclcpp: 2.3.1 (/opt/ros/foxy/share/rclcpp/cmake)
[0.722s] -- Using all available rosidl_typesupport_c: rosidl_typesupport_fastrtps_c;rosidl_typesupport_introspection_c
[0.728s] -- Found rosidl_adapter: 1.2.1 (/opt/ros/foxy/share/rosidl_adapter/cmake)
[0.788s] -- Found OpenSSL: /usr/lib/x86_64-linux-gnu/libcrypto.so (found version "1.1.1f")  
[0.814s] -- Found FastRTPS: /opt/ros/foxy/include  
[0.883s] -- Using all available rosidl_typesupport_cpp: rosidl_typesupport_fastrtps_cpp;rosidl_typesupport_introspection_cpp
[0.937s] -- Found rmw_implementation_cmake: 1.0.3 (/opt/ros/foxy/share/rmw_implementation_cmake/cmake)
[0.938s] -- Using RMW implementation 'rmw_fastrtps_cpp' as default
[0.939s] -- Looking for pthread.h
[1.006s] -- Looking for pthread.h - found
[1.007s] -- Performing Test CMAKE_HAVE_LIBC_PTHREAD
[1.077s] -- Performing Test CMAKE_HAVE_LIBC_PTHREAD - Failed
[1.077s] -- Looking for pthread_create in pthreads
[1.132s] -- Looking for pthread_create in pthreads - not found
[1.132s] -- Looking for pthread_create in pthread
[1.194s] -- Looking for pthread_create in pthread - found
[1.195s] -- Found Threads: TRUE  
[1.336s] -- Found ament_lint_auto: 0.9.6 (/opt/ros/foxy/share/ament_lint_auto/cmake)
[1.404s] -- Added test 'copyright' to check source files copyright and LICENSE
[1.406s] -- Added test 'cppcheck' to perform static code analysis on C / C++ code
[1.406s] -- Configured cppcheck include dirs: 
[1.406s] -- Configured cppcheck exclude dirs and/or files: 
[1.407s] -- Added test 'cpplint' to check C / C++ code against the Google style
[1.407s] -- Configured cpplint exclude dirs and/or files: 
[1.408s] -- Added test 'lint_cmake' to check CMake code style
[1.409s] -- Added test 'uncrustify' to check C / C++ code style
[1.409s] -- Configured uncrustify additional arguments: 
[1.410s] -- Added test 'xmllint' to check XML markup files
[1.413s] -- Configuring done
[1.419s] -- Generating done
[1.421s] -- Build files have been written to: /home/jesuschrist/projects/beepboop3000/ros2_ws/build/bb3
[1.429s] Invoked command in '/home/jesuschrist/projects/beepboop3000/ros2_ws/build/bb3' returned '0': CMAKE_PREFIX_PATH=/opt/ros/foxy /usr/bin/cmake /home/jesuschrist/projects/beepboop3000/ros2_ws/src/bb3 -DCMAKE_INSTALL_PREFIX=/home/jesuschrist/projects/beepboop3000/ros2_ws/install/bb3
[1.432s] Invoking command in '/home/jesuschrist/projects/beepboop3000/ros2_ws/build/bb3': CMAKE_PREFIX_PATH=/opt/ros/foxy /usr/bin/cmake --build /home/jesuschrist/projects/beepboop3000/ros2_ws/build/bb3 -- -j8 -l8
[1.472s] [35m[1mScanning dependencies of target bb3[0m
[1.548s] [ 50%] [32mBuilding CXX object CMakeFiles/bb3.dir/src/main.cpp.o[0m
[1.591s] In file included from [01m[K/home/jesuschrist/projects/beepboop3000/ros2_ws/src/bb3/src/Vehicle.h:1[m[K,
[1.592s]                  from [01m[K/home/jesuschrist/projects/beepboop3000/ros2_ws/src/bb3/src/main.cpp:1[m[K:
[1.592s] [01m[K/home/jesuschrist/projects/beepboop3000/ros2_ws/src/bb3/src/Motor.h:2:10:[m[K [01;31m[Kfatal error: [m[Klib/pigpio.h: No such file or directory
[1.592s]     2 | #include [01;31m[K<lib/pigpio.h>[m[K
[1.592s]       |          [01;31m[K^~~~~~~~~~~~~~[m[K
[1.592s] compilation terminated.
[1.593s] make[2]: *** [CMakeFiles/bb3.dir/build.make:63: CMakeFiles/bb3.dir/src/main.cpp.o] Error 1
[1.593s] make[1]: *** [CMakeFiles/Makefile2:78: CMakeFiles/bb3.dir/all] Error 2
[1.593s] make: *** [Makefile:141: all] Error 2
[1.595s] Invoked command in '/home/jesuschrist/projects/beepboop3000/ros2_ws/build/bb3' returned '2': CMAKE_PREFIX_PATH=/opt/ros/foxy /usr/bin/cmake --build /home/jesuschrist/projects/beepboop3000/ros2_ws/build/bb3 -- -j8 -l8
