[0.012s] Invoking command in '/home/jesuschrist/projects/beepboop3000/ros2_ws/build/bb3': CMAKE_PREFIX_PATH=/opt/ros/foxy /usr/bin/cmake --build /home/jesuschrist/projects/beepboop3000/ros2_ws/build/bb3 -- -j8 -l8
[0.054s] [35m[1mScanning dependencies of target bb3[0m
[0.080s] [ 50%] [32mBuilding CXX object CMakeFiles/bb3.dir/src/main.cpp.o[0m
[0.099s] In file included from [01m[K/home/jesuschrist/projects/beepboop3000/ros2_ws/src/bb3/src/Motor.h:2[m[K,
[0.099s]                  from [01m[K/home/jesuschrist/projects/beepboop3000/ros2_ws/src/bb3/src/Vehicle.h:1[m[K,
[0.100s]                  from [01m[K/home/jesuschrist/projects/beepboop3000/ros2_ws/src/bb3/src/main.cpp:1[m[K:
[0.100s] [01m[K/home/jesuschrist/projects/beepboop3000/ros2_ws/src/bb3/src/lib/pigpio.h:4528:6:[m[K [01;35m[Kwarning: [m[K"/*" within comment [[01;35m[K-Wcomment[m[K]
[0.100s]  4528 | /home/* n
[0.100s]       |       
[0.100s] [01m[K/home/jesuschrist/projects/beepboop3000/ros2_ws/src/bb3/src/lib/pigpio.h:4529:22:[m[K [01;35m[Kwarning: [m[K"/*" within comment [[01;35m[K-Wcomment[m[K]
[0.100s]  4529 | /home/pi/shared/dir_1/* w
[0.100s]       |                       
[0.100s] [01m[K/home/jesuschrist/projects/beepboop3000/ros2_ws/src/bb3/src/lib/pigpio.h:4530:22:[m[K [01;35m[Kwarning: [m[K"/*" within comment [[01;35m[K-Wcomment[m[K]
[0.100s]  4530 | /home/pi/shared/dir_2/* r
[0.100s]       |                       
[0.101s] [01m[K/home/jesuschrist/projects/beepboop3000/ros2_ws/src/bb3/src/lib/pigpio.h:4531:22:[m[K [01;35m[Kwarning: [m[K"/*" within comment [[01;35m[K-Wcomment[m[K]
[0.101s]  4531 | /home/pi/shared/dir_3/* u
[0.101s]       |                       
[0.101s] [01m[K/home/jesuschrist/projects/beepboop3000/ros2_ws/src/bb3/src/lib/pigpio.h:4584:11:[m[K [01;35m[Kwarning: [m[K"/*" within comment [[01;35m[K-Wcomment[m[K]
[0.101s]  4584 |    // /ram/*.c r
[0.101s]       |            
[0.101s] [01m[K/home/jesuschrist/projects/beepboop3000/ros2_ws/src/bb3/src/lib/pigpio.h:4740:11:[m[K [01;35m[Kwarning: [m[K"/*" within comment [[01;35m[K-Wcomment[m[K]
[0.101s]  4740 |    // /ram/*.c r
[0.101s]       |            
[1.614s] [100%] [32m[1mLinking CXX executable bb3[0m
[1.718s] /usr/bin/ld: CMakeFiles/bb3.dir/src/main.cpp.o: in function `main':
[1.719s] main.cpp:(.text+0xd4): undefined reference to `gpioInitialise'
[1.719s] /usr/bin/ld: CMakeFiles/bb3.dir/src/main.cpp.o: in function `Motor::Motor(int, int, int)':
[1.719s] main.cpp:(.text._ZN5MotorC2Eiii[_ZN5MotorC5Eiii]+0x41): undefined reference to `gpioSetMode'
[1.719s] /usr/bin/ld: main.cpp:(.text._ZN5MotorC2Eiii[_ZN5MotorC5Eiii]+0x50): undefined reference to `gpioSetMode'
[1.719s] /usr/bin/ld: main.cpp:(.text._ZN5MotorC2Eiii[_ZN5MotorC5Eiii]+0x5f): undefined reference to `gpioSetMode'
[1.719s] /usr/bin/ld: main.cpp:(.text._ZN5MotorC2Eiii[_ZN5MotorC5Eiii]+0x6b): undefined reference to `Motor::set_off()'
[1.719s] /usr/bin/ld: CMakeFiles/bb3.dir/src/main.cpp.o: in function `void __gnu_cxx::new_allocator<Vehicle>::construct<Vehicle, char const (&) [13], Motor, Motor, Motor, Motor>(Vehicle*, char const (&) [13], Motor&&, Motor&&, Motor&&, Motor&&)':
[1.719s] main.cpp:(.text._ZN9__gnu_cxx13new_allocatorI7VehicleE9constructIS1_JRA13_Kc5MotorS7_S7_S7_EEEvPT_DpOT0_[_ZN9__gnu_cxx13new_allocatorI7VehicleE9constructIS1_JRA13_Kc5MotorS7_S7_S7_EEEvPT_DpOT0_]+0x16b): undefined reference to `Vehicle::Vehicle(std::__cxx11::basic_string<char, std::char_traits<char>, std::allocator<char> >, Motor, Motor, Motor, Motor)'
[1.719s] collect2: error: ld returned 1 exit status
[1.720s] make[2]: *** [CMakeFiles/bb3.dir/build.make:136: bb3] Error 1
[1.720s] make[1]: *** [CMakeFiles/Makefile2:78: CMakeFiles/bb3.dir/all] Error 2
[1.720s] make: *** [Makefile:141: all] Error 2
[1.723s] Invoked command in '/home/jesuschrist/projects/beepboop3000/ros2_ws/build/bb3' returned '2': CMAKE_PREFIX_PATH=/opt/ros/foxy /usr/bin/cmake --build /home/jesuschrist/projects/beepboop3000/ros2_ws/build/bb3 -- -j8 -l8
