[35m[1mScanning dependencies of target bb3[0m
[ 50%] [32mBuilding CXX object CMakeFiles/bb3.dir/src/main.cpp.o[0m
In file included from [01m[K/home/jesuschrist/projects/beepboop3000/ros2_ws/src/bb3/src/Motor.h:2[m[K,
                 from [01m[K/home/jesuschrist/projects/beepboop3000/ros2_ws/src/bb3/src/Vehicle.h:1[m[K,
                 from [01m[K/home/jesuschrist/projects/beepboop3000/ros2_ws/src/bb3/src/main.cpp:1[m[K:
[01m[K/home/jesuschrist/projects/beepboop3000/ros2_ws/src/bb3/src/lib/pigpio.h:4528:6:[m[K [01;35m[Kwarning: [m[K"/*" within comment [[01;35m[K-Wcomment[m[K]
 4528 | /home/* n
      |       
[01m[K/home/jesuschrist/projects/beepboop3000/ros2_ws/src/bb3/src/lib/pigpio.h:4529:22:[m[K [01;35m[Kwarning: [m[K"/*" within comment [[01;35m[K-Wcomment[m[K]
 4529 | /home/pi/shared/dir_1/* w
      |                       
[01m[K/home/jesuschrist/projects/beepboop3000/ros2_ws/src/bb3/src/lib/pigpio.h:4530:22:[m[K [01;35m[Kwarning: [m[K"/*" within comment [[01;35m[K-Wcomment[m[K]
 4530 | /home/pi/shared/dir_2/* r
      |                       
[01m[K/home/jesuschrist/projects/beepboop3000/ros2_ws/src/bb3/src/lib/pigpio.h:4531:22:[m[K [01;35m[Kwarning: [m[K"/*" within comment [[01;35m[K-Wcomment[m[K]
 4531 | /home/pi/shared/dir_3/* u
      |                       
[01m[K/home/jesuschrist/projects/beepboop3000/ros2_ws/src/bb3/src/lib/pigpio.h:4584:11:[m[K [01;35m[Kwarning: [m[K"/*" within comment [[01;35m[K-Wcomment[m[K]
 4584 |    // /ram/*.c r
      |            
[01m[K/home/jesuschrist/projects/beepboop3000/ros2_ws/src/bb3/src/lib/pigpio.h:4740:11:[m[K [01;35m[Kwarning: [m[K"/*" within comment [[01;35m[K-Wcomment[m[K]
 4740 |    // /ram/*.c r
      |            
In file included from [01m[K/home/jesuschrist/projects/beepboop3000/ros2_ws/src/bb3/src/Vehicle.h:1[m[K,
                 from [01m[K/home/jesuschrist/projects/beepboop3000/ros2_ws/src/bb3/src/main.cpp:1[m[K:
[01m[K/home/jesuschrist/projects/beepboop3000/ros2_ws/src/bb3/src/Motor.h:16:11:[m[K [01;31m[Kerror: [m[K‘[01m[Kstd_msgs[m[K’ has not been declared
   16 |  void set([01;31m[Kstd_msgs[m[K::float64 signal);
      |           [01;31m[K^~~~~~~~[m[K
[01m[K/home/jesuschrist/projects/beepboop3000/ros2_ws/src/bb3/src/Motor.h:16:29:[m[K [01;31m[Kerror: [m[Kexpected ‘[01m[K,[m[K’ or ‘[01m[K...[m[K’ before ‘[01m[Ksignal[m[K’
   16 |  void set(std_msgs::float64 [01;31m[Ksignal[m[K);
      |                             [01;31m[K^~~~~~[m[K
In file included from [01m[K/home/jesuschrist/projects/beepboop3000/ros2_ws/src/bb3/src/main.cpp:1[m[K:
[01m[K/home/jesuschrist/projects/beepboop3000/ros2_ws/src/bb3/src/Vehicle.h:17:38:[m[K [01;31m[Kerror: [m[K‘[01m[KTwist[m[K’ is not a member of ‘[01m[Kgeometry_msgs[m[K’; did you mean ‘[01m[Kgeometry_msgs::msg::Twist[m[K’?
   17 |  rclcpp::Subscription<geometry_msgs::[01;31m[KTwist[m[K>::SharedPtr subscription;
      |                                      [01;31m[K^~~~~[m[K
In file included from [01m[K/opt/ros/foxy/include/geometry_msgs/msg/twist.hpp:7[m[K,
                 from [01m[K/home/jesuschrist/projects/beepboop3000/ros2_ws/src/bb3/src/Motor.h:3[m[K,
                 from [01m[K/home/jesuschrist/projects/beepboop3000/ros2_ws/src/bb3/src/Vehicle.h:1[m[K,
                 from [01m[K/home/jesuschrist/projects/beepboop3000/ros2_ws/src/bb3/src/main.cpp:1[m[K:
[01m[K/opt/ros/foxy/include/geometry_msgs/msg/detail/twist__struct.hpp:133:7:[m[K [01;36m[Knote: [m[K‘[01m[Kgeometry_msgs::msg::Twist[m[K’ declared here
  133 | using [01;36m[KTwist[m[K =
      |       [01;36m[K^~~~~[m[K
In file included from [01m[K/home/jesuschrist/projects/beepboop3000/ros2_ws/src/bb3/src/main.cpp:1[m[K:
[01m[K/home/jesuschrist/projects/beepboop3000/ros2_ws/src/bb3/src/Vehicle.h:17:38:[m[K [01;31m[Kerror: [m[K‘[01m[KTwist[m[K’ is not a member of ‘[01m[Kgeometry_msgs[m[K’; did you mean ‘[01m[Kgeometry_msgs::msg::Twist[m[K’?
   17 |  rclcpp::Subscription<geometry_msgs::[01;31m[KTwist[m[K>::SharedPtr subscription;
      |                                      [01;31m[K^~~~~[m[K
In file included from [01m[K/opt/ros/foxy/include/geometry_msgs/msg/twist.hpp:7[m[K,
                 from [01m[K/home/jesuschrist/projects/beepboop3000/ros2_ws/src/bb3/src/Motor.h:3[m[K,
                 from [01m[K/home/jesuschrist/projects/beepboop3000/ros2_ws/src/bb3/src/Vehicle.h:1[m[K,
                 from [01m[K/home/jesuschrist/projects/beepboop3000/ros2_ws/src/bb3/src/main.cpp:1[m[K:
[01m[K/opt/ros/foxy/include/geometry_msgs/msg/detail/twist__struct.hpp:133:7:[m[K [01;36m[Knote: [m[K‘[01m[Kgeometry_msgs::msg::Twist[m[K’ declared here
  133 | using [01;36m[KTwist[m[K =
      |       [01;36m[K^~~~~[m[K
In file included from [01m[K/home/jesuschrist/projects/beepboop3000/ros2_ws/src/bb3/src/main.cpp:1[m[K:
[01m[K/home/jesuschrist/projects/beepboop3000/ros2_ws/src/bb3/src/Vehicle.h:17:43:[m[K [01;31m[Kerror: [m[Ktemplate argument 1 is invalid
   17 |  rclcpp::Subscription<geometry_msgs::Twist[01;31m[K>[m[K::SharedPtr subscription;
      |                                           [01;31m[K^[m[K
[01m[K/home/jesuschrist/projects/beepboop3000/ros2_ws/src/bb3/src/Vehicle.h:17:43:[m[K [01;31m[Kerror: [m[Ktemplate argument 3 is invalid
[01m[K/home/jesuschrist/projects/beepboop3000/ros2_ws/src/bb3/src/Vehicle.h:17:46:[m[K [01;31m[Kerror: [m[Kexpected ‘[01m[K;[m[K’ at end of member declaration
   17 |  rclcpp::Subscription<geometry_msgs::Twist>::[01;31m[KSharedPtr[m[K subscription;
      |                                              [01;31m[K^~~~~~~~~[m[K
      |                                                       [32m[K;[m[K
[01m[K/home/jesuschrist/projects/beepboop3000/ros2_ws/src/bb3/src/Vehicle.h:17:56:[m[K [01;31m[Kerror: [m[K‘[01m[Ksubscription[m[K’ does not name a type; did you mean ‘[01m[Krcl_subscription_t[m[K’?
   17 |  rclcpp::Subscription<geometry_msgs::Twist>::SharedPtr [01;31m[Ksubscription[m[K;
      |                                                        [01;31m[K^~~~~~~~~~~~[m[K
      |                                                        [32m[Krcl_subscription_t[m[K
make[2]: *** [CMakeFiles/bb3.dir/build.make:63: CMakeFiles/bb3.dir/src/main.cpp.o] Error 1
make[1]: *** [CMakeFiles/Makefile2:78: CMakeFiles/bb3.dir/all] Error 2
make: *** [Makefile:141: all] Error 2
