[0.014s] Invoking command in '/home/jesuschrist/projects/beepboop3000/build/bb3': CMAKE_PREFIX_PATH=/opt/ros/foxy /usr/bin/cmake --build /home/jesuschrist/projects/beepboop3000/build/bb3 -- -j8 -l8
[0.042s] -- Found ament_cmake: 0.9.8 (/opt/ros/foxy/share/ament_cmake/cmake)
[0.063s] -- Using PYTHON_EXECUTABLE: /usr/bin/python3
[0.234s] -- Found rclcpp: 2.3.1 (/opt/ros/foxy/share/rclcpp/cmake)
[0.263s] -- Using all available rosidl_typesupport_c: rosidl_typesupport_fastrtps_c;rosidl_typesupport_introspection_c
[0.267s] -- Found rosidl_adapter: 1.2.1 (/opt/ros/foxy/share/rosidl_adapter/cmake)
[0.373s] -- Using all available rosidl_typesupport_cpp: rosidl_typesupport_fastrtps_cpp;rosidl_typesupport_introspection_cpp
[0.418s] -- Found rmw_implementation_cmake: 1.0.3 (/opt/ros/foxy/share/rmw_implementation_cmake/cmake)
[0.419s] -- Using RMW implementation 'rmw_fastrtps_cpp' as default
[0.552s] -- Found geometry_msgs: 2.0.4 (/opt/ros/foxy/share/geometry_msgs/cmake)
[0.592s] CMake Error at CMakeLists.txt:18 (find_package):
[0.592s]   By not providing "Findpigpio.cmake" in CMAKE_MODULE_PATH this project has
[0.592s]   asked CMake to find a package configuration file provided by "pigpio", but
[0.592s]   CMake did not find one.
[0.592s] 
[0.592s]   Could not find a package configuration file provided by "pigpio" with any
[0.593s]   of the following names:
[0.593s] 
[0.593s]     pigpioConfig.cmake
[0.593s]     pigpio-config.cmake
[0.593s] 
[0.593s]   Add the installation prefix of "pigpio" to CMAKE_PREFIX_PATH or set
[0.593s]   "pigpio_DIR" to a directory containing one of the above files.  If "pigpio"
[0.593s]   provides a separate development package or SDK, be sure it has been
[0.594s]   installed.
[0.594s] 
[0.594s] 
[0.594s] -- Configuring incomplete, errors occurred!
[0.594s] See also "/home/jesuschrist/projects/beepboop3000/build/bb3/CMakeFiles/CMakeOutput.log".
[0.594s] See also "/home/jesuschrist/projects/beepboop3000/build/bb3/CMakeFiles/CMakeError.log".
[0.599s] make: *** [Makefile:266: cmake_check_build_system] Error 1
[0.601s] Invoked command in '/home/jesuschrist/projects/beepboop3000/build/bb3' returned '2': CMAKE_PREFIX_PATH=/opt/ros/foxy /usr/bin/cmake --build /home/jesuschrist/projects/beepboop3000/build/bb3 -- -j8 -l8
