[0.014s] Invoking command in '/home/jesuschrist/projects/beepboop3000/build/bb3': CMAKE_PREFIX_PATH=/opt/ros/foxy /usr/bin/cmake --build /home/jesuschrist/projects/beepboop3000/build/bb3 -- -j8 -l8
[0.040s] -- Found ament_cmake: 0.9.8 (/opt/ros/foxy/share/ament_cmake/cmake)
[0.060s] -- Using PYTHON_EXECUTABLE: /usr/bin/python3
[0.224s] -- Found rclcpp: 2.3.1 (/opt/ros/foxy/share/rclcpp/cmake)
[0.257s] -- Using all available rosidl_typesupport_c: rosidl_typesupport_fastrtps_c;rosidl_typesupport_introspection_c
[0.261s] -- Found rosidl_adapter: 1.2.1 (/opt/ros/foxy/share/rosidl_adapter/cmake)
[0.376s] -- Using all available rosidl_typesupport_cpp: rosidl_typesupport_fastrtps_cpp;rosidl_typesupport_introspection_cpp
[0.429s] -- Found rmw_implementation_cmake: 1.0.3 (/opt/ros/foxy/share/rmw_implementation_cmake/cmake)
[0.431s] -- Using RMW implementation 'rmw_fastrtps_cpp' as default
[0.587s] -- Found geometry_msgs: 2.0.4 (/opt/ros/foxy/share/geometry_msgs/cmake)
[0.648s] CMake Error at CMakeLists.txt:18 (find_package):
[0.648s]   By not providing "Findpigpio.cmake" in CMAKE_MODULE_PATH this project has
[0.648s]   asked CMake to find a package configuration file provided by "pigpio", but
[0.648s]   CMake did not find one.
[0.648s] 
[0.648s]   Could not find a package configuration file provided by "pigpio" with any
[0.648s]   of the following names:
[0.648s] 
[0.648s]     pigpioConfig.cmake
[0.649s]     pigpio-config.cmake
[0.649s] 
[0.649s]   Add the installation prefix of "pigpio" to CMAKE_PREFIX_PATH or set
[0.649s]   "pigpio_DIR" to a directory containing one of the above files.  If "pigpio"
[0.649s]   provides a separate development package or SDK, be sure it has been
[0.649s]   installed.
[0.649s] 
[0.649s] 
[0.650s] -- Configuring incomplete, errors occurred!
[0.650s] See also "/home/jesuschrist/projects/beepboop3000/build/bb3/CMakeFiles/CMakeOutput.log".
[0.650s] See also "/home/jesuschrist/projects/beepboop3000/build/bb3/CMakeFiles/CMakeError.log".
[0.660s] make: *** [Makefile:266: cmake_check_build_system] Error 1
[0.663s] Invoked command in '/home/jesuschrist/projects/beepboop3000/build/bb3' returned '2': CMAKE_PREFIX_PATH=/opt/ros/foxy /usr/bin/cmake --build /home/jesuschrist/projects/beepboop3000/build/bb3 -- -j8 -l8
