[0.014s] Invoking command in '/home/jesuschrist/projects/beepboop3000/build/bb3': CMAKE_PREFIX_PATH=${CMAKE_PREFIX_PATH}:/opt/ros/foxy /usr/bin/cmake /home/jesuschrist/projects/beepboop3000/ros2_ws/src/bb3 -DCMAKE_INSTALL_PREFIX=/home/jesuschrist/projects/beepboop3000/install/bb3
[0.100s] -- The C compiler identification is GNU 9.3.0
[0.154s] -- The CXX compiler identification is GNU 9.3.0
[0.159s] -- Check for working C compiler: /usr/bin/cc
[0.223s] -- Check for working C compiler: /usr/bin/cc -- works
[0.225s] -- Detecting C compiler ABI info
[0.286s] -- Detecting C compiler ABI info - done
[0.297s] -- Detecting C compile features
[0.297s] -- Detecting C compile features - done
[0.300s] -- Check for working CXX compiler: /usr/bin/c++
[0.370s] -- Check for working CXX compiler: /usr/bin/c++ -- works
[0.371s] -- Detecting CXX compiler ABI info
[0.442s] -- Detecting CXX compiler ABI info - done
[0.454s] -- Detecting CXX compile features
[0.454s] -- Detecting CXX compile features - done
[0.456s] -- Found ament_cmake: 0.9.8 (/opt/ros/foxy/share/ament_cmake/cmake)
[0.477s] -- Found PythonInterp: /usr/bin/python3 (found suitable version "3.8.5", minimum required is "3") 
[0.478s] -- Using PYTHON_EXECUTABLE: /usr/bin/python3
[0.661s] -- Found rclcpp: 2.3.1 (/opt/ros/foxy/share/rclcpp/cmake)
[0.700s] -- Using all available rosidl_typesupport_c: rosidl_typesupport_fastrtps_c;rosidl_typesupport_introspection_c
[0.706s] -- Found rosidl_adapter: 1.2.1 (/opt/ros/foxy/share/rosidl_adapter/cmake)
[0.769s] -- Found OpenSSL: /usr/lib/x86_64-linux-gnu/libcrypto.so (found version "1.1.1f")  
[0.795s] -- Found FastRTPS: /opt/ros/foxy/include  
[0.867s] -- Using all available rosidl_typesupport_cpp: rosidl_typesupport_fastrtps_cpp;rosidl_typesupport_introspection_cpp
[0.919s] -- Found rmw_implementation_cmake: 1.0.3 (/opt/ros/foxy/share/rmw_implementation_cmake/cmake)
[0.921s] -- Using RMW implementation 'rmw_fastrtps_cpp' as default
[0.922s] -- Looking for pthread.h
[0.989s] -- Looking for pthread.h - found
[0.989s] -- Performing Test CMAKE_HAVE_LIBC_PTHREAD
[1.058s] -- Performing Test CMAKE_HAVE_LIBC_PTHREAD - Failed
[1.058s] -- Looking for pthread_create in pthreads
[1.120s] -- Looking for pthread_create in pthreads - not found
[1.121s] -- Looking for pthread_create in pthread
[1.188s] -- Looking for pthread_create in pthread - found
[1.189s] -- Found Threads: TRUE  
[1.340s] -- Found geometry_msgs: 2.0.4 (/opt/ros/foxy/share/geometry_msgs/cmake)
[1.373s] -- Found pigpio: /usr/local/include  
[1.428s] -- Configuring done
[1.435s] -- Generating done
[1.437s] -- Build files have been written to: /home/jesuschrist/projects/beepboop3000/build/bb3
[1.445s] Invoked command in '/home/jesuschrist/projects/beepboop3000/build/bb3' returned '0': CMAKE_PREFIX_PATH=${CMAKE_PREFIX_PATH}:/opt/ros/foxy /usr/bin/cmake /home/jesuschrist/projects/beepboop3000/ros2_ws/src/bb3 -DCMAKE_INSTALL_PREFIX=/home/jesuschrist/projects/beepboop3000/install/bb3
[1.448s] Invoking command in '/home/jesuschrist/projects/beepboop3000/build/bb3': CMAKE_PREFIX_PATH=${CMAKE_PREFIX_PATH}:/opt/ros/foxy /usr/bin/cmake --build /home/jesuschrist/projects/beepboop3000/build/bb3 -- -j8 -l8
[1.486s] [35m[1mScanning dependencies of target bb3[0m
[1.520s] [ 50%] [32mBuilding CXX object CMakeFiles/bb3.dir/src/main.cpp.o[0m
[5.896s] [100%] [32m[1mLinking CXX executable bb3[0m
[6.148s] [100%] Built target bb3
[6.161s] Invoked command in '/home/jesuschrist/projects/beepboop3000/build/bb3' returned '0': CMAKE_PREFIX_PATH=${CMAKE_PREFIX_PATH}:/opt/ros/foxy /usr/bin/cmake --build /home/jesuschrist/projects/beepboop3000/build/bb3 -- -j8 -l8
[6.193s] Invoking command in '/home/jesuschrist/projects/beepboop3000/build/bb3': CMAKE_PREFIX_PATH=${CMAKE_PREFIX_PATH}:/opt/ros/foxy /usr/bin/cmake --install /home/jesuschrist/projects/beepboop3000/build/bb3
[6.202s] -- Install configuration: ""
[6.203s] -- Installing: /home/jesuschrist/projects/beepboop3000/install/bb3/lib/bb3/bb3
[6.205s] -- Set runtime path of "/home/jesuschrist/projects/beepboop3000/install/bb3/lib/bb3/bb3" to ""
[6.205s] -- Installing: /home/jesuschrist/projects/beepboop3000/install/bb3/share/ament_index/resource_index/package_run_dependencies/bb3
[6.205s] -- Installing: /home/jesuschrist/projects/beepboop3000/install/bb3/share/ament_index/resource_index/parent_prefix_path/bb3
[6.205s] -- Up-to-date: /home/jesuschrist/projects/beepboop3000/install/bb3/share/bb3/environment/ament_prefix_path.sh
[6.205s] -- Installing: /home/jesuschrist/projects/beepboop3000/install/bb3/share/bb3/environment/ament_prefix_path.dsv
[6.206s] -- Up-to-date: /home/jesuschrist/projects/beepboop3000/install/bb3/share/bb3/environment/path.sh
[6.206s] -- Installing: /home/jesuschrist/projects/beepboop3000/install/bb3/share/bb3/environment/path.dsv
[6.206s] -- Installing: /home/jesuschrist/projects/beepboop3000/install/bb3/share/bb3/local_setup.bash
[6.206s] -- Installing: /home/jesuschrist/projects/beepboop3000/install/bb3/share/bb3/local_setup.sh
[6.206s] -- Installing: /home/jesuschrist/projects/beepboop3000/install/bb3/share/bb3/local_setup.zsh
[6.206s] -- Installing: /home/jesuschrist/projects/beepboop3000/install/bb3/share/bb3/local_setup.dsv
[6.206s] -- Installing: /home/jesuschrist/projects/beepboop3000/install/bb3/share/bb3/package.dsv
[6.207s] -- Installing: /home/jesuschrist/projects/beepboop3000/install/bb3/share/ament_index/resource_index/packages/bb3
[6.207s] -- Installing: /home/jesuschrist/projects/beepboop3000/install/bb3/share/bb3/cmake/bb3Config.cmake
[6.207s] -- Installing: /home/jesuschrist/projects/beepboop3000/install/bb3/share/bb3/cmake/bb3Config-version.cmake
[6.207s] -- Installing: /home/jesuschrist/projects/beepboop3000/install/bb3/share/bb3/package.xml
[6.209s] Invoked command in '/home/jesuschrist/projects/beepboop3000/build/bb3' returned '0': CMAKE_PREFIX_PATH=${CMAKE_PREFIX_PATH}:/opt/ros/foxy /usr/bin/cmake --install /home/jesuschrist/projects/beepboop3000/build/bb3
