[0.013s] Invoking command in '/home/jesuschrist/projects/beepboop3000/ros2_ws/build/bb3': CMAKE_PREFIX_PATH=/opt/ros/foxy /usr/bin/cmake --build /home/jesuschrist/projects/beepboop3000/ros2_ws/build/bb3 -- -j8 -l8
[0.041s] -- Found ament_cmake: 0.9.8 (/opt/ros/foxy/share/ament_cmake/cmake)
[0.060s] -- Using PYTHON_EXECUTABLE: /usr/bin/python3
[0.231s] -- Found rclcpp: 2.3.1 (/opt/ros/foxy/share/rclcpp/cmake)
[0.262s] -- Using all available rosidl_typesupport_c: rosidl_typesupport_fastrtps_c;rosidl_typesupport_introspection_c
[0.266s] -- Found rosidl_adapter: 1.2.1 (/opt/ros/foxy/share/rosidl_adapter/cmake)
[0.377s] -- Using all available rosidl_typesupport_cpp: rosidl_typesupport_fastrtps_cpp;rosidl_typesupport_introspection_cpp
[0.423s] -- Found rmw_implementation_cmake: 1.0.3 (/opt/ros/foxy/share/rmw_implementation_cmake/cmake)
[0.424s] -- Using RMW implementation 'rmw_fastrtps_cpp' as default
[0.555s] -- Found geometry_msgs: 2.0.4 (/opt/ros/foxy/share/geometry_msgs/cmake)
[0.586s] -- Found ament_lint_auto: 0.9.6 (/opt/ros/foxy/share/ament_lint_auto/cmake)
[0.649s] -- Added test 'copyright' to check source files copyright and LICENSE
[0.650s] -- Added test 'cppcheck' to perform static code analysis on C / C++ code
[0.650s] -- Configured cppcheck include dirs: /home/jesuschrist/projects/beepboop3000/ros2_ws/src/bb3/lib
[0.650s] -- Configured cppcheck exclude dirs and/or files: 
[0.651s] -- Added test 'cpplint' to check C / C++ code against the Google style
[0.651s] -- Configured cpplint exclude dirs and/or files: 
[0.652s] -- Added test 'lint_cmake' to check CMake code style
[0.653s] -- Added test 'uncrustify' to check C / C++ code style
[0.653s] -- Configured uncrustify additional arguments: 
[0.653s] -- Added test 'xmllint' to check XML markup files
[0.657s] -- Configuring done
[0.666s] -- Generating done
[0.667s] -- Build files have been written to: /home/jesuschrist/projects/beepboop3000/ros2_ws/build/bb3
[0.694s] [35m[1mScanning dependencies of target bb3[0m
[0.722s] [ 50%] [32mBuilding CXX object CMakeFiles/bb3.dir/src/main.cpp.o[0m
[0.744s] In file included from [01m[K/home/jesuschrist/projects/beepboop3000/ros2_ws/src/bb3/src/Motor.h:2[m[K,
[0.744s]                  from [01m[K/home/jesuschrist/projects/beepboop3000/ros2_ws/src/bb3/src/Vehicle.h:1[m[K,
[0.744s]                  from [01m[K/home/jesuschrist/projects/beepboop3000/ros2_ws/src/bb3/src/main.cpp:1[m[K:
[0.744s] [01m[K/home/jesuschrist/projects/beepboop3000/ros2_ws/src/bb3/src/lib/pigpio.h:4528:6:[m[K [01;35m[Kwarning: [m[K"/*" within comment [[01;35m[K-Wcomment[m[K]
[0.744s]  4528 | /home/* n
[0.744s]       |       
[0.744s] [01m[K/home/jesuschrist/projects/beepboop3000/ros2_ws/src/bb3/src/lib/pigpio.h:4529:22:[m[K [01;35m[Kwarning: [m[K"/*" within comment [[01;35m[K-Wcomment[m[K]
[0.744s]  4529 | /home/pi/shared/dir_1/* w
[0.745s]       |                       
[0.745s] [01m[K/home/jesuschrist/projects/beepboop3000/ros2_ws/src/bb3/src/lib/pigpio.h:4530:22:[m[K [01;35m[Kwarning: [m[K"/*" within comment [[01;35m[K-Wcomment[m[K]
[0.745s]  4530 | /home/pi/shared/dir_2/* r
[0.745s]       |                       
[0.745s] [01m[K/home/jesuschrist/projects/beepboop3000/ros2_ws/src/bb3/src/lib/pigpio.h:4531:22:[m[K [01;35m[Kwarning: [m[K"/*" within comment [[01;35m[K-Wcomment[m[K]
[0.745s]  4531 | /home/pi/shared/dir_3/* u
[0.745s]       |                       
[0.745s] [01m[K/home/jesuschrist/projects/beepboop3000/ros2_ws/src/bb3/src/lib/pigpio.h:4584:11:[m[K [01;35m[Kwarning: [m[K"/*" within comment [[01;35m[K-Wcomment[m[K]
[0.745s]  4584 |    // /ram/*.c r
[0.745s]       |            
[0.746s] [01m[K/home/jesuschrist/projects/beepboop3000/ros2_ws/src/bb3/src/lib/pigpio.h:4740:11:[m[K [01;35m[Kwarning: [m[K"/*" within comment [[01;35m[K-Wcomment[m[K]
[0.746s]  4740 |    // /ram/*.c r
[0.746s]       |            
[2.261s] [100%] [32m[1mLinking CXX executable bb3[0m
[2.361s] /usr/bin/ld: CMakeFiles/bb3.dir/src/main.cpp.o: in function `main':
[2.361s] main.cpp:(.text+0xd4): undefined reference to `gpioInitialise'
[2.362s] /usr/bin/ld: CMakeFiles/bb3.dir/src/main.cpp.o: in function `Motor::Motor(int, int, int)':
[2.362s] main.cpp:(.text._ZN5MotorC2Eiii[_ZN5MotorC5Eiii]+0x41): undefined reference to `gpioSetMode'
[2.362s] /usr/bin/ld: main.cpp:(.text._ZN5MotorC2Eiii[_ZN5MotorC5Eiii]+0x50): undefined reference to `gpioSetMode'
[2.362s] /usr/bin/ld: main.cpp:(.text._ZN5MotorC2Eiii[_ZN5MotorC5Eiii]+0x5f): undefined reference to `gpioSetMode'
[2.362s] /usr/bin/ld: main.cpp:(.text._ZN5MotorC2Eiii[_ZN5MotorC5Eiii]+0x6b): undefined reference to `Motor::set_off()'
[2.362s] /usr/bin/ld: CMakeFiles/bb3.dir/src/main.cpp.o: in function `void __gnu_cxx::new_allocator<Vehicle>::construct<Vehicle, char const (&) [13], Motor, Motor, Motor, Motor>(Vehicle*, char const (&) [13], Motor&&, Motor&&, Motor&&, Motor&&)':
[2.362s] main.cpp:(.text._ZN9__gnu_cxx13new_allocatorI7VehicleE9constructIS1_JRA13_Kc5MotorS7_S7_S7_EEEvPT_DpOT0_[_ZN9__gnu_cxx13new_allocatorI7VehicleE9constructIS1_JRA13_Kc5MotorS7_S7_S7_EEEvPT_DpOT0_]+0x16b): undefined reference to `Vehicle::Vehicle(std::__cxx11::basic_string<char, std::char_traits<char>, std::allocator<char> >, Motor, Motor, Motor, Motor)'
[2.362s] collect2: error: ld returned 1 exit status
[2.363s] make[2]: *** [CMakeFiles/bb3.dir/build.make:136: bb3] Error 1
[2.363s] make[1]: *** [CMakeFiles/Makefile2:78: CMakeFiles/bb3.dir/all] Error 2
[2.364s] make: *** [Makefile:141: all] Error 2
[2.365s] Invoked command in '/home/jesuschrist/projects/beepboop3000/ros2_ws/build/bb3' returned '2': CMAKE_PREFIX_PATH=/opt/ros/foxy /usr/bin/cmake --build /home/jesuschrist/projects/beepboop3000/ros2_ws/build/bb3 -- -j8 -l8
