[0.016s] Invoking command in '/home/jesuschrist/projects/beepboop3000/build/bb3': CMAKE_PREFIX_PATH=/opt/ros/foxy /usr/bin/cmake --build /home/jesuschrist/projects/beepboop3000/build/bb3 -- -j8 -l8
[0.037s] -- CMAKE_MODULE_PATH: 
[0.042s] -- Found ament_cmake: 0.9.8 (/opt/ros/foxy/share/ament_cmake/cmake)
[0.063s] -- Using PYTHON_EXECUTABLE: /usr/bin/python3
[0.228s] -- Found rclcpp: 2.3.1 (/opt/ros/foxy/share/rclcpp/cmake)
[0.260s] -- Using all available rosidl_typesupport_c: rosidl_typesupport_fastrtps_c;rosidl_typesupport_introspection_c
[0.264s] -- Found rosidl_adapter: 1.2.1 (/opt/ros/foxy/share/rosidl_adapter/cmake)
[0.371s] -- Using all available rosidl_typesupport_cpp: rosidl_typesupport_fastrtps_cpp;rosidl_typesupport_introspection_cpp
[0.416s] -- Found rmw_implementation_cmake: 1.0.3 (/opt/ros/foxy/share/rmw_implementation_cmake/cmake)
[0.417s] -- Using RMW implementation 'rmw_fastrtps_cpp' as default
[0.547s] -- Found geometry_msgs: 2.0.4 (/opt/ros/foxy/share/geometry_msgs/cmake)
[0.586s] CMake Error at CMakeLists.txt:20 (find_package):
[0.586s]   By not providing "Findpigpio.cmake" in CMAKE_MODULE_PATH this project has
[0.586s]   asked CMake to find a package configuration file provided by "pigpio", but
[0.587s]   CMake did not find one.
[0.587s] 
[0.587s]   Could not find a package configuration file provided by "pigpio" with any
[0.587s]   of the following names:
[0.587s] 
[0.587s]     pigpioConfig.cmake
[0.587s]     pigpio-config.cmake
[0.588s] 
[0.588s]   Add the installation prefix of "pigpio" to CMAKE_PREFIX_PATH or set
[0.588s]   "pigpio_DIR" to a directory containing one of the above files.  If "pigpio"
[0.588s]   provides a separate development package or SDK, be sure it has been
[0.588s]   installed.
[0.588s] 
[0.588s] 
[0.588s] -- Configuring incomplete, errors occurred!
[0.589s] See also "/home/jesuschrist/projects/beepboop3000/build/bb3/CMakeFiles/CMakeOutput.log".
[0.589s] See also "/home/jesuschrist/projects/beepboop3000/build/bb3/CMakeFiles/CMakeError.log".
[0.594s] make: *** [Makefile:266: cmake_check_build_system] Error 1
[0.596s] Invoked command in '/home/jesuschrist/projects/beepboop3000/build/bb3' returned '2': CMAKE_PREFIX_PATH=/opt/ros/foxy /usr/bin/cmake --build /home/jesuschrist/projects/beepboop3000/build/bb3 -- -j8 -l8
