[0.015s] Invoking command in '/home/jesuschrist/projects/beepboop3000/ros2_ws/build/bb3': CMAKE_PREFIX_PATH=${CMAKE_PREFIX_PATH}:/opt/ros/foxy /usr/bin/cmake --build /home/jesuschrist/projects/beepboop3000/ros2_ws/build/bb3 -- -j8 -l8
[0.040s] -- Found ament_cmake: 0.9.8 (/opt/ros/foxy/share/ament_cmake/cmake)
[0.060s] -- Using PYTHON_EXECUTABLE: /usr/bin/python3
[0.221s] -- Found rclcpp: 2.3.1 (/opt/ros/foxy/share/rclcpp/cmake)
[0.252s] -- Using all available rosidl_typesupport_c: rosidl_typesupport_fastrtps_c;rosidl_typesupport_introspection_c
[0.256s] -- Found rosidl_adapter: 1.2.1 (/opt/ros/foxy/share/rosidl_adapter/cmake)
[0.364s] -- Using all available rosidl_typesupport_cpp: rosidl_typesupport_fastrtps_cpp;rosidl_typesupport_introspection_cpp
[0.410s] -- Found rmw_implementation_cmake: 1.0.3 (/opt/ros/foxy/share/rmw_implementation_cmake/cmake)
[0.412s] -- Using RMW implementation 'rmw_fastrtps_cpp' as default
[0.543s] -- Found geometry_msgs: 2.0.4 (/opt/ros/foxy/share/geometry_msgs/cmake)
[0.575s] -- Found pigpio: /usr/local/include  
[0.634s] -- Configuring done
[0.642s] -- Generating done
[0.644s] -- Build files have been written to: /home/jesuschrist/projects/beepboop3000/ros2_ws/build/bb3
[0.672s] [35m[1mScanning dependencies of target bb3[0m
[0.701s] [ 50%] [32mBuilding CXX object CMakeFiles/bb3.dir/src/main.cpp.o[0m
[0.993s] In file included from [01m[K/home/jesuschrist/projects/beepboop3000/ros2_ws/src/bb3/src/Vehicle.h:1[m[K,
[0.994s]                  from [01m[K/home/jesuschrist/projects/beepboop3000/ros2_ws/src/bb3/src/main.cpp:1[m[K:
[0.994s] [01m[K/home/jesuschrist/projects/beepboop3000/ros2_ws/src/bb3/src/Motor.h:[m[K In constructor ‘[01m[KMotor::Motor(int, int, int, int)[m[K’:
[0.994s] [01m[K/home/jesuschrist/projects/beepboop3000/ros2_ws/src/bb3/src/Motor.h:17:36:[m[K [01;31m[Kerror: [m[Ktoo many arguments to function ‘[01m[Kint set_mode(unsigned int, unsigned int)[m[K’
[0.994s]    17 |   set_mode(pi, gpio_high, PI_OUTPUT[01;31m[K)[m[K;
[0.994s]       |                                    [01;31m[K^[m[K
[0.995s] In file included from [01m[K/home/jesuschrist/projects/beepboop3000/ros2_ws/src/bb3/src/Motor.h:2[m[K,
[0.995s]                  from [01m[K/home/jesuschrist/projects/beepboop3000/ros2_ws/src/bb3/src/Vehicle.h:1[m[K,
[0.995s]                  from [01m[K/home/jesuschrist/projects/beepboop3000/ros2_ws/src/bb3/src/main.cpp:1[m[K:
[0.995s] [01m[K/usr/local/include/pigpiod_if.h:386:5:[m[K [01;36m[Knote: [m[Kdeclared here
[0.995s]   386 | int [01;36m[Kset_mode[m[K(unsigned gpio, unsigned mode);
[0.995s]       |     [01;36m[K^~~~~~~~[m[K
[0.995s] In file included from [01m[K/home/jesuschrist/projects/beepboop3000/ros2_ws/src/bb3/src/Vehicle.h:1[m[K,
[0.995s]                  from [01m[K/home/jesuschrist/projects/beepboop3000/ros2_ws/src/bb3/src/main.cpp:1[m[K:
[0.995s] [01m[K/home/jesuschrist/projects/beepboop3000/ros2_ws/src/bb3/src/Motor.h:18:35:[m[K [01;31m[Kerror: [m[Ktoo many arguments to function ‘[01m[Kint set_mode(unsigned int, unsigned int)[m[K’
[0.996s]    18 |   set_mode(pi, gpio_low, PI_OUTPUT[01;31m[K)[m[K;
[0.996s]       |                                   [01;31m[K^[m[K
[0.996s] In file included from [01m[K/home/jesuschrist/projects/beepboop3000/ros2_ws/src/bb3/src/Motor.h:2[m[K,
[0.996s]                  from [01m[K/home/jesuschrist/projects/beepboop3000/ros2_ws/src/bb3/src/Vehicle.h:1[m[K,
[0.996s]                  from [01m[K/home/jesuschrist/projects/beepboop3000/ros2_ws/src/bb3/src/main.cpp:1[m[K:
[0.996s] [01m[K/usr/local/include/pigpiod_if.h:386:5:[m[K [01;36m[Knote: [m[Kdeclared here
[0.996s]   386 | int [01;36m[Kset_mode[m[K(unsigned gpio, unsigned mode);
[0.996s]       |     [01;36m[K^~~~~~~~[m[K
[0.997s] In file included from [01m[K/home/jesuschrist/projects/beepboop3000/ros2_ws/src/bb3/src/Vehicle.h:1[m[K,
[0.997s]                  from [01m[K/home/jesuschrist/projects/beepboop3000/ros2_ws/src/bb3/src/main.cpp:1[m[K:
[0.997s] [01m[K/home/jesuschrist/projects/beepboop3000/ros2_ws/src/bb3/src/Motor.h:19:35:[m[K [01;31m[Kerror: [m[Ktoo many arguments to function ‘[01m[Kint set_mode(unsigned int, unsigned int)[m[K’
[0.997s]    19 |   set_mode(pi, gpio_pwm, PI_OUTPUT[01;31m[K)[m[K;
[0.997s]       |                                   [01;31m[K^[m[K
[0.997s] In file included from [01m[K/home/jesuschrist/projects/beepboop3000/ros2_ws/src/bb3/src/Motor.h:2[m[K,
[0.997s]                  from [01m[K/home/jesuschrist/projects/beepboop3000/ros2_ws/src/bb3/src/Vehicle.h:1[m[K,
[0.997s]                  from [01m[K/home/jesuschrist/projects/beepboop3000/ros2_ws/src/bb3/src/main.cpp:1[m[K:
[0.997s] [01m[K/usr/local/include/pigpiod_if.h:386:5:[m[K [01;36m[Knote: [m[Kdeclared here
[0.997s]   386 | int [01;36m[Kset_mode[m[K(unsigned gpio, unsigned mode);
[0.998s]       |     [01;36m[K^~~~~~~~[m[K
[0.998s] In file included from [01m[K/home/jesuschrist/projects/beepboop3000/ros2_ws/src/bb3/src/Vehicle.h:1[m[K,
[0.998s]                  from [01m[K/home/jesuschrist/projects/beepboop3000/ros2_ws/src/bb3/src/main.cpp:1[m[K:
[0.998s] [01m[K/home/jesuschrist/projects/beepboop3000/ros2_ws/src/bb3/src/Motor.h:[m[K In member function ‘[01m[Kvoid Motor::set_off()[m[K’:
[0.998s] [01m[K/home/jesuschrist/projects/beepboop3000/ros2_ws/src/bb3/src/Motor.h:30:29:[m[K [01;31m[Kerror: [m[Ktoo many arguments to function ‘[01m[Kint gpio_write(unsigned int, unsigned int)[m[K’
[0.998s]    30 |   gpio_write(pi, gpio_low, 0[01;31m[K)[m[K;
[0.998s]       |                             [01;31m[K^[m[K
[0.998s] In file included from [01m[K/home/jesuschrist/projects/beepboop3000/ros2_ws/src/bb3/src/Motor.h:2[m[K,
[0.999s]                  from [01m[K/home/jesuschrist/projects/beepboop3000/ros2_ws/src/bb3/src/Vehicle.h:1[m[K,
[0.999s]                  from [01m[K/home/jesuschrist/projects/beepboop3000/ros2_ws/src/bb3/src/main.cpp:1[m[K:
[0.999s] [01m[K/usr/local/include/pigpiod_if.h:439:5:[m[K [01;36m[Knote: [m[Kdeclared here
[0.999s]   439 | int [01;36m[Kgpio_write[m[K(unsigned gpio, unsigned level);
[0.999s]       |     [01;36m[K^~~~~~~~~~[m[K
[0.999s] In file included from [01m[K/home/jesuschrist/projects/beepboop3000/ros2_ws/src/bb3/src/Vehicle.h:1[m[K,
[0.999s]                  from [01m[K/home/jesuschrist/projects/beepboop3000/ros2_ws/src/bb3/src/main.cpp:1[m[K:
[0.999s] [01m[K/home/jesuschrist/projects/beepboop3000/ros2_ws/src/bb3/src/Motor.h:31:30:[m[K [01;31m[Kerror: [m[Ktoo many arguments to function ‘[01m[Kint gpio_write(unsigned int, unsigned int)[m[K’
[0.999s]    31 |   gpio_write(pi, gpio_high, 0[01;31m[K)[m[K;
[1.000s]       |                              [01;31m[K^[m[K
[1.000s] In file included from [01m[K/home/jesuschrist/projects/beepboop3000/ros2_ws/src/bb3/src/Motor.h:2[m[K,
[1.000s]                  from [01m[K/home/jesuschrist/projects/beepboop3000/ros2_ws/src/bb3/src/Vehicle.h:1[m[K,
[1.000s]                  from [01m[K/home/jesuschrist/projects/beepboop3000/ros2_ws/src/bb3/src/main.cpp:1[m[K:
[1.000s] [01m[K/usr/local/include/pigpiod_if.h:439:5:[m[K [01;36m[Knote: [m[Kdeclared here
[1.000s]   439 | int [01;36m[Kgpio_write[m[K(unsigned gpio, unsigned level);
[1.001s]       |     [01;36m[K^~~~~~~~~~[m[K
[1.001s] In file included from [01m[K/home/jesuschrist/projects/beepboop3000/ros2_ws/src/bb3/src/Vehicle.h:1[m[K,
[1.001s]                  from [01m[K/home/jesuschrist/projects/beepboop3000/ros2_ws/src/bb3/src/main.cpp:1[m[K:
[1.001s] [01m[K/home/jesuschrist/projects/beepboop3000/ros2_ws/src/bb3/src/Motor.h:32:36:[m[K [01;31m[Kerror: [m[Ktoo many arguments to function ‘[01m[Kint set_PWM_dutycycle(unsigned int, unsigned int)[m[K’
[1.001s]    32 |   set_PWM_dutycycle(pi, gpio_pwm, 0[01;31m[K)[m[K;
[1.001s]       |                                    [01;31m[K^[m[K
[1.001s] In file included from [01m[K/home/jesuschrist/projects/beepboop3000/ros2_ws/src/bb3/src/Motor.h:2[m[K,
[1.001s]                  from [01m[K/home/jesuschrist/projects/beepboop3000/ros2_ws/src/bb3/src/Vehicle.h:1[m[K,
[1.002s]                  from [01m[K/home/jesuschrist/projects/beepboop3000/ros2_ws/src/bb3/src/main.cpp:1[m[K:
[1.002s] [01m[K/usr/local/include/pigpiod_if.h:457:5:[m[K [01;36m[Knote: [m[Kdeclared here
[1.002s]   457 | int [01;36m[Kset_PWM_dutycycle[m[K(unsigned user_gpio, unsigned dutycycle);
[1.002s]       |     [01;36m[K^~~~~~~~~~~~~~~~~[m[K
[1.002s] In file included from [01m[K/home/jesuschrist/projects/beepboop3000/ros2_ws/src/bb3/src/Vehicle.h:1[m[K,
[1.002s]                  from [01m[K/home/jesuschrist/projects/beepboop3000/ros2_ws/src/bb3/src/main.cpp:1[m[K:
[1.002s] [01m[K/home/jesuschrist/projects/beepboop3000/ros2_ws/src/bb3/src/Motor.h:[m[K In member function ‘[01m[Kvoid Motor::set_high(int)[m[K’:
[1.002s] [01m[K/home/jesuschrist/projects/beepboop3000/ros2_ws/src/bb3/src/Motor.h:45:29:[m[K [01;31m[Kerror: [m[Ktoo many arguments to function ‘[01m[Kint gpio_write(unsigned int, unsigned int)[m[K’
[1.002s]    45 |   gpio_write(pi, gpio_low, 0[01;31m[K)[m[K;
[1.003s]       |                             [01;31m[K^[m[K
[1.003s] In file included from [01m[K/home/jesuschrist/projects/beepboop3000/ros2_ws/src/bb3/src/Motor.h:2[m[K,
[1.003s]                  from [01m[K/home/jesuschrist/projects/beepboop3000/ros2_ws/src/bb3/src/Vehicle.h:1[m[K,
[1.003s]                  from [01m[K/home/jesuschrist/projects/beepboop3000/ros2_ws/src/bb3/src/main.cpp:1[m[K:
[1.003s] [01m[K/usr/local/include/pigpiod_if.h:439:5:[m[K [01;36m[Knote: [m[Kdeclared here
[1.003s]   439 | int [01;36m[Kgpio_write[m[K(unsigned gpio, unsigned level);
[1.003s]       |     [01;36m[K^~~~~~~~~~[m[K
[1.003s] In file included from [01m[K/home/jesuschrist/projects/beepboop3000/ros2_ws/src/bb3/src/Vehicle.h:1[m[K,
[1.004s]                  from [01m[K/home/jesuschrist/projects/beepboop3000/ros2_ws/src/bb3/src/main.cpp:1[m[K:
[1.004s] [01m[K/home/jesuschrist/projects/beepboop3000/ros2_ws/src/bb3/src/Motor.h:46:30:[m[K [01;31m[Kerror: [m[Ktoo many arguments to function ‘[01m[Kint gpio_write(unsigned int, unsigned int)[m[K’
[1.004s]    46 |   gpio_write(pi, gpio_high, 1[01;31m[K)[m[K;
[1.004s]       |                              [01;31m[K^[m[K
[1.004s] In file included from [01m[K/home/jesuschrist/projects/beepboop3000/ros2_ws/src/bb3/src/Motor.h:2[m[K,
[1.004s]                  from [01m[K/home/jesuschrist/projects/beepboop3000/ros2_ws/src/bb3/src/Vehicle.h:1[m[K,
[1.004s]                  from [01m[K/home/jesuschrist/projects/beepboop3000/ros2_ws/src/bb3/src/main.cpp:1[m[K:
[1.004s] [01m[K/usr/local/include/pigpiod_if.h:439:5:[m[K [01;36m[Knote: [m[Kdeclared here
[1.005s]   439 | int [01;36m[Kgpio_write[m[K(unsigned gpio, unsigned level);
[1.005s]       |     [01;36m[K^~~~~~~~~~[m[K
[1.005s] In file included from [01m[K/home/jesuschrist/projects/beepboop3000/ros2_ws/src/bb3/src/Vehicle.h:1[m[K,
[1.005s]                  from [01m[K/home/jesuschrist/projects/beepboop3000/ros2_ws/src/bb3/src/main.cpp:1[m[K:
[1.005s] [01m[K/home/jesuschrist/projects/beepboop3000/ros2_ws/src/bb3/src/Motor.h:47:38:[m[K [01;31m[Kerror: [m[Ktoo many arguments to function ‘[01m[Kint set_PWM_dutycycle(unsigned int, unsigned int)[m[K’
[1.005s]    47 |   set_PWM_dutycycle(pi, gpio_pwm, pwm[01;31m[K)[m[K;
[1.005s]       |                                      [01;31m[K^[m[K
[1.005s] In file included from [01m[K/home/jesuschrist/projects/beepboop3000/ros2_ws/src/bb3/src/Motor.h:2[m[K,
[1.005s]                  from [01m[K/home/jesuschrist/projects/beepboop3000/ros2_ws/src/bb3/src/Vehicle.h:1[m[K,
[1.005s]                  from [01m[K/home/jesuschrist/projects/beepboop3000/ros2_ws/src/bb3/src/main.cpp:1[m[K:
[1.006s] [01m[K/usr/local/include/pigpiod_if.h:457:5:[m[K [01;36m[Knote: [m[Kdeclared here
[1.006s]   457 | int [01;36m[Kset_PWM_dutycycle[m[K(unsigned user_gpio, unsigned dutycycle);
[1.006s]       |     [01;36m[K^~~~~~~~~~~~~~~~~[m[K
[1.006s] In file included from [01m[K/home/jesuschrist/projects/beepboop3000/ros2_ws/src/bb3/src/Vehicle.h:1[m[K,
[1.006s]                  from [01m[K/home/jesuschrist/projects/beepboop3000/ros2_ws/src/bb3/src/main.cpp:1[m[K:
[1.006s] [01m[K/home/jesuschrist/projects/beepboop3000/ros2_ws/src/bb3/src/Motor.h:[m[K In member function ‘[01m[Kvoid Motor::set_low(int)[m[K’:
[1.006s] [01m[K/home/jesuschrist/projects/beepboop3000/ros2_ws/src/bb3/src/Motor.h:52:29:[m[K [01;31m[Kerror: [m[Ktoo many arguments to function ‘[01m[Kint gpio_write(unsigned int, unsigned int)[m[K’
[1.006s]    52 |   gpio_write(pi, gpio_low, 1[01;31m[K)[m[K;
[1.006s]       |                             [01;31m[K^[m[K
[1.007s] In file included from [01m[K/home/jesuschrist/projects/beepboop3000/ros2_ws/src/bb3/src/Motor.h:2[m[K,
[1.007s]                  from [01m[K/home/jesuschrist/projects/beepboop3000/ros2_ws/src/bb3/src/Vehicle.h:1[m[K,
[1.007s]                  from [01m[K/home/jesuschrist/projects/beepboop3000/ros2_ws/src/bb3/src/main.cpp:1[m[K:
[1.007s] [01m[K/usr/local/include/pigpiod_if.h:439:5:[m[K [01;36m[Knote: [m[Kdeclared here
[1.007s]   439 | int [01;36m[Kgpio_write[m[K(unsigned gpio, unsigned level);
[1.007s]       |     [01;36m[K^~~~~~~~~~[m[K
[1.007s] In file included from [01m[K/home/jesuschrist/projects/beepboop3000/ros2_ws/src/bb3/src/Vehicle.h:1[m[K,
[1.007s]                  from [01m[K/home/jesuschrist/projects/beepboop3000/ros2_ws/src/bb3/src/main.cpp:1[m[K:
[1.008s] [01m[K/home/jesuschrist/projects/beepboop3000/ros2_ws/src/bb3/src/Motor.h:53:30:[m[K [01;31m[Kerror: [m[Ktoo many arguments to function ‘[01m[Kint gpio_write(unsigned int, unsigned int)[m[K’
[1.008s]    53 |   gpio_write(pi, gpio_high, 0[01;31m[K)[m[K;
[1.008s]       |                              [01;31m[K^[m[K
[1.008s] In file included from [01m[K/home/jesuschrist/projects/beepboop3000/ros2_ws/src/bb3/src/Motor.h:2[m[K,
[1.008s]                  from [01m[K/home/jesuschrist/projects/beepboop3000/ros2_ws/src/bb3/src/Vehicle.h:1[m[K,
[1.008s]                  from [01m[K/home/jesuschrist/projects/beepboop3000/ros2_ws/src/bb3/src/main.cpp:1[m[K:
[1.008s] [01m[K/usr/local/include/pigpiod_if.h:439:5:[m[K [01;36m[Knote: [m[Kdeclared here
[1.008s]   439 | int [01;36m[Kgpio_write[m[K(unsigned gpio, unsigned level);
[1.008s]       |     [01;36m[K^~~~~~~~~~[m[K
[1.008s] In file included from [01m[K/home/jesuschrist/projects/beepboop3000/ros2_ws/src/bb3/src/Vehicle.h:1[m[K,
[1.009s]                  from [01m[K/home/jesuschrist/projects/beepboop3000/ros2_ws/src/bb3/src/main.cpp:1[m[K:
[1.009s] [01m[K/home/jesuschrist/projects/beepboop3000/ros2_ws/src/bb3/src/Motor.h:54:38:[m[K [01;31m[Kerror: [m[Ktoo many arguments to function ‘[01m[Kint set_PWM_dutycycle(unsigned int, unsigned int)[m[K’
[1.009s]    54 |   set_PWM_dutycycle(pi, gpio_pwm, pwm[01;31m[K)[m[K;
[1.009s]       |                                      [01;31m[K^[m[K
[1.009s] In file included from [01m[K/home/jesuschrist/projects/beepboop3000/ros2_ws/src/bb3/src/Motor.h:2[m[K,
[1.009s]                  from [01m[K/home/jesuschrist/projects/beepboop3000/ros2_ws/src/bb3/src/Vehicle.h:1[m[K,
[1.009s]                  from [01m[K/home/jesuschrist/projects/beepboop3000/ros2_ws/src/bb3/src/main.cpp:1[m[K:
[1.009s] [01m[K/usr/local/include/pigpiod_if.h:457:5:[m[K [01;36m[Knote: [m[Kdeclared here
[1.010s]   457 | int [01;36m[Kset_PWM_dutycycle[m[K(unsigned user_gpio, unsigned dutycycle);
[1.010s]       |     [01;36m[K^~~~~~~~~~~~~~~~~[m[K
[3.209s] make[2]: *** [CMakeFiles/bb3.dir/build.make:63: CMakeFiles/bb3.dir/src/main.cpp.o] Error 1
[3.210s] make[1]: *** [CMakeFiles/Makefile2:78: CMakeFiles/bb3.dir/all] Error 2
[3.210s] make: *** [Makefile:141: all] Error 2
[3.212s] Invoked command in '/home/jesuschrist/projects/beepboop3000/ros2_ws/build/bb3' returned '2': CMAKE_PREFIX_PATH=${CMAKE_PREFIX_PATH}:/opt/ros/foxy /usr/bin/cmake --build /home/jesuschrist/projects/beepboop3000/ros2_ws/build/bb3 -- -j8 -l8
