[0.251s] DEBUG:colcon:Command line arguments: ['/usr/bin/colcon', 'build']
[0.251s] DEBUG:colcon:Parsed command line arguments: Namespace(ament_cmake_args=None, base_paths=['.'], build_base='build', catkin_cmake_args=None, catkin_skip_building_tests=False, cmake_args=None, cmake_clean_cache=False, cmake_clean_first=False, cmake_force_configure=False, cmake_target=None, cmake_target_skip_unavailable=False, continue_on_error=False, event_handlers=None, executor='parallel', ignore_user_meta=False, install_base='install', log_base=None, log_level=None, main=<bound method BuildVerb.main of <colcon_core.verb.build.BuildVerb object at 0x7f2948e63ac0>>, merge_install=False, metas=['./colcon.meta'], packages_above=None, packages_above_and_dependencies=None, packages_above_depth=None, packages_end=None, packages_ignore=None, packages_ignore_regex=None, packages_select=None, packages_select_build_failed=False, packages_select_by_dep=None, packages_select_regex=None, packages_select_test_failures=False, packages_skip=None, packages_skip_build_finished=False, packages_skip_by_dep=None, packages_skip_regex=None, packages_skip_test_passed=False, packages_skip_up_to=None, packages_start=None, packages_up_to=None, packages_up_to_regex=None, parallel_workers=8, paths=None, symlink_install=False, test_result_base=None, verb_extension=<colcon_core.verb.build.BuildVerb object at 0x7f2948e63ac0>, verb_name='build', verb_parser=<colcon_defaults.argument_parser.defaults.DefaultArgumentsDecorator object at 0x7f2948dec070>)
[0.258s] Level 1:colcon.colcon_core.package_discovery:discover_packages(colcon_meta) check parameters
[0.258s] Level 1:colcon.colcon_core.package_discovery:discover_packages(recursive) check parameters
[0.258s] Level 1:colcon.colcon_core.package_discovery:discover_packages(ignore) check parameters
[0.258s] Level 1:colcon.colcon_core.package_discovery:discover_packages(path) check parameters
[0.258s] Level 1:colcon.colcon_core.package_discovery:discover_packages(colcon_meta) discover
[0.258s] Level 1:colcon.colcon_core.package_discovery:discover_packages(recursive) discover
[0.258s] INFO:colcon.colcon_core.package_discovery:Crawling recursively for packages in '/home/jesuschrist/project/beepboop3000/ros2_ws'
[0.258s] Level 1:colcon.colcon_core.package_identification:_identify(.) by extensions ['ignore', 'ignore_ament_install']
[0.259s] Level 1:colcon.colcon_core.package_identification:_identify(.) by extension 'ignore'
[0.259s] Level 1:colcon.colcon_core.package_identification:_identify(.) by extension 'ignore_ament_install'
[0.259s] Level 1:colcon.colcon_core.package_identification:_identify(.) by extensions ['colcon_pkg']
[0.259s] Level 1:colcon.colcon_core.package_identification:_identify(.) by extension 'colcon_pkg'
[0.259s] Level 1:colcon.colcon_core.package_identification:_identify(.) by extensions ['colcon_meta']
[0.259s] Level 1:colcon.colcon_core.package_identification:_identify(.) by extension 'colcon_meta'
[0.259s] Level 1:colcon.colcon_core.package_identification:_identify(.) by extensions ['ros']
[0.259s] Level 1:colcon.colcon_core.package_identification:_identify(.) by extension 'ros'
[0.269s] Level 1:colcon.colcon_core.package_identification:_identify(.) by extensions ['cmake', 'python']
[0.269s] Level 1:colcon.colcon_core.package_identification:_identify(.) by extension 'cmake'
[0.269s] Level 1:colcon.colcon_core.package_identification:_identify(.) by extension 'python'
[0.270s] Level 1:colcon.colcon_core.package_identification:_identify(.) by extensions ['python_setup_py']
[0.270s] Level 1:colcon.colcon_core.package_identification:_identify(.) by extension 'python_setup_py'
[0.270s] Level 1:colcon.colcon_core.package_identification:_identify(build) by extensions ['ignore', 'ignore_ament_install']
[0.270s] Level 1:colcon.colcon_core.package_identification:_identify(build) by extension 'ignore'
[0.270s] Level 1:colcon.colcon_core.package_identification:_identify(build) ignored
[0.270s] Level 1:colcon.colcon_core.package_identification:_identify(cpp_pubsub) by extensions ['ignore', 'ignore_ament_install']
[0.270s] Level 1:colcon.colcon_core.package_identification:_identify(cpp_pubsub) by extension 'ignore'
[0.270s] Level 1:colcon.colcon_core.package_identification:_identify(cpp_pubsub) by extension 'ignore_ament_install'
[0.270s] Level 1:colcon.colcon_core.package_identification:_identify(cpp_pubsub) by extensions ['colcon_pkg']
[0.270s] Level 1:colcon.colcon_core.package_identification:_identify(cpp_pubsub) by extension 'colcon_pkg'
[0.270s] Level 1:colcon.colcon_core.package_identification:_identify(cpp_pubsub) by extensions ['colcon_meta']
[0.270s] Level 1:colcon.colcon_core.package_identification:_identify(cpp_pubsub) by extension 'colcon_meta'
[0.270s] Level 1:colcon.colcon_core.package_identification:_identify(cpp_pubsub) by extensions ['ros']
[0.270s] Level 1:colcon.colcon_core.package_identification:_identify(cpp_pubsub) by extension 'ros'
[0.273s] DEBUG:colcon.colcon_core.package_identification:Package 'cpp_pubsub' with type 'ros.ament_cmake' and name 'cpp_pubsub'
[0.273s] Level 1:colcon.colcon_core.package_identification:_identify(install) by extensions ['ignore', 'ignore_ament_install']
[0.273s] Level 1:colcon.colcon_core.package_identification:_identify(install) by extension 'ignore'
[0.273s] Level 1:colcon.colcon_core.package_identification:_identify(install) ignored
[0.273s] Level 1:colcon.colcon_core.package_identification:_identify(log) by extensions ['ignore', 'ignore_ament_install']
[0.273s] Level 1:colcon.colcon_core.package_identification:_identify(log) by extension 'ignore'
[0.273s] Level 1:colcon.colcon_core.package_identification:_identify(log) ignored
[0.273s] Level 1:colcon.colcon_core.package_discovery:discover_packages(recursive) using defaults
[0.273s] Level 1:colcon.colcon_core.package_discovery:discover_packages(ignore) discover
[0.273s] Level 1:colcon.colcon_core.package_discovery:discover_packages(ignore) using defaults
[0.273s] Level 1:colcon.colcon_core.package_discovery:discover_packages(path) discover
[0.273s] Level 1:colcon.colcon_core.package_discovery:discover_packages(path) using defaults
[0.290s] Level 5:colcon.colcon_core.verb:set package 'cpp_pubsub' build argument 'cmake_args' from command line to 'None'
[0.290s] Level 5:colcon.colcon_core.verb:set package 'cpp_pubsub' build argument 'cmake_target' from command line to 'None'
[0.290s] Level 5:colcon.colcon_core.verb:set package 'cpp_pubsub' build argument 'cmake_target_skip_unavailable' from command line to 'False'
[0.290s] Level 5:colcon.colcon_core.verb:set package 'cpp_pubsub' build argument 'cmake_clean_cache' from command line to 'False'
[0.290s] Level 5:colcon.colcon_core.verb:set package 'cpp_pubsub' build argument 'cmake_clean_first' from command line to 'False'
[0.290s] Level 5:colcon.colcon_core.verb:set package 'cpp_pubsub' build argument 'cmake_force_configure' from command line to 'False'
[0.290s] Level 5:colcon.colcon_core.verb:set package 'cpp_pubsub' build argument 'ament_cmake_args' from command line to 'None'
[0.290s] Level 5:colcon.colcon_core.verb:set package 'cpp_pubsub' build argument 'catkin_cmake_args' from command line to 'None'
[0.290s] Level 5:colcon.colcon_core.verb:set package 'cpp_pubsub' build argument 'catkin_skip_building_tests' from command line to 'False'
[0.290s] DEBUG:colcon.colcon_core.verb:Building package 'cpp_pubsub' with the following arguments: {'ament_cmake_args': None, 'build_base': '/home/jesuschrist/project/beepboop3000/ros2_ws/build/cpp_pubsub', 'catkin_cmake_args': None, 'catkin_skip_building_tests': False, 'cmake_args': None, 'cmake_clean_cache': False, 'cmake_clean_first': False, 'cmake_force_configure': False, 'cmake_target': None, 'cmake_target_skip_unavailable': False, 'install_base': '/home/jesuschrist/project/beepboop3000/ros2_ws/install/cpp_pubsub', 'merge_install': False, 'path': '/home/jesuschrist/project/beepboop3000/ros2_ws/cpp_pubsub', 'symlink_install': False, 'test_result_base': None}
[0.291s] INFO:colcon.colcon_core.executor:Executing jobs using 'parallel' executor
[0.293s] DEBUG:colcon.colcon_parallel_executor.executor.parallel:run_until_complete
[0.294s] INFO:colcon.colcon_ros.task.ament_cmake.build:Building ROS package in '/home/jesuschrist/project/beepboop3000/ros2_ws/cpp_pubsub' with build type 'ament_cmake'
[0.294s] INFO:colcon.colcon_cmake.task.cmake.build:Building CMake package in '/home/jesuschrist/project/beepboop3000/ros2_ws/cpp_pubsub'
[0.297s] INFO:colcon.colcon_core.plugin_system:Skipping extension 'colcon_core.shell.bat': Not used on non-Windows systems
[0.297s] INFO:colcon.colcon_core.shell:Skip shell extension 'powershell' for command environment: Not usable outside of PowerShell
[0.297s] DEBUG:colcon.colcon_core.shell:Skip shell extension 'dsv' for command environment
[0.299s] DEBUG:colcon.colcon_core.shell:Ignoring prefix path '/opt/ros/foxy'
[0.306s] DEBUG:colcon.colcon_core.event_handler.log_command:Invoking command in '/home/jesuschrist/project/beepboop3000/ros2_ws/build/cpp_pubsub': CMAKE_PREFIX_PATH=/opt/ros/foxy /usr/bin/cmake /home/jesuschrist/project/beepboop3000/ros2_ws/cpp_pubsub -DCMAKE_INSTALL_PREFIX=/home/jesuschrist/project/beepboop3000/ros2_ws/install/cpp_pubsub
[1.064s] DEBUG:colcon.colcon_core.event_handler.log_command:Invoked command in '/home/jesuschrist/project/beepboop3000/ros2_ws/build/cpp_pubsub' returned '0': CMAKE_PREFIX_PATH=/opt/ros/foxy /usr/bin/cmake /home/jesuschrist/project/beepboop3000/ros2_ws/cpp_pubsub -DCMAKE_INSTALL_PREFIX=/home/jesuschrist/project/beepboop3000/ros2_ws/install/cpp_pubsub
[1.066s] DEBUG:colcon.colcon_core.event_handler.log_command:Invoking command in '/home/jesuschrist/project/beepboop3000/ros2_ws/build/cpp_pubsub': CMAKE_PREFIX_PATH=/opt/ros/foxy /usr/bin/cmake --build /home/jesuschrist/project/beepboop3000/ros2_ws/build/cpp_pubsub -- -j8 -l8
[1.101s] DEBUG:colcon.colcon_core.event_handler.log_command:Invoked command in '/home/jesuschrist/project/beepboop3000/ros2_ws/build/cpp_pubsub' returned '0': CMAKE_PREFIX_PATH=/opt/ros/foxy /usr/bin/cmake --build /home/jesuschrist/project/beepboop3000/ros2_ws/build/cpp_pubsub -- -j8 -l8
[1.129s] DEBUG:colcon.colcon_core.event_handler.log_command:Invoking command in '/home/jesuschrist/project/beepboop3000/ros2_ws/build/cpp_pubsub': CMAKE_PREFIX_PATH=/opt/ros/foxy /usr/bin/cmake --install /home/jesuschrist/project/beepboop3000/ros2_ws/build/cpp_pubsub
[1.139s] Level 1:colcon.colcon_core.environment:create_environment_scripts_only(cpp_pubsub)
[1.140s] DEBUG:colcon.colcon_core.event_handler.log_command:Invoked command in '/home/jesuschrist/project/beepboop3000/ros2_ws/build/cpp_pubsub' returned '0': CMAKE_PREFIX_PATH=/opt/ros/foxy /usr/bin/cmake --install /home/jesuschrist/project/beepboop3000/ros2_ws/build/cpp_pubsub
[1.143s] Level 1:colcon.colcon_core.environment:checking '/home/jesuschrist/project/beepboop3000/ros2_ws/install/cpp_pubsub' for CMake module files
[1.143s] Level 1:colcon.colcon_core.environment:checking '/home/jesuschrist/project/beepboop3000/ros2_ws/install/cpp_pubsub' for CMake config files
[1.143s] Level 1:colcon.colcon_core.shell:create_environment_hook('cpp_pubsub', 'cmake_prefix_path')
[1.144s] INFO:colcon.colcon_core.shell:Creating environment hook '/home/jesuschrist/project/beepboop3000/ros2_ws/install/cpp_pubsub/share/cpp_pubsub/hook/cmake_prefix_path.ps1'
[1.145s] INFO:colcon.colcon_core.shell:Creating environment descriptor '/home/jesuschrist/project/beepboop3000/ros2_ws/install/cpp_pubsub/share/cpp_pubsub/hook/cmake_prefix_path.dsv'
[1.145s] INFO:colcon.colcon_core.shell:Creating environment hook '/home/jesuschrist/project/beepboop3000/ros2_ws/install/cpp_pubsub/share/cpp_pubsub/hook/cmake_prefix_path.sh'
[1.146s] Level 1:colcon.colcon_core.environment:checking '/home/jesuschrist/project/beepboop3000/ros2_ws/install/cpp_pubsub/bin'
[1.146s] Level 1:colcon.colcon_core.environment:checking '/home/jesuschrist/project/beepboop3000/ros2_ws/install/cpp_pubsub/lib/pkgconfig/cpp_pubsub.pc'
[1.146s] Level 1:colcon.colcon_core.environment:checking '/home/jesuschrist/project/beepboop3000/ros2_ws/install/cpp_pubsub/lib/python3.8/site-packages'
[1.147s] INFO:colcon.colcon_core.shell:Creating package script '/home/jesuschrist/project/beepboop3000/ros2_ws/install/cpp_pubsub/share/cpp_pubsub/package.ps1'
[1.148s] INFO:colcon.colcon_core.shell:Creating package descriptor '/home/jesuschrist/project/beepboop3000/ros2_ws/install/cpp_pubsub/share/cpp_pubsub/package.dsv'
[1.148s] INFO:colcon.colcon_core.shell:Creating package script '/home/jesuschrist/project/beepboop3000/ros2_ws/install/cpp_pubsub/share/cpp_pubsub/package.sh'
[1.149s] INFO:colcon.colcon_core.shell:Creating package script '/home/jesuschrist/project/beepboop3000/ros2_ws/install/cpp_pubsub/share/cpp_pubsub/package.bash'
[1.150s] INFO:colcon.colcon_core.shell:Creating package script '/home/jesuschrist/project/beepboop3000/ros2_ws/install/cpp_pubsub/share/cpp_pubsub/package.zsh'
[1.151s] Level 1:colcon.colcon_core.environment:create_file_with_runtime_dependencies(/home/jesuschrist/project/beepboop3000/ros2_ws/install/cpp_pubsub/share/colcon-core/packages/cpp_pubsub)
[1.173s] Level 1:colcon.colcon_core.environment:create_environment_scripts_only(cpp_pubsub)
[1.173s] Level 1:colcon.colcon_core.environment:checking '/home/jesuschrist/project/beepboop3000/ros2_ws/install/cpp_pubsub' for CMake module files
[1.174s] Level 1:colcon.colcon_core.environment:checking '/home/jesuschrist/project/beepboop3000/ros2_ws/install/cpp_pubsub' for CMake config files
[1.174s] Level 1:colcon.colcon_core.shell:create_environment_hook('cpp_pubsub', 'cmake_prefix_path')
[1.174s] INFO:colcon.colcon_core.shell:Creating environment hook '/home/jesuschrist/project/beepboop3000/ros2_ws/install/cpp_pubsub/share/cpp_pubsub/hook/cmake_prefix_path.ps1'
[1.175s] INFO:colcon.colcon_core.shell:Creating environment descriptor '/home/jesuschrist/project/beepboop3000/ros2_ws/install/cpp_pubsub/share/cpp_pubsub/hook/cmake_prefix_path.dsv'
[1.175s] INFO:colcon.colcon_core.shell:Creating environment hook '/home/jesuschrist/project/beepboop3000/ros2_ws/install/cpp_pubsub/share/cpp_pubsub/hook/cmake_prefix_path.sh'
[1.176s] Level 1:colcon.colcon_core.environment:checking '/home/jesuschrist/project/beepboop3000/ros2_ws/install/cpp_pubsub/bin'
[1.176s] Level 1:colcon.colcon_core.environment:checking '/home/jesuschrist/project/beepboop3000/ros2_ws/install/cpp_pubsub/lib/pkgconfig/cpp_pubsub.pc'
[1.176s] Level 1:colcon.colcon_core.environment:checking '/home/jesuschrist/project/beepboop3000/ros2_ws/install/cpp_pubsub/lib/python3.8/site-packages'
[1.176s] INFO:colcon.colcon_core.shell:Creating package script '/home/jesuschrist/project/beepboop3000/ros2_ws/install/cpp_pubsub/share/cpp_pubsub/package.ps1'
[1.177s] INFO:colcon.colcon_core.shell:Creating package descriptor '/home/jesuschrist/project/beepboop3000/ros2_ws/install/cpp_pubsub/share/cpp_pubsub/package.dsv'
[1.177s] INFO:colcon.colcon_core.shell:Creating package script '/home/jesuschrist/project/beepboop3000/ros2_ws/install/cpp_pubsub/share/cpp_pubsub/package.sh'
[1.178s] INFO:colcon.colcon_core.shell:Creating package script '/home/jesuschrist/project/beepboop3000/ros2_ws/install/cpp_pubsub/share/cpp_pubsub/package.bash'
[1.178s] INFO:colcon.colcon_core.shell:Creating package script '/home/jesuschrist/project/beepboop3000/ros2_ws/install/cpp_pubsub/share/cpp_pubsub/package.zsh'
[1.179s] Level 1:colcon.colcon_core.environment:create_file_with_runtime_dependencies(/home/jesuschrist/project/beepboop3000/ros2_ws/install/cpp_pubsub/share/colcon-core/packages/cpp_pubsub)
[1.179s] DEBUG:colcon.colcon_parallel_executor.executor.parallel:closing loop
[1.180s] DEBUG:colcon.colcon_parallel_executor.executor.parallel:loop closed
[1.180s] DEBUG:colcon.colcon_parallel_executor.executor.parallel:run_until_complete finished with '0'
[1.180s] DEBUG:colcon.colcon_core.event_reactor:joining thread
[1.186s] INFO:colcon.colcon_core.plugin_system:Skipping extension 'colcon_notification.desktop_notification.terminal_notifier': Not used on non-Darwin systems
[1.186s] INFO:colcon.colcon_core.plugin_system:Skipping extension 'colcon_notification.desktop_notification.win32': Not used on non-Windows systems
[1.186s] INFO:colcon.colcon_notification.desktop_notification:Sending desktop notification using 'notify2'
[1.203s] DEBUG:colcon.colcon_core.event_reactor:joined thread
[1.204s] INFO:colcon.colcon_core.shell:Creating prefix script '/home/jesuschrist/project/beepboop3000/ros2_ws/install/local_setup.ps1'
[1.205s] INFO:colcon.colcon_core.shell:Creating prefix util module '/home/jesuschrist/project/beepboop3000/ros2_ws/install/_local_setup_util_ps1.py'
[1.206s] INFO:colcon.colcon_core.shell:Creating prefix chain script '/home/jesuschrist/project/beepboop3000/ros2_ws/install/setup.ps1'
[1.208s] INFO:colcon.colcon_core.shell:Creating prefix script '/home/jesuschrist/project/beepboop3000/ros2_ws/install/local_setup.sh'
[1.208s] INFO:colcon.colcon_core.shell:Creating prefix util module '/home/jesuschrist/project/beepboop3000/ros2_ws/install/_local_setup_util_sh.py'
[1.209s] INFO:colcon.colcon_core.shell:Creating prefix chain script '/home/jesuschrist/project/beepboop3000/ros2_ws/install/setup.sh'
[1.213s] INFO:colcon.colcon_core.shell:Creating prefix script '/home/jesuschrist/project/beepboop3000/ros2_ws/install/local_setup.bash'
[1.213s] INFO:colcon.colcon_core.shell:Creating prefix chain script '/home/jesuschrist/project/beepboop3000/ros2_ws/install/setup.bash'
[1.216s] INFO:colcon.colcon_core.shell:Creating prefix script '/home/jesuschrist/project/beepboop3000/ros2_ws/install/local_setup.zsh'
[1.216s] INFO:colcon.colcon_core.shell:Creating prefix chain script '/home/jesuschrist/project/beepboop3000/ros2_ws/install/setup.zsh'
