[0.013s] Invoking command in '/home/jesuschrist/projects/beepboop3000/build/bb3': CMAKE_PREFIX_PATH=/opt/ros/foxy /usr/bin/cmake --build /home/jesuschrist/projects/beepboop3000/build/bb3 -- -j8 -l8
[0.040s] CMake Warning at CMakeLists.txt:9 (message):
[0.040s]   cxx:
[0.040s] 
[0.040s] 
[0.040s] -- Found ament_cmake: 0.9.8 (/opt/ros/foxy/share/ament_cmake/cmake)
[0.059s] -- Using PYTHON_EXECUTABLE: /usr/bin/python3
[0.220s] -- Found rclcpp: 2.3.1 (/opt/ros/foxy/share/rclcpp/cmake)
[0.250s] -- Using all available rosidl_typesupport_c: rosidl_typesupport_fastrtps_c;rosidl_typesupport_introspection_c
[0.254s] -- Found rosidl_adapter: 1.2.1 (/opt/ros/foxy/share/rosidl_adapter/cmake)
[0.361s] -- Using all available rosidl_typesupport_cpp: rosidl_typesupport_fastrtps_cpp;rosidl_typesupport_introspection_cpp
[0.410s] -- Found rmw_implementation_cmake: 1.0.3 (/opt/ros/foxy/share/rmw_implementation_cmake/cmake)
[0.411s] -- Using RMW implementation 'rmw_fastrtps_cpp' as default
[0.546s] -- Found geometry_msgs: 2.0.4 (/opt/ros/foxy/share/geometry_msgs/cmake)
[0.586s] CMake Error at CMakeLists.txt:20 (find_package):
[0.586s]   By not providing "Findpigpio.cmake" in CMAKE_MODULE_PATH this project has
[0.586s]   asked CMake to find a package configuration file provided by "pigpio", but
[0.586s]   CMake did not find one.
[0.586s] 
[0.586s]   Could not find a package configuration file provided by "pigpio" with any
[0.586s]   of the following names:
[0.586s] 
[0.586s]     pigpioConfig.cmake
[0.587s]     pigpio-config.cmake
[0.587s] 
[0.587s]   Add the installation prefix of "pigpio" to CMAKE_PREFIX_PATH or set
[0.587s]   "pigpio_DIR" to a directory containing one of the above files.  If "pigpio"
[0.587s]   provides a separate development package or SDK, be sure it has been
[0.587s]   installed.
[0.587s] 
[0.587s] 
[0.587s] -- Configuring incomplete, errors occurred!
[0.587s] See also "/home/jesuschrist/projects/beepboop3000/build/bb3/CMakeFiles/CMakeOutput.log".
[0.587s] See also "/home/jesuschrist/projects/beepboop3000/build/bb3/CMakeFiles/CMakeError.log".
[0.593s] make: *** [Makefile:266: cmake_check_build_system] Error 1
[0.595s] Invoked command in '/home/jesuschrist/projects/beepboop3000/build/bb3' returned '2': CMAKE_PREFIX_PATH=/opt/ros/foxy /usr/bin/cmake --build /home/jesuschrist/projects/beepboop3000/build/bb3 -- -j8 -l8
