[0.013s] Invoking command in '/home/jesuschrist/projects/beepboop3000/ros2_ws/build/bb3': CMAKE_PREFIX_PATH=${CMAKE_PREFIX_PATH}:/opt/ros/foxy /usr/bin/cmake --build /home/jesuschrist/projects/beepboop3000/ros2_ws/build/bb3 -- -j8 -l8
[0.055s] [35m[1mScanning dependencies of target bb3[0m
[0.084s] [ 50%] [32mBuilding CXX object CMakeFiles/bb3.dir/src/main.cpp.o[0m
[4.484s] [100%] [32m[1mLinking CXX executable bb3[0m
[4.748s] /usr/bin/ld: CMakeFiles/bb3.dir/src/main.cpp.o: in function `main':
[4.748s] main.cpp:(.text+0x1b7): undefined reference to `pigpio_start'
[4.748s] /usr/bin/ld: CMakeFiles/bb3.dir/src/main.cpp.o: in function `Motor::Motor(int, int, int, int)':
[4.748s] main.cpp:(.text._ZN5MotorC2Eiiii[_ZN5MotorC5Eiiii]+0x4f): undefined reference to `set_mode'
[4.748s] /usr/bin/ld: main.cpp:(.text._ZN5MotorC2Eiiii[_ZN5MotorC5Eiiii]+0x5e): undefined reference to `set_mode'
[4.748s] /usr/bin/ld: main.cpp:(.text._ZN5MotorC2Eiiii[_ZN5MotorC5Eiiii]+0x6d): undefined reference to `set_mode'
[4.749s] /usr/bin/ld: CMakeFiles/bb3.dir/src/main.cpp.o: in function `Motor::set_off()':
[4.749s] main.cpp:(.text._ZN5Motor7set_offEv[_ZN5Motor7set_offEv]+0x1f): undefined reference to `gpio_write'
[4.749s] /usr/bin/ld: main.cpp:(.text._ZN5Motor7set_offEv[_ZN5Motor7set_offEv]+0x32): undefined reference to `gpio_write'
[4.749s] /usr/bin/ld: main.cpp:(.text._ZN5Motor7set_offEv[_ZN5Motor7set_offEv]+0x45): undefined reference to `set_PWM_dutycycle'
[4.749s] /usr/bin/ld: CMakeFiles/bb3.dir/src/main.cpp.o: in function `Motor::set_high(int)':
[4.749s] main.cpp:(.text._ZN5Motor8set_highEi[_ZN5Motor8set_highEi]+0x22): undefined reference to `gpio_write'
[4.749s] /usr/bin/ld: main.cpp:(.text._ZN5Motor8set_highEi[_ZN5Motor8set_highEi]+0x35): undefined reference to `gpio_write'
[4.749s] /usr/bin/ld: main.cpp:(.text._ZN5Motor8set_highEi[_ZN5Motor8set_highEi]+0x48): undefined reference to `set_PWM_dutycycle'
[4.749s] /usr/bin/ld: CMakeFiles/bb3.dir/src/main.cpp.o: in function `Motor::set_low(int)':
[4.749s] main.cpp:(.text._ZN5Motor7set_lowEi[_ZN5Motor7set_lowEi]+0x22): undefined reference to `gpio_write'
[4.749s] /usr/bin/ld: main.cpp:(.text._ZN5Motor7set_lowEi[_ZN5Motor7set_lowEi]+0x35): undefined reference to `gpio_write'
[4.749s] /usr/bin/ld: main.cpp:(.text._ZN5Motor7set_lowEi[_ZN5Motor7set_lowEi]+0x48): undefined reference to `set_PWM_dutycycle'
[4.749s] collect2: error: ld returned 1 exit status
[4.751s] make[2]: *** [CMakeFiles/bb3.dir/build.make:136: bb3] Error 1
[4.751s] make[1]: *** [CMakeFiles/Makefile2:78: CMakeFiles/bb3.dir/all] Error 2
[4.752s] make: *** [Makefile:141: all] Error 2
[4.754s] Invoked command in '/home/jesuschrist/projects/beepboop3000/ros2_ws/build/bb3' returned '2': CMAKE_PREFIX_PATH=${CMAKE_PREFIX_PATH}:/opt/ros/foxy /usr/bin/cmake --build /home/jesuschrist/projects/beepboop3000/ros2_ws/build/bb3 -- -j8 -l8
