[35m[1mScanning dependencies of target bb3[0m
[ 50%] [32mBuilding CXX object CMakeFiles/bb3.dir/src/main.cpp.o[0m
[100%] [32m[1mLinking CXX executable bb3[0m
/usr/bin/ld: CMakeFiles/bb3.dir/src/main.cpp.o: in function `Motor::Motor(int, int, int)':
main.cpp:(.text._ZN5MotorC2Eiii[_ZN5MotorC5Eiii]+0x41): undefined reference to `gpioSetMode'
/usr/bin/ld: main.cpp:(.text._ZN5MotorC2Eiii[_ZN5MotorC5Eiii]+0x50): undefined reference to `gpioSetMode'
/usr/bin/ld: main.cpp:(.text._ZN5MotorC2Eiii[_ZN5MotorC5Eiii]+0x5f): undefined reference to `gpioSetMode'
/usr/bin/ld: CMakeFiles/bb3.dir/src/main.cpp.o: in function `Motor::set_off()':
main.cpp:(.text._ZN5Motor7set_offEv[_ZN5Motor7set_offEv]+0x1f): undefined reference to `gpioWrite'
/usr/bin/ld: main.cpp:(.text._ZN5Motor7set_offEv[_ZN5Motor7set_offEv]+0x31): undefined reference to `gpioWrite'
/usr/bin/ld: main.cpp:(.text._ZN5Motor7set_offEv[_ZN5Motor7set_offEv]+0x44): undefined reference to `gpioPWM'
/usr/bin/ld: CMakeFiles/bb3.dir/src/main.cpp.o: in function `Motor::set_high(int)':
main.cpp:(.text._ZN5Motor8set_highEi[_ZN5Motor8set_highEi]+0x22): undefined reference to `gpioWrite'
/usr/bin/ld: main.cpp:(.text._ZN5Motor8set_highEi[_ZN5Motor8set_highEi]+0x34): undefined reference to `gpioWrite'
/usr/bin/ld: main.cpp:(.text._ZN5Motor8set_highEi[_ZN5Motor8set_highEi]+0x47): undefined reference to `gpioPWM'
/usr/bin/ld: CMakeFiles/bb3.dir/src/main.cpp.o: in function `Motor::set_low(int)':
main.cpp:(.text._ZN5Motor7set_lowEi[_ZN5Motor7set_lowEi]+0x22): undefined reference to `gpioWrite'
/usr/bin/ld: main.cpp:(.text._ZN5Motor7set_lowEi[_ZN5Motor7set_lowEi]+0x34): undefined reference to `gpioWrite'
/usr/bin/ld: main.cpp:(.text._ZN5Motor7set_lowEi[_ZN5Motor7set_lowEi]+0x47): undefined reference to `gpioPWM'
collect2: error: ld returned 1 exit status
make[2]: *** [CMakeFiles/bb3.dir/build.make:136: bb3] Error 1
make[1]: *** [CMakeFiles/Makefile2:78: CMakeFiles/bb3.dir/all] Error 2
make: *** [Makefile:141: all] Error 2
