[0.016s] Invoking command in '/home/jesuschrist/projects/beepboop3000/build/bb3': CMAKE_PREFIX_PATH=${CMAKE_PREFIX_PATH}:/opt/ros/foxy /usr/bin/cmake --build /home/jesuschrist/projects/beepboop3000/build/bb3 -- -j8 -l8
[0.056s] [35m[1mScanning dependencies of target bb3[0m
[0.083s] [ 50%] [32mBuilding CXX object CMakeFiles/bb3.dir/src/main.cpp.o[0m
[1.337s] In file included from [01m[K/home/jesuschrist/projects/beepboop3000/ros2_ws/src/bb3/src/main.cpp:1[m[K:
[1.338s] [01m[K/home/jesuschrist/projects/beepboop3000/ros2_ws/src/bb3/src/Vehicle.h:[m[K In constructor ‘[01m[KVehicle::Vehicle(int, std::string, Motor, Motor, Motor, Motor)[m[K’:
[1.338s] [01m[K/home/jesuschrist/projects/beepboop3000/ros2_ws/src/bb3/src/Vehicle.h:17:6:[m[K [01;35m[Kwarning: [m[K‘[01m[KVehicle::pi[m[K’ will be initialized after [[01;35m[K-Wreorder[m[K]
[1.338s]    17 |  int [01;35m[Kpi[m[K;
[1.338s]       |      [01;35m[K^~[m[K
[1.338s] [01m[K/home/jesuschrist/projects/beepboop3000/ros2_ws/src/bb3/src/Vehicle.h:62:50:[m[K [01;35m[Kwarning: [m[K  base ‘[01m[Krclcpp::Node[m[K’ [[01;35m[K-Wreorder[m[K]
[1.338s]    62 |   right_top(right_top), right_bottom(right_bottom[01;35m[K)[m[K
[1.338s]       |                                                  [01;35m[K^[m[K
[1.339s] [01m[K/home/jesuschrist/projects/beepboop3000/ros2_ws/src/bb3/src/Vehicle.h:59:2:[m[K [01;35m[Kwarning: [m[K  when initialized here [[01;35m[K-Wreorder[m[K]
[1.339s]    59 |  [01;35m[KVehicle[m[K(int pi, std::string name, Motor left_top, Motor left_bottom, Motor right_top, Motor right_bottom)
[1.339s]       |  [01;35m[K^~~~~~~[m[K
[1.350s] [01m[K/home/jesuschrist/projects/beepboop3000/ros2_ws/src/bb3/src/main.cpp:[m[K In function ‘[01m[Kint main(int, char**)[m[K’:
[1.350s] [01m[K/home/jesuschrist/projects/beepboop3000/ros2_ws/src/bb3/src/main.cpp:25:36:[m[K [01;31m[Kerror: [m[Kno matching function for call to ‘[01m[KMotor::Motor(int, int, int)[m[K’
[1.350s]    25 |             Motor(RIN1, RIN2, RENAA[01;31m[K)[m[K, Motor(RIN4, RIN3, RENAB),
[1.350s]       |                                    [01;31m[K^[m[K
[1.350s] In file included from [01m[K/home/jesuschrist/projects/beepboop3000/ros2_ws/src/bb3/src/Vehicle.h:1[m[K,
[1.351s]                  from [01m[K/home/jesuschrist/projects/beepboop3000/ros2_ws/src/bb3/src/main.cpp:1[m[K:
[1.351s] [01m[K/home/jesuschrist/projects/beepboop3000/ros2_ws/src/bb3/src/Motor.h:13:2:[m[K [01;36m[Knote: [m[Kcandidate: ‘[01m[KMotor::Motor(int, int, int, int)[m[K’
[1.351s]    13 |  [01;36m[KMotor[m[K(int pi, int gpio_high, int gpio_low, int gpio_pwm)
[1.351s]       |  [01;36m[K^~~~~[m[K
[1.351s] [01m[K/home/jesuschrist/projects/beepboop3000/ros2_ws/src/bb3/src/Motor.h:13:2:[m[K [01;36m[Knote: [m[K  candidate expects 4 arguments, 3 provided
[1.351s] [01m[K/home/jesuschrist/projects/beepboop3000/ros2_ws/src/bb3/src/Motor.h:12:2:[m[K [01;36m[Knote: [m[Kcandidate: ‘[01m[KMotor::Motor()[m[K’
[1.351s]    12 |  [01;36m[KMotor[m[K() {}
[1.351s]       |  [01;36m[K^~~~~[m[K
[1.351s] [01m[K/home/jesuschrist/projects/beepboop3000/ros2_ws/src/bb3/src/Motor.h:12:2:[m[K [01;36m[Knote: [m[K  candidate expects 0 arguments, 3 provided
[1.351s] [01m[K/home/jesuschrist/projects/beepboop3000/ros2_ws/src/bb3/src/Motor.h:6:7:[m[K [01;36m[Knote: [m[Kcandidate: ‘[01m[Kconstexpr Motor::Motor(const Motor&)[m[K’
[1.351s]     6 | class [01;36m[KMotor[m[K
[1.351s]       |       [01;36m[K^~~~~[m[K
[1.351s] [01m[K/home/jesuschrist/projects/beepboop3000/ros2_ws/src/bb3/src/Motor.h:6:7:[m[K [01;36m[Knote: [m[K  candidate expects 1 argument, 3 provided
[1.351s] [01m[K/home/jesuschrist/projects/beepboop3000/ros2_ws/src/bb3/src/Motor.h:6:7:[m[K [01;36m[Knote: [m[Kcandidate: ‘[01m[Kconstexpr Motor::Motor(Motor&&)[m[K’
[1.351s] [01m[K/home/jesuschrist/projects/beepboop3000/ros2_ws/src/bb3/src/Motor.h:6:7:[m[K [01;36m[Knote: [m[K  candidate expects 1 argument, 3 provided
[1.351s] [01m[K/home/jesuschrist/projects/beepboop3000/ros2_ws/src/bb3/src/main.cpp:25:62:[m[K [01;31m[Kerror: [m[Kno matching function for call to ‘[01m[KMotor::Motor(int, int, int)[m[K’
[1.352s]    25 |             Motor(RIN1, RIN2, RENAA), Motor(RIN4, RIN3, RENAB[01;31m[K)[m[K,
[1.352s]       |                                                              [01;31m[K^[m[K
[1.352s] In file included from [01m[K/home/jesuschrist/projects/beepboop3000/ros2_ws/src/bb3/src/Vehicle.h:1[m[K,
[1.352s]                  from [01m[K/home/jesuschrist/projects/beepboop3000/ros2_ws/src/bb3/src/main.cpp:1[m[K:
[1.352s] [01m[K/home/jesuschrist/projects/beepboop3000/ros2_ws/src/bb3/src/Motor.h:13:2:[m[K [01;36m[Knote: [m[Kcandidate: ‘[01m[KMotor::Motor(int, int, int, int)[m[K’
[1.352s]    13 |  [01;36m[KMotor[m[K(int pi, int gpio_high, int gpio_low, int gpio_pwm)
[1.352s]       |  [01;36m[K^~~~~[m[K
[1.352s] [01m[K/home/jesuschrist/projects/beepboop3000/ros2_ws/src/bb3/src/Motor.h:13:2:[m[K [01;36m[Knote: [m[K  candidate expects 4 arguments, 3 provided
[1.352s] [01m[K/home/jesuschrist/projects/beepboop3000/ros2_ws/src/bb3/src/Motor.h:12:2:[m[K [01;36m[Knote: [m[Kcandidate: ‘[01m[KMotor::Motor()[m[K’
[1.352s]    12 |  [01;36m[KMotor[m[K() {}
[1.352s]       |  [01;36m[K^~~~~[m[K
[1.352s] [01m[K/home/jesuschrist/projects/beepboop3000/ros2_ws/src/bb3/src/Motor.h:12:2:[m[K [01;36m[Knote: [m[K  candidate expects 0 arguments, 3 provided
[1.352s] [01m[K/home/jesuschrist/projects/beepboop3000/ros2_ws/src/bb3/src/Motor.h:6:7:[m[K [01;36m[Knote: [m[Kcandidate: ‘[01m[Kconstexpr Motor::Motor(const Motor&)[m[K’
[1.352s]     6 | class [01;36m[KMotor[m[K
[1.352s]       |       [01;36m[K^~~~~[m[K
[1.352s] [01m[K/home/jesuschrist/projects/beepboop3000/ros2_ws/src/bb3/src/Motor.h:6:7:[m[K [01;36m[Knote: [m[K  candidate expects 1 argument, 3 provided
[1.353s] [01m[K/home/jesuschrist/projects/beepboop3000/ros2_ws/src/bb3/src/Motor.h:6:7:[m[K [01;36m[Knote: [m[Kcandidate: ‘[01m[Kconstexpr Motor::Motor(Motor&&)[m[K’
[1.353s] [01m[K/home/jesuschrist/projects/beepboop3000/ros2_ws/src/bb3/src/Motor.h:6:7:[m[K [01;36m[Knote: [m[K  candidate expects 1 argument, 3 provided
[1.353s] [01m[K/home/jesuschrist/projects/beepboop3000/ros2_ws/src/bb3/src/main.cpp:26:30:[m[K [01;31m[Kerror: [m[Kno matching function for call to ‘[01m[KMotor::Motor(int, int, int)[m[K’
[1.353s]    26 |       Motor(LIN3, LIN4, LENAB[01;31m[K)[m[K, Motor(LIN2, LIN1, LENAA)));
[1.353s]       |                              [01;31m[K^[m[K
[1.353s] In file included from [01m[K/home/jesuschrist/projects/beepboop3000/ros2_ws/src/bb3/src/Vehicle.h:1[m[K,
[1.353s]                  from [01m[K/home/jesuschrist/projects/beepboop3000/ros2_ws/src/bb3/src/main.cpp:1[m[K:
[1.353s] [01m[K/home/jesuschrist/projects/beepboop3000/ros2_ws/src/bb3/src/Motor.h:13:2:[m[K [01;36m[Knote: [m[Kcandidate: ‘[01m[KMotor::Motor(int, int, int, int)[m[K’
[1.353s]    13 |  [01;36m[KMotor[m[K(int pi, int gpio_high, int gpio_low, int gpio_pwm)
[1.353s]       |  [01;36m[K^~~~~[m[K
[1.353s] [01m[K/home/jesuschrist/projects/beepboop3000/ros2_ws/src/bb3/src/Motor.h:13:2:[m[K [01;36m[Knote: [m[K  candidate expects 4 arguments, 3 provided
[1.353s] [01m[K/home/jesuschrist/projects/beepboop3000/ros2_ws/src/bb3/src/Motor.h:12:2:[m[K [01;36m[Knote: [m[Kcandidate: ‘[01m[KMotor::Motor()[m[K’
[1.353s]    12 |  [01;36m[KMotor[m[K() {}
[1.353s]       |  [01;36m[K^~~~~[m[K
[1.353s] [01m[K/home/jesuschrist/projects/beepboop3000/ros2_ws/src/bb3/src/Motor.h:12:2:[m[K [01;36m[Knote: [m[K  candidate expects 0 arguments, 3 provided
[1.353s] [01m[K/home/jesuschrist/projects/beepboop3000/ros2_ws/src/bb3/src/Motor.h:6:7:[m[K [01;36m[Knote: [m[Kcandidate: ‘[01m[Kconstexpr Motor::Motor(const Motor&)[m[K’
[1.353s]     6 | class [01;36m[KMotor[m[K
[1.354s]       |       [01;36m[K^~~~~[m[K
[1.354s] [01m[K/home/jesuschrist/projects/beepboop3000/ros2_ws/src/bb3/src/Motor.h:6:7:[m[K [01;36m[Knote: [m[K  candidate expects 1 argument, 3 provided
[1.354s] [01m[K/home/jesuschrist/projects/beepboop3000/ros2_ws/src/bb3/src/Motor.h:6:7:[m[K [01;36m[Knote: [m[Kcandidate: ‘[01m[Kconstexpr Motor::Motor(Motor&&)[m[K’
[1.354s] [01m[K/home/jesuschrist/projects/beepboop3000/ros2_ws/src/bb3/src/Motor.h:6:7:[m[K [01;36m[Knote: [m[K  candidate expects 1 argument, 3 provided
[1.354s] [01m[K/home/jesuschrist/projects/beepboop3000/ros2_ws/src/bb3/src/main.cpp:26:56:[m[K [01;31m[Kerror: [m[Kno matching function for call to ‘[01m[KMotor::Motor(int, int, int)[m[K’
[1.354s]    26 |       Motor(LIN3, LIN4, LENAB), Motor(LIN2, LIN1, LENAA[01;31m[K)[m[K));
[1.354s]       |                                                        [01;31m[K^[m[K
[1.354s] In file included from [01m[K/home/jesuschrist/projects/beepboop3000/ros2_ws/src/bb3/src/Vehicle.h:1[m[K,
[1.354s]                  from [01m[K/home/jesuschrist/projects/beepboop3000/ros2_ws/src/bb3/src/main.cpp:1[m[K:
[1.354s] [01m[K/home/jesuschrist/projects/beepboop3000/ros2_ws/src/bb3/src/Motor.h:13:2:[m[K [01;36m[Knote: [m[Kcandidate: ‘[01m[KMotor::Motor(int, int, int, int)[m[K’
[1.354s]    13 |  [01;36m[KMotor[m[K(int pi, int gpio_high, int gpio_low, int gpio_pwm)
[1.354s]       |  [01;36m[K^~~~~[m[K
[1.354s] [01m[K/home/jesuschrist/projects/beepboop3000/ros2_ws/src/bb3/src/Motor.h:13:2:[m[K [01;36m[Knote: [m[K  candidate expects 4 arguments, 3 provided
[1.354s] [01m[K/home/jesuschrist/projects/beepboop3000/ros2_ws/src/bb3/src/Motor.h:12:2:[m[K [01;36m[Knote: [m[Kcandidate: ‘[01m[KMotor::Motor()[m[K’
[1.354s]    12 |  [01;36m[KMotor[m[K() {}
[1.354s]       |  [01;36m[K^~~~~[m[K
[1.355s] [01m[K/home/jesuschrist/projects/beepboop3000/ros2_ws/src/bb3/src/Motor.h:12:2:[m[K [01;36m[Knote: [m[K  candidate expects 0 arguments, 3 provided
[1.355s] [01m[K/home/jesuschrist/projects/beepboop3000/ros2_ws/src/bb3/src/Motor.h:6:7:[m[K [01;36m[Knote: [m[Kcandidate: ‘[01m[Kconstexpr Motor::Motor(const Motor&)[m[K’
[1.355s]     6 | class [01;36m[KMotor[m[K
[1.355s]       |       [01;36m[K^~~~~[m[K
[1.355s] [01m[K/home/jesuschrist/projects/beepboop3000/ros2_ws/src/bb3/src/Motor.h:6:7:[m[K [01;36m[Knote: [m[K  candidate expects 1 argument, 3 provided
[1.355s] [01m[K/home/jesuschrist/projects/beepboop3000/ros2_ws/src/bb3/src/Motor.h:6:7:[m[K [01;36m[Knote: [m[Kcandidate: ‘[01m[Kconstexpr Motor::Motor(Motor&&)[m[K’
[1.355s] [01m[K/home/jesuschrist/projects/beepboop3000/ros2_ws/src/bb3/src/Motor.h:6:7:[m[K [01;36m[Knote: [m[K  candidate expects 1 argument, 3 provided
[2.828s] make[2]: *** [CMakeFiles/bb3.dir/build.make:63: CMakeFiles/bb3.dir/src/main.cpp.o] Error 1
[2.830s] make[1]: *** [CMakeFiles/Makefile2:78: CMakeFiles/bb3.dir/all] Error 2
[2.830s] make: *** [Makefile:141: all] Error 2
[2.843s] Invoked command in '/home/jesuschrist/projects/beepboop3000/build/bb3' returned '2': CMAKE_PREFIX_PATH=${CMAKE_PREFIX_PATH}:/opt/ros/foxy /usr/bin/cmake --build /home/jesuschrist/projects/beepboop3000/build/bb3 -- -j8 -l8
