[0.013s] Invoking command in '/home/jesuschrist/projects/beepboop3000/ros2_ws/build/bb3': CMAKE_PREFIX_PATH=${CMAKE_PREFIX_PATH}:/opt/ros/foxy /usr/bin/cmake --build /home/jesuschrist/projects/beepboop3000/ros2_ws/build/bb3 -- -j8 -l8
[0.075s] [ 50%] [32m[1mLinking CXX executable bb3[0m
[0.302s] /usr/bin/ld: CMakeFiles/bb3.dir/src/main.cpp.o: in function `main':
[0.303s] main.cpp:(.text+0x1b7): undefined reference to `pigpio_start'
[0.303s] /usr/bin/ld: CMakeFiles/bb3.dir/src/main.cpp.o: in function `Motor::Motor(int, int, int, int)':
[0.303s] main.cpp:(.text._ZN5MotorC2Eiiii[_ZN5MotorC5Eiiii]+0x54): undefined reference to `set_mode'
[0.303s] /usr/bin/ld: main.cpp:(.text._ZN5MotorC2Eiiii[_ZN5MotorC5Eiiii]+0x68): undefined reference to `set_mode'
[0.303s] /usr/bin/ld: main.cpp:(.text._ZN5MotorC2Eiiii[_ZN5MotorC5Eiiii]+0x7c): undefined reference to `set_mode'
[0.303s] /usr/bin/ld: CMakeFiles/bb3.dir/src/main.cpp.o: in function `Motor::set_off()':
[0.303s] main.cpp:(.text._ZN5Motor7set_offEv[_ZN5Motor7set_offEv]+0x29): undefined reference to `gpio_write'
[0.303s] /usr/bin/ld: main.cpp:(.text._ZN5Motor7set_offEv[_ZN5Motor7set_offEv]+0x46): undefined reference to `gpio_write'
[0.303s] /usr/bin/ld: main.cpp:(.text._ZN5Motor7set_offEv[_ZN5Motor7set_offEv]+0x63): undefined reference to `set_PWM_dutycycle'
[0.303s] /usr/bin/ld: CMakeFiles/bb3.dir/src/main.cpp.o: in function `Motor::set_high(int)':
[0.303s] main.cpp:(.text._ZN5Motor8set_highEi[_ZN5Motor8set_highEi]+0x2c): undefined reference to `gpio_write'
[0.303s] /usr/bin/ld: main.cpp:(.text._ZN5Motor8set_highEi[_ZN5Motor8set_highEi]+0x49): undefined reference to `gpio_write'
[0.303s] /usr/bin/ld: main.cpp:(.text._ZN5Motor8set_highEi[_ZN5Motor8set_highEi]+0x64): undefined reference to `set_PWM_dutycycle'
[0.303s] /usr/bin/ld: CMakeFiles/bb3.dir/src/main.cpp.o: in function `Motor::set_low(int)':
[0.304s] main.cpp:(.text._ZN5Motor7set_lowEi[_ZN5Motor7set_lowEi]+0x2c): undefined reference to `gpio_write'
[0.304s] /usr/bin/ld: main.cpp:(.text._ZN5Motor7set_lowEi[_ZN5Motor7set_lowEi]+0x49): undefined reference to `gpio_write'
[0.304s] /usr/bin/ld: main.cpp:(.text._ZN5Motor7set_lowEi[_ZN5Motor7set_lowEi]+0x64): undefined reference to `set_PWM_dutycycle'
[0.304s] collect2: error: ld returned 1 exit status
[0.305s] make[2]: *** [CMakeFiles/bb3.dir/build.make:136: bb3] Error 1
[0.305s] make[1]: *** [CMakeFiles/Makefile2:78: CMakeFiles/bb3.dir/all] Error 2
[0.306s] make: *** [Makefile:141: all] Error 2
[0.308s] Invoked command in '/home/jesuschrist/projects/beepboop3000/ros2_ws/build/bb3' returned '2': CMAKE_PREFIX_PATH=${CMAKE_PREFIX_PATH}:/opt/ros/foxy /usr/bin/cmake --build /home/jesuschrist/projects/beepboop3000/ros2_ws/build/bb3 -- -j8 -l8
