-- Found ament_cmake: 0.9.8 (/opt/ros/foxy/share/ament_cmake/cmake)
-- Using PYTHON_EXECUTABLE: /usr/bin/python3
-- Found rclcpp: 2.3.1 (/opt/ros/foxy/share/rclcpp/cmake)
-- Using all available rosidl_typesupport_c: rosidl_typesupport_fastrtps_c;rosidl_typesupport_introspection_c
-- Found rosidl_adapter: 1.2.1 (/opt/ros/foxy/share/rosidl_adapter/cmake)
-- Using all available rosidl_typesupport_cpp: rosidl_typesupport_fastrtps_cpp;rosidl_typesupport_introspection_cpp
-- Found rmw_implementation_cmake: 1.0.3 (/opt/ros/foxy/share/rmw_implementation_cmake/cmake)
-- Using RMW implementation 'rmw_fastrtps_cpp' as default
-- Found geometry_msgs: 2.0.4 (/opt/ros/foxy/share/geometry_msgs/cmake)
-- Configuring done
-- Generating done
-- Build files have been written to: /home/jesuschrist/projects/beepboop3000/ros2_ws/build/bb3
[35m[1mScanning dependencies of target bb3[0m
[ 50%] [32mBuilding CXX object CMakeFiles/bb3.dir/src/main.cpp.o[0m
In file included from [01m[K/home/jesuschrist/projects/beepboop3000/ros2_ws/src/bb3/src/main.cpp:1[m[K:
[01m[K/home/jesuschrist/projects/beepboop3000/ros2_ws/src/bb3/src/Vehicle.h:[m[K In constructor ‘[01m[KVehicle::Vehicle(int, std::string, Motor, Motor, Motor, Motor)[m[K’:
[01m[K/home/jesuschrist/projects/beepboop3000/ros2_ws/src/bb3/src/Vehicle.h:17:6:[m[K [01;35m[Kwarning: [m[K‘[01m[KVehicle::pi[m[K’ will be initialized after [[01;35m[K-Wreorder[m[K]
   17 |  int [01;35m[Kpi[m[K;
      |      [01;35m[K^~[m[K
[01m[K/home/jesuschrist/projects/beepboop3000/ros2_ws/src/bb3/src/Vehicle.h:62:58:[m[K [01;35m[Kwarning: [m[K  base ‘[01m[Krclcpp::Node[m[K’ [[01;35m[K-Wreorder[m[K]
   62 |   right_top(pi, right_top), right_bottom(pi, right_bottom[01;35m[K)[m[K
      |                                                          [01;35m[K^[m[K
[01m[K/home/jesuschrist/projects/beepboop3000/ros2_ws/src/bb3/src/Vehicle.h:59:2:[m[K [01;35m[Kwarning: [m[K  when initialized here [[01;35m[K-Wreorder[m[K]
   59 |  [01;35m[KVehicle[m[K(int pi, std::string name, Motor left_top, Motor left_bottom, Motor right_top, Motor right_bottom)
      |  [01;35m[K^~~~~~~[m[K
[01m[K/home/jesuschrist/projects/beepboop3000/ros2_ws/src/bb3/src/Vehicle.h:62:58:[m[K [01;31m[Kerror: [m[Kno matching function for call to ‘[01m[KMotor::Motor(int&, Motor&)[m[K’
   62 |   right_top(pi, right_top), right_bottom(pi, right_bottom[01;31m[K)[m[K
      |                                                          [01;31m[K^[m[K
In file included from [01m[K/home/jesuschrist/projects/beepboop3000/ros2_ws/src/bb3/src/Vehicle.h:1[m[K,
                 from [01m[K/home/jesuschrist/projects/beepboop3000/ros2_ws/src/bb3/src/main.cpp:1[m[K:
[01m[K/home/jesuschrist/projects/beepboop3000/ros2_ws/src/bb3/src/Motor.h:14:2:[m[K [01;36m[Knote: [m[Kcandidate: ‘[01m[KMotor::Motor(int, int, int, int)[m[K’
   14 |  [01;36m[KMotor[m[K(int pi, int gpio_high, int gpio_low, int gpio_pwm)
      |  [01;36m[K^~~~~[m[K
[01m[K/home/jesuschrist/projects/beepboop3000/ros2_ws/src/bb3/src/Motor.h:14:2:[m[K [01;36m[Knote: [m[K  candidate expects 4 arguments, 2 provided
[01m[K/home/jesuschrist/projects/beepboop3000/ros2_ws/src/bb3/src/Motor.h:12:2:[m[K [01;36m[Knote: [m[Kcandidate: ‘[01m[KMotor::Motor()[m[K’
   12 |  [01;36m[KMotor[m[K() {}
      |  [01;36m[K^~~~~[m[K
[01m[K/home/jesuschrist/projects/beepboop3000/ros2_ws/src/bb3/src/Motor.h:12:2:[m[K [01;36m[Knote: [m[K  candidate expects 0 arguments, 2 provided
[01m[K/home/jesuschrist/projects/beepboop3000/ros2_ws/src/bb3/src/Motor.h:6:7:[m[K [01;36m[Knote: [m[Kcandidate: ‘[01m[Kconstexpr Motor::Motor(const Motor&)[m[K’
    6 | class [01;36m[KMotor[m[K
      |       [01;36m[K^~~~~[m[K
[01m[K/home/jesuschrist/projects/beepboop3000/ros2_ws/src/bb3/src/Motor.h:6:7:[m[K [01;36m[Knote: [m[K  candidate expects 1 argument, 2 provided
In file included from [01m[K/home/jesuschrist/projects/beepboop3000/ros2_ws/src/bb3/src/main.cpp:1[m[K:
[01m[K/home/jesuschrist/projects/beepboop3000/ros2_ws/src/bb3/src/Vehicle.h:62:58:[m[K [01;31m[Kerror: [m[Kno matching function for call to ‘[01m[KMotor::Motor(int&, Motor&)[m[K’
   62 |   right_top(pi, right_top), right_bottom(pi, right_bottom[01;31m[K)[m[K
      |                                                          [01;31m[K^[m[K
In file included from [01m[K/home/jesuschrist/projects/beepboop3000/ros2_ws/src/bb3/src/Vehicle.h:1[m[K,
                 from [01m[K/home/jesuschrist/projects/beepboop3000/ros2_ws/src/bb3/src/main.cpp:1[m[K:
[01m[K/home/jesuschrist/projects/beepboop3000/ros2_ws/src/bb3/src/Motor.h:14:2:[m[K [01;36m[Knote: [m[Kcandidate: ‘[01m[KMotor::Motor(int, int, int, int)[m[K’
   14 |  [01;36m[KMotor[m[K(int pi, int gpio_high, int gpio_low, int gpio_pwm)
      |  [01;36m[K^~~~~[m[K
[01m[K/home/jesuschrist/projects/beepboop3000/ros2_ws/src/bb3/src/Motor.h:14:2:[m[K [01;36m[Knote: [m[K  candidate expects 4 arguments, 2 provided
[01m[K/home/jesuschrist/projects/beepboop3000/ros2_ws/src/bb3/src/Motor.h:12:2:[m[K [01;36m[Knote: [m[Kcandidate: ‘[01m[KMotor::Motor()[m[K’
   12 |  [01;36m[KMotor[m[K() {}
      |  [01;36m[K^~~~~[m[K
[01m[K/home/jesuschrist/projects/beepboop3000/ros2_ws/src/bb3/src/Motor.h:12:2:[m[K [01;36m[Knote: [m[K  candidate expects 0 arguments, 2 provided
[01m[K/home/jesuschrist/projects/beepboop3000/ros2_ws/src/bb3/src/Motor.h:6:7:[m[K [01;36m[Knote: [m[Kcandidate: ‘[01m[Kconstexpr Motor::Motor(const Motor&)[m[K’
    6 | class [01;36m[KMotor[m[K
      |       [01;36m[K^~~~~[m[K
[01m[K/home/jesuschrist/projects/beepboop3000/ros2_ws/src/bb3/src/Motor.h:6:7:[m[K [01;36m[Knote: [m[K  candidate expects 1 argument, 2 provided
In file included from [01m[K/home/jesuschrist/projects/beepboop3000/ros2_ws/src/bb3/src/main.cpp:1[m[K:
[01m[K/home/jesuschrist/projects/beepboop3000/ros2_ws/src/bb3/src/Vehicle.h:62:58:[m[K [01;31m[Kerror: [m[Kno matching function for call to ‘[01m[KMotor::Motor(int&, Motor&)[m[K’
   62 |   right_top(pi, right_top), right_bottom(pi, right_bottom[01;31m[K)[m[K
      |                                                          [01;31m[K^[m[K
In file included from [01m[K/home/jesuschrist/projects/beepboop3000/ros2_ws/src/bb3/src/Vehicle.h:1[m[K,
                 from [01m[K/home/jesuschrist/projects/beepboop3000/ros2_ws/src/bb3/src/main.cpp:1[m[K:
[01m[K/home/jesuschrist/projects/beepboop3000/ros2_ws/src/bb3/src/Motor.h:14:2:[m[K [01;36m[Knote: [m[Kcandidate: ‘[01m[KMotor::Motor(int, int, int, int)[m[K’
   14 |  [01;36m[KMotor[m[K(int pi, int gpio_high, int gpio_low, int gpio_pwm)
      |  [01;36m[K^~~~~[m[K
[01m[K/home/jesuschrist/projects/beepboop3000/ros2_ws/src/bb3/src/Motor.h:14:2:[m[K [01;36m[Knote: [m[K  candidate expects 4 arguments, 2 provided
[01m[K/home/jesuschrist/projects/beepboop3000/ros2_ws/src/bb3/src/Motor.h:12:2:[m[K [01;36m[Knote: [m[Kcandidate: ‘[01m[KMotor::Motor()[m[K’
   12 |  [01;36m[KMotor[m[K() {}
      |  [01;36m[K^~~~~[m[K
[01m[K/home/jesuschrist/projects/beepboop3000/ros2_ws/src/bb3/src/Motor.h:12:2:[m[K [01;36m[Knote: [m[K  candidate expects 0 arguments, 2 provided
[01m[K/home/jesuschrist/projects/beepboop3000/ros2_ws/src/bb3/src/Motor.h:6:7:[m[K [01;36m[Knote: [m[Kcandidate: ‘[01m[Kconstexpr Motor::Motor(const Motor&)[m[K’
    6 | class [01;36m[KMotor[m[K
      |       [01;36m[K^~~~~[m[K
[01m[K/home/jesuschrist/projects/beepboop3000/ros2_ws/src/bb3/src/Motor.h:6:7:[m[K [01;36m[Knote: [m[K  candidate expects 1 argument, 2 provided
In file included from [01m[K/home/jesuschrist/projects/beepboop3000/ros2_ws/src/bb3/src/main.cpp:1[m[K:
[01m[K/home/jesuschrist/projects/beepboop3000/ros2_ws/src/bb3/src/Vehicle.h:62:58:[m[K [01;31m[Kerror: [m[Kno matching function for call to ‘[01m[KMotor::Motor(int&, Motor&)[m[K’
   62 |   right_top(pi, right_top), right_bottom(pi, right_bottom[01;31m[K)[m[K
      |                                                          [01;31m[K^[m[K
In file included from [01m[K/home/jesuschrist/projects/beepboop3000/ros2_ws/src/bb3/src/Vehicle.h:1[m[K,
                 from [01m[K/home/jesuschrist/projects/beepboop3000/ros2_ws/src/bb3/src/main.cpp:1[m[K:
[01m[K/home/jesuschrist/projects/beepboop3000/ros2_ws/src/bb3/src/Motor.h:14:2:[m[K [01;36m[Knote: [m[Kcandidate: ‘[01m[KMotor::Motor(int, int, int, int)[m[K’
   14 |  [01;36m[KMotor[m[K(int pi, int gpio_high, int gpio_low, int gpio_pwm)
      |  [01;36m[K^~~~~[m[K
[01m[K/home/jesuschrist/projects/beepboop3000/ros2_ws/src/bb3/src/Motor.h:14:2:[m[K [01;36m[Knote: [m[K  candidate expects 4 arguments, 2 provided
[01m[K/home/jesuschrist/projects/beepboop3000/ros2_ws/src/bb3/src/Motor.h:12:2:[m[K [01;36m[Knote: [m[Kcandidate: ‘[01m[KMotor::Motor()[m[K’
   12 |  [01;36m[KMotor[m[K() {}
      |  [01;36m[K^~~~~[m[K
[01m[K/home/jesuschrist/projects/beepboop3000/ros2_ws/src/bb3/src/Motor.h:12:2:[m[K [01;36m[Knote: [m[K  candidate expects 0 arguments, 2 provided
[01m[K/home/jesuschrist/projects/beepboop3000/ros2_ws/src/bb3/src/Motor.h:6:7:[m[K [01;36m[Knote: [m[Kcandidate: ‘[01m[Kconstexpr Motor::Motor(const Motor&)[m[K’
    6 | class [01;36m[KMotor[m[K
      |       [01;36m[K^~~~~[m[K
[01m[K/home/jesuschrist/projects/beepboop3000/ros2_ws/src/bb3/src/Motor.h:6:7:[m[K [01;36m[Knote: [m[K  candidate expects 1 argument, 2 provided
[01m[K/home/jesuschrist/projects/beepboop3000/ros2_ws/src/bb3/src/main.cpp:[m[K In function ‘[01m[Kint main(int, char**)[m[K’:
[01m[K/home/jesuschrist/projects/beepboop3000/ros2_ws/src/bb3/src/main.cpp:29:40:[m[K [01;31m[Kerror: [m[Kno matching function for call to ‘[01m[KMotor::Motor(int, int, int)[m[K’
   29 |                 Motor(RIN1, RIN2, RENAA[01;31m[K)[m[K, Motor(RIN4, RIN3, RENAB),
      |                                        [01;31m[K^[m[K
In file included from [01m[K/home/jesuschrist/projects/beepboop3000/ros2_ws/src/bb3/src/Vehicle.h:1[m[K,
                 from [01m[K/home/jesuschrist/projects/beepboop3000/ros2_ws/src/bb3/src/main.cpp:1[m[K:
[01m[K/home/jesuschrist/projects/beepboop3000/ros2_ws/src/bb3/src/Motor.h:14:2:[m[K [01;36m[Knote: [m[Kcandidate: ‘[01m[KMotor::Motor(int, int, int, int)[m[K’
   14 |  [01;36m[KMotor[m[K(int pi, int gpio_high, int gpio_low, int gpio_pwm)
      |  [01;36m[K^~~~~[m[K
[01m[K/home/jesuschrist/projects/beepboop3000/ros2_ws/src/bb3/src/Motor.h:14:2:[m[K [01;36m[Knote: [m[K  candidate expects 4 arguments, 3 provided
[01m[K/home/jesuschrist/projects/beepboop3000/ros2_ws/src/bb3/src/Motor.h:12:2:[m[K [01;36m[Knote: [m[Kcandidate: ‘[01m[KMotor::Motor()[m[K’
   12 |  [01;36m[KMotor[m[K() {}
      |  [01;36m[K^~~~~[m[K
[01m[K/home/jesuschrist/projects/beepboop3000/ros2_ws/src/bb3/src/Motor.h:12:2:[m[K [01;36m[Knote: [m[K  candidate expects 0 arguments, 3 provided
[01m[K/home/jesuschrist/projects/beepboop3000/ros2_ws/src/bb3/src/Motor.h:6:7:[m[K [01;36m[Knote: [m[Kcandidate: ‘[01m[Kconstexpr Motor::Motor(const Motor&)[m[K’
    6 | class [01;36m[KMotor[m[K
      |       [01;36m[K^~~~~[m[K
[01m[K/home/jesuschrist/projects/beepboop3000/ros2_ws/src/bb3/src/Motor.h:6:7:[m[K [01;36m[Knote: [m[K  candidate expects 1 argument, 3 provided
[01m[K/home/jesuschrist/projects/beepboop3000/ros2_ws/src/bb3/src/main.cpp:29:66:[m[K [01;31m[Kerror: [m[Kno matching function for call to ‘[01m[KMotor::Motor(int, int, int)[m[K’
   29 |                 Motor(RIN1, RIN2, RENAA), Motor(RIN4, RIN3, RENAB[01;31m[K)[m[K,
      |                                                                  [01;31m[K^[m[K
In file included from [01m[K/home/jesuschrist/projects/beepboop3000/ros2_ws/src/bb3/src/Vehicle.h:1[m[K,
                 from [01m[K/home/jesuschrist/projects/beepboop3000/ros2_ws/src/bb3/src/main.cpp:1[m[K:
[01m[K/home/jesuschrist/projects/beepboop3000/ros2_ws/src/bb3/src/Motor.h:14:2:[m[K [01;36m[Knote: [m[Kcandidate: ‘[01m[KMotor::Motor(int, int, int, int)[m[K’
   14 |  [01;36m[KMotor[m[K(int pi, int gpio_high, int gpio_low, int gpio_pwm)
      |  [01;36m[K^~~~~[m[K
[01m[K/home/jesuschrist/projects/beepboop3000/ros2_ws/src/bb3/src/Motor.h:14:2:[m[K [01;36m[Knote: [m[K  candidate expects 4 arguments, 3 provided
[01m[K/home/jesuschrist/projects/beepboop3000/ros2_ws/src/bb3/src/Motor.h:12:2:[m[K [01;36m[Knote: [m[Kcandidate: ‘[01m[KMotor::Motor()[m[K’
   12 |  [01;36m[KMotor[m[K() {}
      |  [01;36m[K^~~~~[m[K
[01m[K/home/jesuschrist/projects/beepboop3000/ros2_ws/src/bb3/src/Motor.h:12:2:[m[K [01;36m[Knote: [m[K  candidate expects 0 arguments, 3 provided
[01m[K/home/jesuschrist/projects/beepboop3000/ros2_ws/src/bb3/src/Motor.h:6:7:[m[K [01;36m[Knote: [m[Kcandidate: ‘[01m[Kconstexpr Motor::Motor(const Motor&)[m[K’
    6 | class [01;36m[KMotor[m[K
      |       [01;36m[K^~~~~[m[K
[01m[K/home/jesuschrist/projects/beepboop3000/ros2_ws/src/bb3/src/Motor.h:6:7:[m[K [01;36m[Knote: [m[K  candidate expects 1 argument, 3 provided
[01m[K/home/jesuschrist/projects/beepboop3000/ros2_ws/src/bb3/src/main.cpp:30:40:[m[K [01;31m[Kerror: [m[Kno matching function for call to ‘[01m[KMotor::Motor(int, int, int)[m[K’
   30 |                 Motor(LIN3, LIN4, LENAB[01;31m[K)[m[K, Motor(LIN2, LIN1, LENAA)));
      |                                        [01;31m[K^[m[K
In file included from [01m[K/home/jesuschrist/projects/beepboop3000/ros2_ws/src/bb3/src/Vehicle.h:1[m[K,
                 from [01m[K/home/jesuschrist/projects/beepboop3000/ros2_ws/src/bb3/src/main.cpp:1[m[K:
[01m[K/home/jesuschrist/projects/beepboop3000/ros2_ws/src/bb3/src/Motor.h:14:2:[m[K [01;36m[Knote: [m[Kcandidate: ‘[01m[KMotor::Motor(int, int, int, int)[m[K’
   14 |  [01;36m[KMotor[m[K(int pi, int gpio_high, int gpio_low, int gpio_pwm)
      |  [01;36m[K^~~~~[m[K
[01m[K/home/jesuschrist/projects/beepboop3000/ros2_ws/src/bb3/src/Motor.h:14:2:[m[K [01;36m[Knote: [m[K  candidate expects 4 arguments, 3 provided
[01m[K/home/jesuschrist/projects/beepboop3000/ros2_ws/src/bb3/src/Motor.h:12:2:[m[K [01;36m[Knote: [m[Kcandidate: ‘[01m[KMotor::Motor()[m[K’
   12 |  [01;36m[KMotor[m[K() {}
      |  [01;36m[K^~~~~[m[K
[01m[K/home/jesuschrist/projects/beepboop3000/ros2_ws/src/bb3/src/Motor.h:12:2:[m[K [01;36m[Knote: [m[K  candidate expects 0 arguments, 3 provided
[01m[K/home/jesuschrist/projects/beepboop3000/ros2_ws/src/bb3/src/Motor.h:6:7:[m[K [01;36m[Knote: [m[Kcandidate: ‘[01m[Kconstexpr Motor::Motor(const Motor&)[m[K’
    6 | class [01;36m[KMotor[m[K
      |       [01;36m[K^~~~~[m[K
[01m[K/home/jesuschrist/projects/beepboop3000/ros2_ws/src/bb3/src/Motor.h:6:7:[m[K [01;36m[Knote: [m[K  candidate expects 1 argument, 3 provided
[01m[K/home/jesuschrist/projects/beepboop3000/ros2_ws/src/bb3/src/main.cpp:30:66:[m[K [01;31m[Kerror: [m[Kno matching function for call to ‘[01m[KMotor::Motor(int, int, int)[m[K’
   30 |                 Motor(LIN3, LIN4, LENAB), Motor(LIN2, LIN1, LENAA[01;31m[K)[m[K));
      |                                                                  [01;31m[K^[m[K
In file included from [01m[K/home/jesuschrist/projects/beepboop3000/ros2_ws/src/bb3/src/Vehicle.h:1[m[K,
                 from [01m[K/home/jesuschrist/projects/beepboop3000/ros2_ws/src/bb3/src/main.cpp:1[m[K:
[01m[K/home/jesuschrist/projects/beepboop3000/ros2_ws/src/bb3/src/Motor.h:14:2:[m[K [01;36m[Knote: [m[Kcandidate: ‘[01m[KMotor::Motor(int, int, int, int)[m[K’
   14 |  [01;36m[KMotor[m[K(int pi, int gpio_high, int gpio_low, int gpio_pwm)
      |  [01;36m[K^~~~~[m[K
[01m[K/home/jesuschrist/projects/beepboop3000/ros2_ws/src/bb3/src/Motor.h:14:2:[m[K [01;36m[Knote: [m[K  candidate expects 4 arguments, 3 provided
[01m[K/home/jesuschrist/projects/beepboop3000/ros2_ws/src/bb3/src/Motor.h:12:2:[m[K [01;36m[Knote: [m[Kcandidate: ‘[01m[KMotor::Motor()[m[K’
   12 |  [01;36m[KMotor[m[K() {}
      |  [01;36m[K^~~~~[m[K
[01m[K/home/jesuschrist/projects/beepboop3000/ros2_ws/src/bb3/src/Motor.h:12:2:[m[K [01;36m[Knote: [m[K  candidate expects 0 arguments, 3 provided
[01m[K/home/jesuschrist/projects/beepboop3000/ros2_ws/src/bb3/src/Motor.h:6:7:[m[K [01;36m[Knote: [m[Kcandidate: ‘[01m[Kconstexpr Motor::Motor(const Motor&)[m[K’
    6 | class [01;36m[KMotor[m[K
      |       [01;36m[K^~~~~[m[K
[01m[K/home/jesuschrist/projects/beepboop3000/ros2_ws/src/bb3/src/Motor.h:6:7:[m[K [01;36m[Knote: [m[K  candidate expects 1 argument, 3 provided
make[2]: *** [CMakeFiles/bb3.dir/build.make:63: CMakeFiles/bb3.dir/src/main.cpp.o] Error 1
make[1]: *** [CMakeFiles/Makefile2:78: CMakeFiles/bb3.dir/all] Error 2
make: *** [Makefile:141: all] Error 2
