[0.013s] Invoking command in '/home/jesuschrist/projects/beepboop3000/ros2_ws/build/bb3': CMAKE_PREFIX_PATH=${CMAKE_PREFIX_PATH}:/opt/ros/foxy /usr/bin/cmake --build /home/jesuschrist/projects/beepboop3000/ros2_ws/build/bb3 -- -j8 -l8
[0.038s] -- Found ament_cmake: 0.9.8 (/opt/ros/foxy/share/ament_cmake/cmake)
[0.058s] -- Using PYTHON_EXECUTABLE: /usr/bin/python3
[0.218s] -- Found rclcpp: 2.3.1 (/opt/ros/foxy/share/rclcpp/cmake)
[0.250s] -- Using all available rosidl_typesupport_c: rosidl_typesupport_fastrtps_c;rosidl_typesupport_introspection_c
[0.255s] -- Found rosidl_adapter: 1.2.1 (/opt/ros/foxy/share/rosidl_adapter/cmake)
[0.359s] -- Using all available rosidl_typesupport_cpp: rosidl_typesupport_fastrtps_cpp;rosidl_typesupport_introspection_cpp
[0.406s] -- Found rmw_implementation_cmake: 1.0.3 (/opt/ros/foxy/share/rmw_implementation_cmake/cmake)
[0.408s] -- Using RMW implementation 'rmw_fastrtps_cpp' as default
[0.543s] -- Found geometry_msgs: 2.0.4 (/opt/ros/foxy/share/geometry_msgs/cmake)
[0.638s] -- Configuring done
[0.646s] -- Generating done
[0.647s] -- Build files have been written to: /home/jesuschrist/projects/beepboop3000/ros2_ws/build/bb3
[0.676s] [35m[1mScanning dependencies of target bb3[0m
[0.705s] [ 50%] [32mBuilding CXX object CMakeFiles/bb3.dir/src/main.cpp.o[0m
[1.836s] In file included from [01m[K/home/jesuschrist/projects/beepboop3000/ros2_ws/src/bb3/src/main.cpp:1[m[K:
[1.836s] [01m[K/home/jesuschrist/projects/beepboop3000/ros2_ws/src/bb3/src/Vehicle.h:[m[K In constructor ‘[01m[KVehicle::Vehicle(int, std::string, Motor, Motor, Motor, Motor)[m[K’:
[1.836s] [01m[K/home/jesuschrist/projects/beepboop3000/ros2_ws/src/bb3/src/Vehicle.h:17:6:[m[K [01;35m[Kwarning: [m[K‘[01m[KVehicle::pi[m[K’ will be initialized after [[01;35m[K-Wreorder[m[K]
[1.836s]    17 |  int [01;35m[Kpi[m[K;
[1.836s]       |      [01;35m[K^~[m[K
[1.836s] [01m[K/home/jesuschrist/projects/beepboop3000/ros2_ws/src/bb3/src/Vehicle.h:62:58:[m[K [01;35m[Kwarning: [m[K  base ‘[01m[Krclcpp::Node[m[K’ [[01;35m[K-Wreorder[m[K]
[1.836s]    62 |   right_top(pi, right_top), right_bottom(pi, right_bottom[01;35m[K)[m[K
[1.836s]       |                                                          [01;35m[K^[m[K
[1.836s] [01m[K/home/jesuschrist/projects/beepboop3000/ros2_ws/src/bb3/src/Vehicle.h:59:2:[m[K [01;35m[Kwarning: [m[K  when initialized here [[01;35m[K-Wreorder[m[K]
[1.837s]    59 |  [01;35m[KVehicle[m[K(int pi, std::string name, Motor left_top, Motor left_bottom, Motor right_top, Motor right_bottom)
[1.837s]       |  [01;35m[K^~~~~~~[m[K
[1.837s] [01m[K/home/jesuschrist/projects/beepboop3000/ros2_ws/src/bb3/src/Vehicle.h:62:58:[m[K [01;31m[Kerror: [m[Kno matching function for call to ‘[01m[KMotor::Motor(int&, Motor&)[m[K’
[1.837s]    62 |   right_top(pi, right_top), right_bottom(pi, right_bottom[01;31m[K)[m[K
[1.837s]       |                                                          [01;31m[K^[m[K
[1.837s] In file included from [01m[K/home/jesuschrist/projects/beepboop3000/ros2_ws/src/bb3/src/Vehicle.h:1[m[K,
[1.837s]                  from [01m[K/home/jesuschrist/projects/beepboop3000/ros2_ws/src/bb3/src/main.cpp:1[m[K:
[1.837s] [01m[K/home/jesuschrist/projects/beepboop3000/ros2_ws/src/bb3/src/Motor.h:14:2:[m[K [01;36m[Knote: [m[Kcandidate: ‘[01m[KMotor::Motor(int, int, int, int)[m[K’
[1.837s]    14 |  [01;36m[KMotor[m[K(int pi, int gpio_high, int gpio_low, int gpio_pwm)
[1.837s]       |  [01;36m[K^~~~~[m[K
[1.837s] [01m[K/home/jesuschrist/projects/beepboop3000/ros2_ws/src/bb3/src/Motor.h:14:2:[m[K [01;36m[Knote: [m[K  candidate expects 4 arguments, 2 provided
[1.837s] [01m[K/home/jesuschrist/projects/beepboop3000/ros2_ws/src/bb3/src/Motor.h:12:2:[m[K [01;36m[Knote: [m[Kcandidate: ‘[01m[KMotor::Motor()[m[K’
[1.837s]    12 |  [01;36m[KMotor[m[K() {}
[1.837s]       |  [01;36m[K^~~~~[m[K
[1.837s] [01m[K/home/jesuschrist/projects/beepboop3000/ros2_ws/src/bb3/src/Motor.h:12:2:[m[K [01;36m[Knote: [m[K  candidate expects 0 arguments, 2 provided
[1.838s] [01m[K/home/jesuschrist/projects/beepboop3000/ros2_ws/src/bb3/src/Motor.h:6:7:[m[K [01;36m[Knote: [m[Kcandidate: ‘[01m[Kconstexpr Motor::Motor(const Motor&)[m[K’
[1.838s]     6 | class [01;36m[KMotor[m[K
[1.838s]       |       [01;36m[K^~~~~[m[K
[1.838s] [01m[K/home/jesuschrist/projects/beepboop3000/ros2_ws/src/bb3/src/Motor.h:6:7:[m[K [01;36m[Knote: [m[K  candidate expects 1 argument, 2 provided
[1.838s] In file included from [01m[K/home/jesuschrist/projects/beepboop3000/ros2_ws/src/bb3/src/main.cpp:1[m[K:
[1.838s] [01m[K/home/jesuschrist/projects/beepboop3000/ros2_ws/src/bb3/src/Vehicle.h:62:58:[m[K [01;31m[Kerror: [m[Kno matching function for call to ‘[01m[KMotor::Motor(int&, Motor&)[m[K’
[1.838s]    62 |   right_top(pi, right_top), right_bottom(pi, right_bottom[01;31m[K)[m[K
[1.838s]       |                                                          [01;31m[K^[m[K
[1.838s] In file included from [01m[K/home/jesuschrist/projects/beepboop3000/ros2_ws/src/bb3/src/Vehicle.h:1[m[K,
[1.838s]                  from [01m[K/home/jesuschrist/projects/beepboop3000/ros2_ws/src/bb3/src/main.cpp:1[m[K:
[1.838s] [01m[K/home/jesuschrist/projects/beepboop3000/ros2_ws/src/bb3/src/Motor.h:14:2:[m[K [01;36m[Knote: [m[Kcandidate: ‘[01m[KMotor::Motor(int, int, int, int)[m[K’
[1.838s]    14 |  [01;36m[KMotor[m[K(int pi, int gpio_high, int gpio_low, int gpio_pwm)
[1.838s]       |  [01;36m[K^~~~~[m[K
[1.838s] [01m[K/home/jesuschrist/projects/beepboop3000/ros2_ws/src/bb3/src/Motor.h:14:2:[m[K [01;36m[Knote: [m[K  candidate expects 4 arguments, 2 provided
[1.838s] [01m[K/home/jesuschrist/projects/beepboop3000/ros2_ws/src/bb3/src/Motor.h:12:2:[m[K [01;36m[Knote: [m[Kcandidate: ‘[01m[KMotor::Motor()[m[K’
[1.838s]    12 |  [01;36m[KMotor[m[K() {}
[1.839s]       |  [01;36m[K^~~~~[m[K
[1.839s] [01m[K/home/jesuschrist/projects/beepboop3000/ros2_ws/src/bb3/src/Motor.h:12:2:[m[K [01;36m[Knote: [m[K  candidate expects 0 arguments, 2 provided
[1.839s] [01m[K/home/jesuschrist/projects/beepboop3000/ros2_ws/src/bb3/src/Motor.h:6:7:[m[K [01;36m[Knote: [m[Kcandidate: ‘[01m[Kconstexpr Motor::Motor(const Motor&)[m[K’
[1.839s]     6 | class [01;36m[KMotor[m[K
[1.839s]       |       [01;36m[K^~~~~[m[K
[1.839s] [01m[K/home/jesuschrist/projects/beepboop3000/ros2_ws/src/bb3/src/Motor.h:6:7:[m[K [01;36m[Knote: [m[K  candidate expects 1 argument, 2 provided
[1.839s] In file included from [01m[K/home/jesuschrist/projects/beepboop3000/ros2_ws/src/bb3/src/main.cpp:1[m[K:
[1.839s] [01m[K/home/jesuschrist/projects/beepboop3000/ros2_ws/src/bb3/src/Vehicle.h:62:58:[m[K [01;31m[Kerror: [m[Kno matching function for call to ‘[01m[KMotor::Motor(int&, Motor&)[m[K’
[1.839s]    62 |   right_top(pi, right_top), right_bottom(pi, right_bottom[01;31m[K)[m[K
[1.839s]       |                                                          [01;31m[K^[m[K
[1.839s] In file included from [01m[K/home/jesuschrist/projects/beepboop3000/ros2_ws/src/bb3/src/Vehicle.h:1[m[K,
[1.839s]                  from [01m[K/home/jesuschrist/projects/beepboop3000/ros2_ws/src/bb3/src/main.cpp:1[m[K:
[1.839s] [01m[K/home/jesuschrist/projects/beepboop3000/ros2_ws/src/bb3/src/Motor.h:14:2:[m[K [01;36m[Knote: [m[Kcandidate: ‘[01m[KMotor::Motor(int, int, int, int)[m[K’
[1.839s]    14 |  [01;36m[KMotor[m[K(int pi, int gpio_high, int gpio_low, int gpio_pwm)
[1.840s]       |  [01;36m[K^~~~~[m[K
[1.840s] [01m[K/home/jesuschrist/projects/beepboop3000/ros2_ws/src/bb3/src/Motor.h:14:2:[m[K [01;36m[Knote: [m[K  candidate expects 4 arguments, 2 provided
[1.840s] [01m[K/home/jesuschrist/projects/beepboop3000/ros2_ws/src/bb3/src/Motor.h:12:2:[m[K [01;36m[Knote: [m[Kcandidate: ‘[01m[KMotor::Motor()[m[K’
[1.840s]    12 |  [01;36m[KMotor[m[K() {}
[1.840s]       |  [01;36m[K^~~~~[m[K
[1.840s] [01m[K/home/jesuschrist/projects/beepboop3000/ros2_ws/src/bb3/src/Motor.h:12:2:[m[K [01;36m[Knote: [m[K  candidate expects 0 arguments, 2 provided
[1.840s] [01m[K/home/jesuschrist/projects/beepboop3000/ros2_ws/src/bb3/src/Motor.h:6:7:[m[K [01;36m[Knote: [m[Kcandidate: ‘[01m[Kconstexpr Motor::Motor(const Motor&)[m[K’
[1.840s]     6 | class [01;36m[KMotor[m[K
[1.840s]       |       [01;36m[K^~~~~[m[K
[1.840s] [01m[K/home/jesuschrist/projects/beepboop3000/ros2_ws/src/bb3/src/Motor.h:6:7:[m[K [01;36m[Knote: [m[K  candidate expects 1 argument, 2 provided
[1.840s] In file included from [01m[K/home/jesuschrist/projects/beepboop3000/ros2_ws/src/bb3/src/main.cpp:1[m[K:
[1.840s] [01m[K/home/jesuschrist/projects/beepboop3000/ros2_ws/src/bb3/src/Vehicle.h:62:58:[m[K [01;31m[Kerror: [m[Kno matching function for call to ‘[01m[KMotor::Motor(int&, Motor&)[m[K’
[1.840s]    62 |   right_top(pi, right_top), right_bottom(pi, right_bottom[01;31m[K)[m[K
[1.840s]       |                                                          [01;31m[K^[m[K
[1.840s] In file included from [01m[K/home/jesuschrist/projects/beepboop3000/ros2_ws/src/bb3/src/Vehicle.h:1[m[K,
[1.841s]                  from [01m[K/home/jesuschrist/projects/beepboop3000/ros2_ws/src/bb3/src/main.cpp:1[m[K:
[1.841s] [01m[K/home/jesuschrist/projects/beepboop3000/ros2_ws/src/bb3/src/Motor.h:14:2:[m[K [01;36m[Knote: [m[Kcandidate: ‘[01m[KMotor::Motor(int, int, int, int)[m[K’
[1.841s]    14 |  [01;36m[KMotor[m[K(int pi, int gpio_high, int gpio_low, int gpio_pwm)
[1.841s]       |  [01;36m[K^~~~~[m[K
[1.841s] [01m[K/home/jesuschrist/projects/beepboop3000/ros2_ws/src/bb3/src/Motor.h:14:2:[m[K [01;36m[Knote: [m[K  candidate expects 4 arguments, 2 provided
[1.841s] [01m[K/home/jesuschrist/projects/beepboop3000/ros2_ws/src/bb3/src/Motor.h:12:2:[m[K [01;36m[Knote: [m[Kcandidate: ‘[01m[KMotor::Motor()[m[K’
[1.841s]    12 |  [01;36m[KMotor[m[K() {}
[1.841s]       |  [01;36m[K^~~~~[m[K
[1.841s] [01m[K/home/jesuschrist/projects/beepboop3000/ros2_ws/src/bb3/src/Motor.h:12:2:[m[K [01;36m[Knote: [m[K  candidate expects 0 arguments, 2 provided
[1.841s] [01m[K/home/jesuschrist/projects/beepboop3000/ros2_ws/src/bb3/src/Motor.h:6:7:[m[K [01;36m[Knote: [m[Kcandidate: ‘[01m[Kconstexpr Motor::Motor(const Motor&)[m[K’
[1.841s]     6 | class [01;36m[KMotor[m[K
[1.841s]       |       [01;36m[K^~~~~[m[K
[1.841s] [01m[K/home/jesuschrist/projects/beepboop3000/ros2_ws/src/bb3/src/Motor.h:6:7:[m[K [01;36m[Knote: [m[K  candidate expects 1 argument, 2 provided
[1.848s] [01m[K/home/jesuschrist/projects/beepboop3000/ros2_ws/src/bb3/src/main.cpp:[m[K In function ‘[01m[Kint main(int, char**)[m[K’:
[1.848s] [01m[K/home/jesuschrist/projects/beepboop3000/ros2_ws/src/bb3/src/main.cpp:29:40:[m[K [01;31m[Kerror: [m[Kno matching function for call to ‘[01m[KMotor::Motor(int, int, int)[m[K’
[1.848s]    29 |                 Motor(RIN1, RIN2, RENAA[01;31m[K)[m[K, Motor(RIN4, RIN3, RENAB),
[1.848s]       |                                        [01;31m[K^[m[K
[1.848s] In file included from [01m[K/home/jesuschrist/projects/beepboop3000/ros2_ws/src/bb3/src/Vehicle.h:1[m[K,
[1.848s]                  from [01m[K/home/jesuschrist/projects/beepboop3000/ros2_ws/src/bb3/src/main.cpp:1[m[K:
[1.848s] [01m[K/home/jesuschrist/projects/beepboop3000/ros2_ws/src/bb3/src/Motor.h:14:2:[m[K [01;36m[Knote: [m[Kcandidate: ‘[01m[KMotor::Motor(int, int, int, int)[m[K’
[1.849s]    14 |  [01;36m[KMotor[m[K(int pi, int gpio_high, int gpio_low, int gpio_pwm)
[1.849s]       |  [01;36m[K^~~~~[m[K
[1.849s] [01m[K/home/jesuschrist/projects/beepboop3000/ros2_ws/src/bb3/src/Motor.h:14:2:[m[K [01;36m[Knote: [m[K  candidate expects 4 arguments, 3 provided
[1.849s] [01m[K/home/jesuschrist/projects/beepboop3000/ros2_ws/src/bb3/src/Motor.h:12:2:[m[K [01;36m[Knote: [m[Kcandidate: ‘[01m[KMotor::Motor()[m[K’
[1.849s]    12 |  [01;36m[KMotor[m[K() {}
[1.849s]       |  [01;36m[K^~~~~[m[K
[1.849s] [01m[K/home/jesuschrist/projects/beepboop3000/ros2_ws/src/bb3/src/Motor.h:12:2:[m[K [01;36m[Knote: [m[K  candidate expects 0 arguments, 3 provided
[1.850s] [01m[K/home/jesuschrist/projects/beepboop3000/ros2_ws/src/bb3/src/Motor.h:6:7:[m[K [01;36m[Knote: [m[Kcandidate: ‘[01m[Kconstexpr Motor::Motor(const Motor&)[m[K’
[1.850s]     6 | class [01;36m[KMotor[m[K
[1.850s]       |       [01;36m[K^~~~~[m[K
[1.850s] [01m[K/home/jesuschrist/projects/beepboop3000/ros2_ws/src/bb3/src/Motor.h:6:7:[m[K [01;36m[Knote: [m[K  candidate expects 1 argument, 3 provided
[1.850s] [01m[K/home/jesuschrist/projects/beepboop3000/ros2_ws/src/bb3/src/main.cpp:29:66:[m[K [01;31m[Kerror: [m[Kno matching function for call to ‘[01m[KMotor::Motor(int, int, int)[m[K’
[1.850s]    29 |                 Motor(RIN1, RIN2, RENAA), Motor(RIN4, RIN3, RENAB[01;31m[K)[m[K,
[1.850s]       |                                                                  [01;31m[K^[m[K
[1.850s] In file included from [01m[K/home/jesuschrist/projects/beepboop3000/ros2_ws/src/bb3/src/Vehicle.h:1[m[K,
[1.850s]                  from [01m[K/home/jesuschrist/projects/beepboop3000/ros2_ws/src/bb3/src/main.cpp:1[m[K:
[1.850s] [01m[K/home/jesuschrist/projects/beepboop3000/ros2_ws/src/bb3/src/Motor.h:14:2:[m[K [01;36m[Knote: [m[Kcandidate: ‘[01m[KMotor::Motor(int, int, int, int)[m[K’
[1.851s]    14 |  [01;36m[KMotor[m[K(int pi, int gpio_high, int gpio_low, int gpio_pwm)
[1.851s]       |  [01;36m[K^~~~~[m[K
[1.851s] [01m[K/home/jesuschrist/projects/beepboop3000/ros2_ws/src/bb3/src/Motor.h:14:2:[m[K [01;36m[Knote: [m[K  candidate expects 4 arguments, 3 provided
[1.851s] [01m[K/home/jesuschrist/projects/beepboop3000/ros2_ws/src/bb3/src/Motor.h:12:2:[m[K [01;36m[Knote: [m[Kcandidate: ‘[01m[KMotor::Motor()[m[K’
[1.851s]    12 |  [01;36m[KMotor[m[K() {}
[1.851s]       |  [01;36m[K^~~~~[m[K
[1.851s] [01m[K/home/jesuschrist/projects/beepboop3000/ros2_ws/src/bb3/src/Motor.h:12:2:[m[K [01;36m[Knote: [m[K  candidate expects 0 arguments, 3 provided
[1.851s] [01m[K/home/jesuschrist/projects/beepboop3000/ros2_ws/src/bb3/src/Motor.h:6:7:[m[K [01;36m[Knote: [m[Kcandidate: ‘[01m[Kconstexpr Motor::Motor(const Motor&)[m[K’
[1.852s]     6 | class [01;36m[KMotor[m[K
[1.852s]       |       [01;36m[K^~~~~[m[K
[1.852s] [01m[K/home/jesuschrist/projects/beepboop3000/ros2_ws/src/bb3/src/Motor.h:6:7:[m[K [01;36m[Knote: [m[K  candidate expects 1 argument, 3 provided
[1.852s] [01m[K/home/jesuschrist/projects/beepboop3000/ros2_ws/src/bb3/src/main.cpp:30:40:[m[K [01;31m[Kerror: [m[Kno matching function for call to ‘[01m[KMotor::Motor(int, int, int)[m[K’
[1.852s]    30 |                 Motor(LIN3, LIN4, LENAB[01;31m[K)[m[K, Motor(LIN2, LIN1, LENAA)));
[1.852s]       |                                        [01;31m[K^[m[K
[1.852s] In file included from [01m[K/home/jesuschrist/projects/beepboop3000/ros2_ws/src/bb3/src/Vehicle.h:1[m[K,
[1.852s]                  from [01m[K/home/jesuschrist/projects/beepboop3000/ros2_ws/src/bb3/src/main.cpp:1[m[K:
[1.852s] [01m[K/home/jesuschrist/projects/beepboop3000/ros2_ws/src/bb3/src/Motor.h:14:2:[m[K [01;36m[Knote: [m[Kcandidate: ‘[01m[KMotor::Motor(int, int, int, int)[m[K’
[1.853s]    14 |  [01;36m[KMotor[m[K(int pi, int gpio_high, int gpio_low, int gpio_pwm)
[1.853s]       |  [01;36m[K^~~~~[m[K
[1.853s] [01m[K/home/jesuschrist/projects/beepboop3000/ros2_ws/src/bb3/src/Motor.h:14:2:[m[K [01;36m[Knote: [m[K  candidate expects 4 arguments, 3 provided
[1.853s] [01m[K/home/jesuschrist/projects/beepboop3000/ros2_ws/src/bb3/src/Motor.h:12:2:[m[K [01;36m[Knote: [m[Kcandidate: ‘[01m[KMotor::Motor()[m[K’
[1.853s]    12 |  [01;36m[KMotor[m[K() {}
[1.853s]       |  [01;36m[K^~~~~[m[K
[1.853s] [01m[K/home/jesuschrist/projects/beepboop3000/ros2_ws/src/bb3/src/Motor.h:12:2:[m[K [01;36m[Knote: [m[K  candidate expects 0 arguments, 3 provided
[1.853s] [01m[K/home/jesuschrist/projects/beepboop3000/ros2_ws/src/bb3/src/Motor.h:6:7:[m[K [01;36m[Knote: [m[Kcandidate: ‘[01m[Kconstexpr Motor::Motor(const Motor&)[m[K’
[1.854s]     6 | class [01;36m[KMotor[m[K
[1.854s]       |       [01;36m[K^~~~~[m[K
[1.854s] [01m[K/home/jesuschrist/projects/beepboop3000/ros2_ws/src/bb3/src/Motor.h:6:7:[m[K [01;36m[Knote: [m[K  candidate expects 1 argument, 3 provided
[1.854s] [01m[K/home/jesuschrist/projects/beepboop3000/ros2_ws/src/bb3/src/main.cpp:30:66:[m[K [01;31m[Kerror: [m[Kno matching function for call to ‘[01m[KMotor::Motor(int, int, int)[m[K’
[1.854s]    30 |                 Motor(LIN3, LIN4, LENAB), Motor(LIN2, LIN1, LENAA[01;31m[K)[m[K));
[1.854s]       |                                                                  [01;31m[K^[m[K
[1.854s] In file included from [01m[K/home/jesuschrist/projects/beepboop3000/ros2_ws/src/bb3/src/Vehicle.h:1[m[K,
[1.854s]                  from [01m[K/home/jesuschrist/projects/beepboop3000/ros2_ws/src/bb3/src/main.cpp:1[m[K:
[1.854s] [01m[K/home/jesuschrist/projects/beepboop3000/ros2_ws/src/bb3/src/Motor.h:14:2:[m[K [01;36m[Knote: [m[Kcandidate: ‘[01m[KMotor::Motor(int, int, int, int)[m[K’
[1.854s]    14 |  [01;36m[KMotor[m[K(int pi, int gpio_high, int gpio_low, int gpio_pwm)
[1.854s]       |  [01;36m[K^~~~~[m[K
[1.855s] [01m[K/home/jesuschrist/projects/beepboop3000/ros2_ws/src/bb3/src/Motor.h:14:2:[m[K [01;36m[Knote: [m[K  candidate expects 4 arguments, 3 provided
[1.855s] [01m[K/home/jesuschrist/projects/beepboop3000/ros2_ws/src/bb3/src/Motor.h:12:2:[m[K [01;36m[Knote: [m[Kcandidate: ‘[01m[KMotor::Motor()[m[K’
[1.855s]    12 |  [01;36m[KMotor[m[K() {}
[1.855s]       |  [01;36m[K^~~~~[m[K
[1.855s] [01m[K/home/jesuschrist/projects/beepboop3000/ros2_ws/src/bb3/src/Motor.h:12:2:[m[K [01;36m[Knote: [m[K  candidate expects 0 arguments, 3 provided
[1.855s] [01m[K/home/jesuschrist/projects/beepboop3000/ros2_ws/src/bb3/src/Motor.h:6:7:[m[K [01;36m[Knote: [m[Kcandidate: ‘[01m[Kconstexpr Motor::Motor(const Motor&)[m[K’
[1.855s]     6 | class [01;36m[KMotor[m[K
[1.856s]       |       [01;36m[K^~~~~[m[K
[1.856s] [01m[K/home/jesuschrist/projects/beepboop3000/ros2_ws/src/bb3/src/Motor.h:6:7:[m[K [01;36m[Knote: [m[K  candidate expects 1 argument, 3 provided
[3.038s] make[2]: *** [CMakeFiles/bb3.dir/build.make:63: CMakeFiles/bb3.dir/src/main.cpp.o] Error 1
[3.038s] make[1]: *** [CMakeFiles/Makefile2:78: CMakeFiles/bb3.dir/all] Error 2
[3.038s] make: *** [Makefile:141: all] Error 2
[3.040s] Invoked command in '/home/jesuschrist/projects/beepboop3000/ros2_ws/build/bb3' returned '2': CMAKE_PREFIX_PATH=${CMAKE_PREFIX_PATH}:/opt/ros/foxy /usr/bin/cmake --build /home/jesuschrist/projects/beepboop3000/ros2_ws/build/bb3 -- -j8 -l8
