[0.016s] Invoking command in '/home/jesuschrist/projects/beepboop3000/build/bb3': CMAKE_PREFIX_PATH=/opt/ros/foxy /usr/bin/cmake /home/jesuschrist/projects/beepboop3000/ros2_ws/src/bb3 -DCMAKE_INSTALL_PREFIX=/home/jesuschrist/projects/beepboop3000/install/bb3
[0.108s] -- The C compiler identification is GNU 9.3.0
[0.184s] -- The CXX compiler identification is GNU 9.3.0
[0.190s] -- Check for working C compiler: /usr/bin/cc
[0.256s] -- Check for working C compiler: /usr/bin/cc -- works
[0.257s] -- Detecting C compiler ABI info
[0.318s] -- Detecting C compiler ABI info - done
[0.330s] -- Detecting C compile features
[0.330s] -- Detecting C compile features - done
[0.333s] -- Check for working CXX compiler: /usr/bin/c++
[0.406s] -- Check for working CXX compiler: /usr/bin/c++ -- works
[0.407s] -- Detecting CXX compiler ABI info
[0.478s] -- Detecting CXX compiler ABI info - done
[0.490s] -- Detecting CXX compile features
[0.491s] -- Detecting CXX compile features - done
[0.492s] -- Found ament_cmake: 0.9.8 (/opt/ros/foxy/share/ament_cmake/cmake)
[0.513s] -- Found PythonInterp: /usr/bin/python3 (found suitable version "3.8.5", minimum required is "3") 
[0.513s] -- Using PYTHON_EXECUTABLE: /usr/bin/python3
[0.690s] -- Found rclcpp: 2.3.1 (/opt/ros/foxy/share/rclcpp/cmake)
[0.728s] -- Using all available rosidl_typesupport_c: rosidl_typesupport_fastrtps_c;rosidl_typesupport_introspection_c
[0.734s] -- Found rosidl_adapter: 1.2.1 (/opt/ros/foxy/share/rosidl_adapter/cmake)
[0.796s] -- Found OpenSSL: /usr/lib/x86_64-linux-gnu/libcrypto.so (found version "1.1.1f")  
[0.822s] -- Found FastRTPS: /opt/ros/foxy/include  
[0.891s] -- Using all available rosidl_typesupport_cpp: rosidl_typesupport_fastrtps_cpp;rosidl_typesupport_introspection_cpp
[0.942s] -- Found rmw_implementation_cmake: 1.0.3 (/opt/ros/foxy/share/rmw_implementation_cmake/cmake)
[0.944s] -- Using RMW implementation 'rmw_fastrtps_cpp' as default
[0.945s] -- Looking for pthread.h
[1.012s] -- Looking for pthread.h - found
[1.013s] -- Performing Test CMAKE_HAVE_LIBC_PTHREAD
[1.081s] -- Performing Test CMAKE_HAVE_LIBC_PTHREAD - Failed
[1.082s] -- Looking for pthread_create in pthreads
[1.138s] -- Looking for pthread_create in pthreads - not found
[1.138s] -- Looking for pthread_create in pthread
[1.205s] -- Looking for pthread_create in pthread - found
[1.206s] -- Found Threads: TRUE  
[1.349s] -- Found geometry_msgs: 2.0.4 (/opt/ros/foxy/share/geometry_msgs/cmake)
[1.383s] -- Found ament_lint_auto: 0.9.6 (/opt/ros/foxy/share/ament_lint_auto/cmake)
[1.449s] -- Added test 'copyright' to check source files copyright and LICENSE
[1.450s] -- Added test 'cppcheck' to perform static code analysis on C / C++ code
[1.450s] -- Configured cppcheck include dirs: /home/jesuschrist/projects/beepboop3000/ros2_ws/src/bb3/src/lib
[1.450s] -- Configured cppcheck exclude dirs and/or files: 
[1.451s] -- Added test 'cpplint' to check C / C++ code against the Google style
[1.451s] -- Configured cpplint exclude dirs and/or files: 
[1.452s] -- Added test 'lint_cmake' to check CMake code style
[1.453s] -- Added test 'uncrustify' to check C / C++ code style
[1.453s] -- Configured uncrustify additional arguments: 
[1.453s] -- Added test 'xmllint' to check XML markup files
[1.456s] -- Configuring done
[1.464s] -- Generating done
[1.466s] -- Build files have been written to: /home/jesuschrist/projects/beepboop3000/build/bb3
[1.472s] Invoked command in '/home/jesuschrist/projects/beepboop3000/build/bb3' returned '0': CMAKE_PREFIX_PATH=/opt/ros/foxy /usr/bin/cmake /home/jesuschrist/projects/beepboop3000/ros2_ws/src/bb3 -DCMAKE_INSTALL_PREFIX=/home/jesuschrist/projects/beepboop3000/install/bb3
[1.476s] Invoking command in '/home/jesuschrist/projects/beepboop3000/build/bb3': CMAKE_PREFIX_PATH=/opt/ros/foxy /usr/bin/cmake --build /home/jesuschrist/projects/beepboop3000/build/bb3 -- -j8 -l8
[1.512s] [35m[1mScanning dependencies of target bb3[0m
[1.548s] [ 50%] [32mBuilding CXX object CMakeFiles/bb3.dir/src/main.cpp.o[0m
[1.567s] In file included from [01m[K/home/jesuschrist/projects/beepboop3000/ros2_ws/src/bb3/src/Motor.h:2[m[K,
[1.567s]                  from [01m[K/home/jesuschrist/projects/beepboop3000/ros2_ws/src/bb3/src/Vehicle.h:1[m[K,
[1.567s]                  from [01m[K/home/jesuschrist/projects/beepboop3000/ros2_ws/src/bb3/src/main.cpp:1[m[K:
[1.567s] [01m[K/home/jesuschrist/projects/beepboop3000/ros2_ws/src/bb3/src/pigpio.h:4528:6:[m[K [01;35m[Kwarning: [m[K"/*" within comment [[01;35m[K-Wcomment[m[K]
[1.568s]  4528 | /home/* n
[1.568s]       |       
[1.568s] [01m[K/home/jesuschrist/projects/beepboop3000/ros2_ws/src/bb3/src/pigpio.h:4529:22:[m[K [01;35m[Kwarning: [m[K"/*" within comment [[01;35m[K-Wcomment[m[K]
[1.568s]  4529 | /home/pi/shared/dir_1/* w
[1.568s]       |                       
[1.568s] [01m[K/home/jesuschrist/projects/beepboop3000/ros2_ws/src/bb3/src/pigpio.h:4530:22:[m[K [01;35m[Kwarning: [m[K"/*" within comment [[01;35m[K-Wcomment[m[K]
[1.568s]  4530 | /home/pi/shared/dir_2/* r
[1.568s]       |                       
[1.568s] [01m[K/home/jesuschrist/projects/beepboop3000/ros2_ws/src/bb3/src/pigpio.h:4531:22:[m[K [01;35m[Kwarning: [m[K"/*" within comment [[01;35m[K-Wcomment[m[K]
[1.568s]  4531 | /home/pi/shared/dir_3/* u
[1.569s]       |                       
[1.569s] [01m[K/home/jesuschrist/projects/beepboop3000/ros2_ws/src/bb3/src/pigpio.h:4584:11:[m[K [01;35m[Kwarning: [m[K"/*" within comment [[01;35m[K-Wcomment[m[K]
[1.569s]  4584 |    // /ram/*.c r
[1.569s]       |            
[1.569s] [01m[K/home/jesuschrist/projects/beepboop3000/ros2_ws/src/bb3/src/pigpio.h:4740:11:[m[K [01;35m[Kwarning: [m[K"/*" within comment [[01;35m[K-Wcomment[m[K]
[1.569s]  4740 |    // /ram/*.c r
[1.569s]       |            
[3.073s] [100%] [32m[1mLinking CXX executable bb3[0m
[3.174s] /usr/bin/ld: CMakeFiles/bb3.dir/src/main.cpp.o: in function `main':
[3.174s] main.cpp:(.text+0xd4): undefined reference to `gpioInitialise'
[3.174s] /usr/bin/ld: CMakeFiles/bb3.dir/src/main.cpp.o: in function `Motor::Motor(int, int, int)':
[3.174s] main.cpp:(.text._ZN5MotorC2Eiii[_ZN5MotorC5Eiii]+0x41): undefined reference to `gpioSetMode'
[3.174s] /usr/bin/ld: main.cpp:(.text._ZN5MotorC2Eiii[_ZN5MotorC5Eiii]+0x50): undefined reference to `gpioSetMode'
[3.174s] /usr/bin/ld: main.cpp:(.text._ZN5MotorC2Eiii[_ZN5MotorC5Eiii]+0x5f): undefined reference to `gpioSetMode'
[3.174s] /usr/bin/ld: main.cpp:(.text._ZN5MotorC2Eiii[_ZN5MotorC5Eiii]+0x6b): undefined reference to `Motor::set_off()'
[3.174s] /usr/bin/ld: CMakeFiles/bb3.dir/src/main.cpp.o: in function `void __gnu_cxx::new_allocator<Vehicle>::construct<Vehicle, char const (&) [13], Motor, Motor, Motor, Motor>(Vehicle*, char const (&) [13], Motor&&, Motor&&, Motor&&, Motor&&)':
[3.174s] main.cpp:(.text._ZN9__gnu_cxx13new_allocatorI7VehicleE9constructIS1_JRA13_Kc5MotorS7_S7_S7_EEEvPT_DpOT0_[_ZN9__gnu_cxx13new_allocatorI7VehicleE9constructIS1_JRA13_Kc5MotorS7_S7_S7_EEEvPT_DpOT0_]+0x16b): undefined reference to `Vehicle::Vehicle(std::__cxx11::basic_string<char, std::char_traits<char>, std::allocator<char> >, Motor, Motor, Motor, Motor)'
[3.174s] collect2: error: ld returned 1 exit status
[3.175s] make[2]: *** [CMakeFiles/bb3.dir/build.make:136: bb3] Error 1
[3.176s] make[1]: *** [CMakeFiles/Makefile2:78: CMakeFiles/bb3.dir/all] Error 2
[3.176s] make: *** [Makefile:141: all] Error 2
[3.178s] Invoked command in '/home/jesuschrist/projects/beepboop3000/build/bb3' returned '2': CMAKE_PREFIX_PATH=/opt/ros/foxy /usr/bin/cmake --build /home/jesuschrist/projects/beepboop3000/build/bb3 -- -j8 -l8
