[0.019s] Invoking command in '/home/jesuschrist/projects/beepboop3000/build/bb3': CMAKE_PREFIX_PATH=${CMAKE_PREFIX_PATH}:/opt/ros/foxy /usr/bin/cmake --build /home/jesuschrist/projects/beepboop3000/build/bb3 -- -j8 -l8
[0.043s] -- Found ament_cmake: 0.9.8 (/opt/ros/foxy/share/ament_cmake/cmake)
[0.064s] -- Using PYTHON_EXECUTABLE: /usr/bin/python3
[0.230s] -- Found rclcpp: 2.3.1 (/opt/ros/foxy/share/rclcpp/cmake)
[0.262s] -- Using all available rosidl_typesupport_c: rosidl_typesupport_fastrtps_c;rosidl_typesupport_introspection_c
[0.266s] -- Found rosidl_adapter: 1.2.1 (/opt/ros/foxy/share/rosidl_adapter/cmake)
[0.409s] -- Using all available rosidl_typesupport_cpp: rosidl_typesupport_fastrtps_cpp;rosidl_typesupport_introspection_cpp
[0.465s] -- Found rmw_implementation_cmake: 1.0.3 (/opt/ros/foxy/share/rmw_implementation_cmake/cmake)
[0.467s] -- Using RMW implementation 'rmw_fastrtps_cpp' as default
[0.620s] -- Found geometry_msgs: 2.0.4 (/opt/ros/foxy/share/geometry_msgs/cmake)
[0.720s] -- Configuring done
[0.728s] -- Generating done
[0.730s] -- Build files have been written to: /home/jesuschrist/projects/beepboop3000/build/bb3
[0.774s] [ 50%] [32m[1mLinking CXX executable bb3[0m
[1.029s] [100%] Built target bb3
[1.040s] Invoked command in '/home/jesuschrist/projects/beepboop3000/build/bb3' returned '0': CMAKE_PREFIX_PATH=${CMAKE_PREFIX_PATH}:/opt/ros/foxy /usr/bin/cmake --build /home/jesuschrist/projects/beepboop3000/build/bb3 -- -j8 -l8
[1.073s] Invoking command in '/home/jesuschrist/projects/beepboop3000/build/bb3': CMAKE_PREFIX_PATH=${CMAKE_PREFIX_PATH}:/opt/ros/foxy /usr/bin/cmake --install /home/jesuschrist/projects/beepboop3000/build/bb3
[1.080s] -- Install configuration: ""
[1.080s] -- Installing: /home/jesuschrist/projects/beepboop3000/install/bb3/lib/bb3/bb3
[1.082s] -- Set runtime path of "/home/jesuschrist/projects/beepboop3000/install/bb3/lib/bb3/bb3" to ""
[1.082s] -- Up-to-date: /home/jesuschrist/projects/beepboop3000/install/bb3/share/ament_index/resource_index/package_run_dependencies/bb3
[1.082s] -- Up-to-date: /home/jesuschrist/projects/beepboop3000/install/bb3/share/ament_index/resource_index/parent_prefix_path/bb3
[1.083s] -- Up-to-date: /home/jesuschrist/projects/beepboop3000/install/bb3/share/bb3/environment/ament_prefix_path.sh
[1.083s] -- Installing: /home/jesuschrist/projects/beepboop3000/install/bb3/share/bb3/environment/ament_prefix_path.dsv
[1.083s] -- Up-to-date: /home/jesuschrist/projects/beepboop3000/install/bb3/share/bb3/environment/path.sh
[1.083s] -- Installing: /home/jesuschrist/projects/beepboop3000/install/bb3/share/bb3/environment/path.dsv
[1.083s] -- Up-to-date: /home/jesuschrist/projects/beepboop3000/install/bb3/share/bb3/local_setup.bash
[1.083s] -- Up-to-date: /home/jesuschrist/projects/beepboop3000/install/bb3/share/bb3/local_setup.sh
[1.083s] -- Up-to-date: /home/jesuschrist/projects/beepboop3000/install/bb3/share/bb3/local_setup.zsh
[1.083s] -- Installing: /home/jesuschrist/projects/beepboop3000/install/bb3/share/bb3/local_setup.dsv
[1.083s] -- Installing: /home/jesuschrist/projects/beepboop3000/install/bb3/share/bb3/package.dsv
[1.083s] -- Up-to-date: /home/jesuschrist/projects/beepboop3000/install/bb3/share/ament_index/resource_index/packages/bb3
[1.083s] -- Up-to-date: /home/jesuschrist/projects/beepboop3000/install/bb3/share/bb3/cmake/bb3Config.cmake
[1.083s] -- Up-to-date: /home/jesuschrist/projects/beepboop3000/install/bb3/share/bb3/cmake/bb3Config-version.cmake
[1.083s] -- Up-to-date: /home/jesuschrist/projects/beepboop3000/install/bb3/share/bb3/package.xml
[1.085s] Invoked command in '/home/jesuschrist/projects/beepboop3000/build/bb3' returned '0': CMAKE_PREFIX_PATH=${CMAKE_PREFIX_PATH}:/opt/ros/foxy /usr/bin/cmake --install /home/jesuschrist/projects/beepboop3000/build/bb3
